<Event xmlns='http://schemas.microsoft.com/win/2004/08/events/event'><System><Provider Name='Microsoft-Windows-Security-Auditing' Guid='{54849625-5478-4994-a5ba-3e3b0328c30d}'/><EventID>4672</EventID><Version>0</Version><Level>0</Level><Task>12548</Task><Opcode>0</Opcode><Keywords>0x8020000000000000</Keywords><TimeCreated SystemTime='2026-02-10T17:56:19.0898776Z'/><EventRecordID>1722961</EventRecordID><Correlation/><Execution ProcessID='1232' ThreadID='26896'/><Channel>Security</Channel><Computer>Archisa</Computer><Security/></System><EventData><Data Name='SubjectUserSid'>S-1-5-21-1794839122-2696800983-1176889395-1001</Data><Data Name='SubjectUserName'>archisadas20@gmail.com</Data><Data Name='SubjectDomainName'>MicrosoftAccount</Data><Data Name='SubjectLogonId'>0x34abe59</Data><Data Name='PrivilegeList'>SeSecurityPrivilege
			SeTakeOwnershipPrivilege
			SeLoadDriverPrivilege
			SeBackupPrivilege
			SeRestorePrivilege
			SeDebugPrivilege
			SeSystemEnvironmentPrivilege
			SeImpersonatePrivilege
			SeDelegateSessionUserImpersonatePrivilege</Data></EventData><RenderingInfo Culture='en-GB'><Message>Special privileges assigned to new logon.&#13;&#10;&#13;&#10;Subject:&#13;&#10;&#9;Security ID:&#9;&#9;S-1-5-21-1794839122-2696800983-1176889395-1001&#13;&#10;&#9;Account Name:&#9;&#9;archisadas20@gmail.com&#13;&#10;&#9;Account Domain:&#9;&#9;MicrosoftAccount&#13;&#10;&#9;Logon ID:&#9;&#9;0x34ABE59&#13;&#10;&#13;&#10;Privileges:&#9;&#9;SeSecurityPrivilege&#13;&#10;&#9;&#9;&#9;SeTakeOwnershipPrivilege&#13;&#10;&#9;&#9;&#9;SeLoadDriverPrivilege&#13;&#10;&#9;&#9;&#9;SeBackupPrivilege&#13;&#10;&#9;&#9;&#9;SeRestorePrivilege&#13;&#10;&#9;&#9;&#9;SeDebugPrivilege&#13;&#10;&#9;&#9;&#9;SeSystemEnvironmentPrivilege&#13;&#10;&#9;&#9;&#9;SeImpersonatePrivilege&#13;&#10;&#9;&#9;&#9;SeDelegateSessionUserImpersonatePrivilege</Message><Level>Information</Level><Task>Special Logon</Task><Opcode>Info</Opcode><Channel>Security</Channel><Provider>Microsoft Windows security auditing.</Provider><Keywords><Keyword>Audit Success</Keyword></Keywords></RenderingInfo></Event><Event xmlns='http://schemas.microsoft.com/win/2004/08/events/event'><System><Provider Name='Microsoft-Windows-Security-Auditing' Guid='{54849625-5478-4994-a5ba-3e3b0328c30d}'/><EventID>4672</EventID><Version>0</Version><Level>0</Level><Task>12548</Task><Opcode>0</Opcode><Keywords>0x8020000000000000</Keywords><TimeCreated SystemTime='2026-02-10T17:56:19.0070339Z'/><EventRecordID>1722954</EventRecordID><Correlation ActivityID='{1469d8d3-9929-0002-01e8-69142999dc01}'/><Execution ProcessID='1232' ThreadID='13768'/><Channel>Security</Channel><Computer>Archisa</Computer><Security/></System><EventData><Data Name='SubjectUserSid'>S-1-5-21-1794839122-2696800983-1176889395-1001</Data><Data Name='SubjectUserName'>archisadas20@gmail.com</Data><Data Name='SubjectDomainName'>MicrosoftAccount</Data><Data Name='SubjectLogonId'>0x34ab041</Data><Data Name='PrivilegeList'>SeSecurityPrivilege
			SeTakeOwnershipPrivilege
			SeLoadDriverPrivilege
			SeBackupPrivilege
			SeRestorePrivilege
			SeDebugPrivilege
			SeSystemEnvironmentPrivilege
			SeImpersonatePrivilege
			SeDelegateSessionUserImpersonatePrivilege</Data></EventData><RenderingInfo Culture='en-GB'><Message>Special privileges assigned to new logon.&#13;&#10;&#13;&#10;Subject:&#13;&#10;&#9;Security ID:&#9;&#9;S-1-5-21-1794839122-2696800983-1176889395-1001&#13;&#10;&#9;Account Name:&#9;&#9;archisadas20@gmail.com&#13;&#10;&#9;Account Domain:&#9;&#9;MicrosoftAccount&#13;&#10;&#9;Logon ID:&#9;&#9;0x34AB041&#13;&#10;&#13;&#10;Privileges:&#9;&#9;SeSecurityPrivilege&#13;&#10;&#9;&#9;&#9;SeTakeOwnershipPrivilege&#13;&#10;&#9;&#9;&#9;SeLoadDriverPrivilege&#13;&#10;&#9;&#9;&#9;SeBackupPrivilege&#13;&#10;&#9;&#9;&#9;SeRestorePrivilege&#13;&#10;&#9;&#9;&#9;SeDebugPrivilege&#13;&#10;&#9;&#9;&#9;SeSystemEnvironmentPrivilege&#13;&#10;&#9;&#9;&#9;SeImpersonatePrivilege&#13;&#10;&#9;&#9;&#9;SeDelegateSessionUserImpersonatePrivilege</Message><Level>Information</Level><Task>Special Logon</Task><Opcode>Info</Opcode><Channel>Security</Channel><Provider>Microsoft Windows security auditing.</Provider><Keywords><Keyword>Audit Success</Keyword></Keywords></RenderingInfo></Event><Event xmlns='http://schemas.microsoft.com/win/2004/08/events/event'><System><Provider Name='Microsoft-Windows-Security-Auditing' Guid='{54849625-5478-4994-a5ba-3e3b0328c30d}'/><EventID>4672</EventID><Version>0</Version><Level>0</Level><Task>12548</Task><Opcode>0</Opcode><Keywords>0x8020000000000000</Keywords><TimeCreated SystemTime='2026-02-10T17:55:50.9899685Z'/><EventRecordID>1722879</EventRecordID><Correlation ActivityID='{1469d8d3-9929-0002-01e8-69142999dc01}'/><Execution ProcessID='1232' ThreadID='17948'/><Channel>Security</Channel><Computer>Archisa</Computer><Security/></System><EventData><Data Name='SubjectUserSid'>S-1-5-18</Data><Data Name='SubjectUserName'>SYSTEM</Data><Data Name='SubjectDomainName'>NT AUTHORITY</Data><Data Name='SubjectLogonId'>0x3e7</Data><Data Name='PrivilegeList'>SeAssignPrimaryTokenPrivilege
			SeTcbPrivilege
			SeSecurityPrivilege
			SeTakeOwnershipPrivilege
			SeLoadDriverPrivilege
			SeBackupPrivilege
			SeRestorePrivilege
			SeDebugPrivilege
			SeAuditPrivilege
			SeSystemEnvironmentPrivilege
			SeImpersonatePrivilege
			SeDelegateSessionUserImpersonatePrivilege</Data></EventData><RenderingInfo Culture='en-GB'><Message>Special privileges assigned to new logon.&#13;&#10;&#13;&#10;Subject:&#13;&#10;&#9;Security ID:&#9;&#9;S-1-5-18&#13;&#10;&#9;Account Name:&#9;&#9;SYSTEM&#13;&#10;&#9;Account Domain:&#9;&#9;NT AUTHORITY&#13;&#10;&#9;Logon ID:&#9;&#9;0x3E7&#13;&#10;&#13;&#10;Privileges:&#9;&#9;SeAssignPrimaryTokenPrivilege&#13;&#10;&#9;&#9;&#9;SeTcbPrivilege&#13;&#10;&#9;&#9;&#9;SeSecurityPrivilege&#13;&#10;&#9;&#9;&#9;SeTakeOwnershipPrivilege&#13;&#10;&#9;&#9;&#9;SeLoadDriverPrivilege&#13;&#10;&#9;&#9;&#9;SeBackupPrivilege&#13;&#10;&#9;&#9;&#9;SeRestorePrivilege&#13;&#10;&#9;&#9;&#9;SeDebugPrivilege&#13;&#10;&#9;&#9;&#9;SeAuditPrivilege&#13;&#10;&#9;&#9;&#9;SeSystemEnvironmentPrivilege&#13;&#10;&#9;&#9;&#9;SeImpersonatePrivilege&#13;&#10;&#9;&#9;&#9;SeDelegateSessionUserImpersonatePrivilege</Message><Level>Information</Level><Task>Special Logon</Task><Opcode>Info</Opcode><Channel>Security</Channel><Provider>Microsoft Windows security auditing.</Provider><Keywords><Keyword>Audit Success</Keyword></Keywords></RenderingInfo></Event><Event xmlns='http://schemas.microsoft.com/win/2004/08/events/event'><System><Provider Name='Microsoft-Windows-Security-Auditing' Guid='{54849625-5478-4994-a5ba-3e3b0328c30d}'/><EventID>4672</EventID><Version>0</Version><Level>0</Level><Task>12548</Task><Opcode>0</Opcode><Keywords>0x8020000000000000</Keywords><TimeCreated SystemTime='2026-02-10T17:55:50.5904606Z'/><EventRecordID>1722876</EventRecordID><Correlation ActivityID='{1469d8d3-9929-0002-01e8-69142999dc01}'/><Execution ProcessID='1232' ThreadID='4272'/><Channel>Security</Channel><Computer>Archisa</Computer><Security/></System><EventData><Data Name='SubjectUserSid'>S-1-5-18</Data><Data Name='SubjectUserName'>SYSTEM</Data><Data Name='SubjectDomainName'>NT AUTHORITY</Data><Data Name='SubjectLogonId'>0x3e7</Data><Data Name='PrivilegeList'>SeAssignPrimaryTokenPrivilege
			SeTcbPrivilege
			SeSecurityPrivilege
			SeTakeOwnershipPrivilege
			SeLoadDriverPrivilege
			SeBackupPrivilege
			SeRestorePrivilege
			SeDebugPrivilege
			SeAuditPrivilege
			SeSystemEnvironmentPrivilege
			SeImpersonatePrivilege
			SeDelegateSessionUserImpersonatePrivilege</Data></EventData><RenderingInfo Culture='en-GB'><Message>Special privileges assigned to new logon.&#13;&#10;&#13;&#10;Subject:&#13;&#10;&#9;Security ID:&#9;&#9;S-1-5-18&#13;&#10;&#9;Account Name:&#9;&#9;SYSTEM&#13;&#10;&#9;Account Domain:&#9;&#9;NT AUTHORITY&#13;&#10;&#9;Logon ID:&#9;&#9;0x3E7&#13;&#10;&#13;&#10;Privileges:&#9;&#9;SeAssignPrimaryTokenPrivilege&#13;&#10;&#9;&#9;&#9;SeTcbPrivilege&#13;&#10;&#9;&#9;&#9;SeSecurityPrivilege&#13;&#10;&#9;&#9;&#9;SeTakeOwnershipPrivilege&#13;&#10;&#9;&#9;&#9;SeLoadDriverPrivilege&#13;&#10;&#9;&#9;&#9;SeBackupPrivilege&#13;&#10;&#9;&#9;&#9;SeRestorePrivilege&#13;&#10;&#9;&#9;&#9;SeDebugPrivilege&#13;&#10;&#9;&#9;&#9;SeAuditPrivilege&#13;&#10;&#9;&#9;&#9;SeSystemEnvironmentPrivilege&#13;&#10;&#9;&#9;&#9;SeImpersonatePrivilege&#13;&#10;&#9;&#9;&#9;SeDelegateSessionUserImpersonatePrivilege</Message><Level>Information</Level><Task>Special Logon</Task><Opcode>Info</Opcode><Channel>Security</Channel><Provider>Microsoft Windows security auditing.</Provider><Keywords><Keyword>Audit Success</Keyword></Keywords></RenderingInfo></Event><Event xmlns='http://schemas.microsoft.com/win/2004/08/events/event'><System><Provider Name='Microsoft-Windows-Security-Auditing' Guid='{54849625-5478-4994-a5ba-3e3b0328c30d}'/><EventID>4672</EventID><Version>0</Version><Level>0</Level><Task>12548</Task><Opcode>0</Opcode><Keywords>0x8020000000000000</Keywords><TimeCreated SystemTime='2026-02-10T17:55:45.9948285Z'/><EventRecordID>1722874</EventRecordID><Correlation ActivityID='{1469d8d3-9929-0002-01e8-69142999dc01}'/><Execution ProcessID='1232' ThreadID='4272'/><Channel>Security</Channel><Computer>Archisa</Computer><Security/></System><EventData><Data Name='SubjectUserSid'>S-1-5-18</Data><Data Name='SubjectUserName'>SYSTEM</Data><Data Name='SubjectDomainName'>NT AUTHORITY</Data><Data Name='SubjectLogonId'>0x3e7</Data><Data Name='PrivilegeList'>SeAssignPrimaryTokenPrivilege
			SeTcbPrivilege
			SeSecurityPrivilege
			SeTakeOwnershipPrivilege
			SeLoadDriverPrivilege
			SeBackupPrivilege
			SeRestorePrivilege
			SeDebugPrivilege
			SeAuditPrivilege
			SeSystemEnvironmentPrivilege
			SeImpersonatePrivilege
			SeDelegateSessionUserImpersonatePrivilege</Data></EventData><RenderingInfo Culture='en-GB'><Message>Special privileges assigned to new logon.&#13;&#10;&#13;&#10;Subject:&#13;&#10;&#9;Security ID:&#9;&#9;S-1-5-18&#13;&#10;&#9;Account Name:&#9;&#9;SYSTEM&#13;&#10;&#9;Account Domain:&#9;&#9;NT AUTHORITY&#13;&#10;&#9;Logon ID:&#9;&#9;0x3E7&#13;&#10;&#13;&#10;Privileges:&#9;&#9;SeAssignPrimaryTokenPrivilege&#13;&#10;&#9;&#9;&#9;SeTcbPrivilege&#13;&#10;&#9;&#9;&#9;SeSecurityPrivilege&#13;&#10;&#9;&#9;&#9;SeTakeOwnershipPrivilege&#13;&#10;&#9;&#9;&#9;SeLoadDriverPrivilege&#13;&#10;&#9;&#9;&#9;SeBackupPrivilege&#13;&#10;&#9;&#9;&#9;SeRestorePrivilege&#13;&#10;&#9;&#9;&#9;SeDebugPrivilege&#13;&#10;&#9;&#9;&#9;SeAuditPrivilege&#13;&#10;&#9;&#9;&#9;SeSystemEnvironmentPrivilege&#13;&#10;&#9;&#9;&#9;SeImpersonatePrivilege&#13;&#10;&#9;&#9;&#9;SeDelegateSessionUserImpersonatePrivilege</Message><Level>Information</Level><Task>Special Logon</Task><Opcode>Info</Opcode><Channel>Security</Channel><Provider>Microsoft Windows security auditing.</Provider><Keywords><Keyword>Audit Success</Keyword></Keywords></RenderingInfo></Event><Event xmlns='http://schemas.microsoft.com/win/2004/08/events/event'><System><Provider Name='Microsoft-Windows-Security-Auditing' Guid='{54849625-5478-4994-a5ba-3e3b0328c30d}'/><EventID>4672</EventID><Version>0</Version><Level>0</Level><Task>12548</Task><Opcode>0</Opcode><Keywords>0x8020000000000000</Keywords><TimeCreated SystemTime='2026-02-10T17:50:32.0501974Z'/><EventRecordID>1722868</EventRecordID><Correlation ActivityID='{1469d8d3-9929-0002-01e8-69142999dc01}'/><Execution ProcessID='1232' ThreadID='21988'/><Channel>Security</Channel><Computer>Archisa</Computer><Security/></System><EventData><Data Name='SubjectUserSid'>S-1-5-18</Data><Data Name='SubjectUserName'>SYSTEM</Data><Data Name='SubjectDomainName'>NT AUTHORITY</Data><Data Name='SubjectLogonId'>0x3e7</Data><Data Name='PrivilegeList'>SeAssignPrimaryTokenPrivilege
			SeTcbPrivilege
			SeSecurityPrivilege
			SeTakeOwnershipPrivilege
			SeLoadDriverPrivilege
			SeBackupPrivilege
			SeRestorePrivilege
			SeDebugPrivilege
			SeAuditPrivilege
			SeSystemEnvironmentPrivilege
			SeImpersonatePrivilege
			SeDelegateSessionUserImpersonatePrivilege</Data></EventData><RenderingInfo Culture='en-GB'><Message>Special privileges assigned to new logon.&#13;&#10;&#13;&#10;Subject:&#13;&#10;&#9;Security ID:&#9;&#9;S-1-5-18&#13;&#10;&#9;Account Name:&#9;&#9;SYSTEM&#13;&#10;&#9;Account Domain:&#9;&#9;NT AUTHORITY&#13;&#10;&#9;Logon ID:&#9;&#9;0x3E7&#13;&#10;&#13;&#10;Privileges:&#9;&#9;SeAssignPrimaryTokenPrivilege&#13;&#10;&#9;&#9;&#9;SeTcbPrivilege&#13;&#10;&#9;&#9;&#9;SeSecurityPrivilege&#13;&#10;&#9;&#9;&#9;SeTakeOwnershipPrivilege&#13;&#10;&#9;&#9;&#9;SeLoadDriverPrivilege&#13;&#10;&#9;&#9;&#9;SeBackupPrivilege&#13;&#10;&#9;&#9;&#9;SeRestorePrivilege&#13;&#10;&#9;&#9;&#9;SeDebugPrivilege&#13;&#10;&#9;&#9;&#9;SeAuditPrivilege&#13;&#10;&#9;&#9;&#9;SeSystemEnvironmentPrivilege&#13;&#10;&#9;&#9;&#9;SeImpersonatePrivilege&#13;&#10;&#9;&#9;&#9;SeDelegateSessionUserImpersonatePrivilege</Message><Level>Information</Level><Task>Special Logon</Task><Opcode>Info</Opcode><Channel>Security</Channel><Provider>Microsoft Windows security auditing.</Provider><Keywords><Keyword>Audit Success</Keyword></Keywords></RenderingInfo></Event><Event xmlns='http://schemas.microsoft.com/win/2004/08/events/event'><System><Provider Name='Microsoft-Windows-Security-Auditing' Guid='{54849625-5478-4994-a5ba-3e3b0328c30d}'/><EventID>4672</EventID><Version>0</Version><Level>0</Level><Task>12548</Task><Opcode>0</Opcode><Keywords>0x8020000000000000</Keywords><TimeCreated SystemTime='2026-02-10T17:50:32.0371042Z'/><EventRecordID>1722862</EventRecordID><Correlation/><Execution ProcessID='1232' ThreadID='24832'/><Channel>Security</Channel><Computer>Archisa</Computer><Security/></System><EventData><Data Name='SubjectUserSid'>S-1-5-21-1794839122-2696800983-1176889395-1001</Data><Data Name='SubjectUserName'>archisadas20@gmail.com</Data><Data Name='SubjectDomainName'>MicrosoftAccount</Data><Data Name='SubjectLogonId'>0x33e909f</Data><Data Name='PrivilegeList'>SeSecurityPrivilege
			SeTakeOwnershipPrivilege
			SeLoadDriverPrivilege
			SeBackupPrivilege
			SeRestorePrivilege
			SeDebugPrivilege
			SeSystemEnvironmentPrivilege
			SeImpersonatePrivilege
			SeDelegateSessionUserImpersonatePrivilege</Data></EventData><RenderingInfo Culture='en-GB'><Message>Special privileges assigned to new logon.&#13;&#10;&#13;&#10;Subject:&#13;&#10;&#9;Security ID:&#9;&#9;S-1-5-21-1794839122-2696800983-1176889395-1001&#13;&#10;&#9;Account Name:&#9;&#9;archisadas20@gmail.com&#13;&#10;&#9;Account Domain:&#9;&#9;MicrosoftAccount&#13;&#10;&#9;Logon ID:&#9;&#9;0x33E909F&#13;&#10;&#13;&#10;Privileges:&#9;&#9;SeSecurityPrivilege&#13;&#10;&#9;&#9;&#9;SeTakeOwnershipPrivilege&#13;&#10;&#9;&#9;&#9;SeLoadDriverPrivilege&#13;&#10;&#9;&#9;&#9;SeBackupPrivilege&#13;&#10;&#9;&#9;&#9;SeRestorePrivilege&#13;&#10;&#9;&#9;&#9;SeDebugPrivilege&#13;&#10;&#9;&#9;&#9;SeSystemEnvironmentPrivilege&#13;&#10;&#9;&#9;&#9;SeImpersonatePrivilege&#13;&#10;&#9;&#9;&#9;SeDelegateSessionUserImpersonatePrivilege</Message><Level>Information</Level><Task>Special Logon</Task><Opcode>Info</Opcode><Channel>Security</Channel><Provider>Microsoft Windows security auditing.</Provider><Keywords><Keyword>Audit Success</Keyword></Keywords></RenderingInfo></Event><Event xmlns='http://schemas.microsoft.com/win/2004/08/events/event'><System><Provider Name='Microsoft-Windows-Security-Auditing' Guid='{54849625-5478-4994-a5ba-3e3b0328c30d}'/><EventID>4672</EventID><Version>0</Version><Level>0</Level><Task>12548</Task><Opcode>0</Opcode><Keywords>0x8020000000000000</Keywords><TimeCreated SystemTime='2026-02-10T17:50:31.9978404Z'/><EventRecordID>1722855</EventRecordID><Correlation ActivityID='{1469d8d3-9929-0002-01e8-69142999dc01}'/><Execution ProcessID='1232' ThreadID='4272'/><Channel>Security</Channel><Computer>Archisa</Computer><Security/></System><EventData><Data Name='SubjectUserSid'>S-1-5-21-1794839122-2696800983-1176889395-1001</Data><Data Name='SubjectUserName'>archisadas20@gmail.com</Data><Data Name='SubjectDomainName'>MicrosoftAccount</Data><Data Name='SubjectLogonId'>0x33e88ef</Data><Data Name='PrivilegeList'>SeSecurityPrivilege
			SeTakeOwnershipPrivilege
			SeLoadDriverPrivilege
			SeBackupPrivilege
			SeRestorePrivilege
			SeDebugPrivilege
			SeSystemEnvironmentPrivilege
			SeImpersonatePrivilege
			SeDelegateSessionUserImpersonatePrivilege</Data></EventData><RenderingInfo Culture='en-GB'><Message>Special privileges assigned to new logon.&#13;&#10;&#13;&#10;Subject:&#13;&#10;&#9;Security ID:&#9;&#9;S-1-5-21-1794839122-2696800983-1176889395-1001&#13;&#10;&#9;Account Name:&#9;&#9;archisadas20@gmail.com&#13;&#10;&#9;Account Domain:&#9;&#9;MicrosoftAccount&#13;&#10;&#9;Logon ID:&#9;&#9;0x33E88EF&#13;&#10;&#13;&#10;Privileges:&#9;&#9;SeSecurityPrivilege&#13;&#10;&#9;&#9;&#9;SeTakeOwnershipPrivilege&#13;&#10;&#9;&#9;&#9;SeLoadDriverPrivilege&#13;&#10;&#9;&#9;&#9;SeBackupPrivilege&#13;&#10;&#9;&#9;&#9;SeRestorePrivilege&#13;&#10;&#9;&#9;&#9;SeDebugPrivilege&#13;&#10;&#9;&#9;&#9;SeSystemEnvironmentPrivilege&#13;&#10;&#9;&#9;&#9;SeImpersonatePrivilege&#13;&#10;&#9;&#9;&#9;SeDelegateSessionUserImpersonatePrivilege</Message><Level>Information</Level><Task>Special Logon</Task><Opcode>Info</Opcode><Channel>Security</Channel><Provider>Microsoft Windows security auditing.</Provider><Keywords><Keyword>Audit Success</Keyword></Keywords></RenderingInfo></Event><Event xmlns='http://schemas.microsoft.com/win/2004/08/events/event'><System><Provider Name='Microsoft-Windows-Security-Auditing' Guid='{54849625-5478-4994-a5ba-3e3b0328c30d}'/><EventID>4672</EventID><Version>0</Version><Level>0</Level><Task>12548</Task><Opcode>0</Opcode><Keywords>0x8020000000000000</Keywords><TimeCreated SystemTime='2026-02-10T17:49:48.9199742Z'/><EventRecordID>1722835</EventRecordID><Correlation ActivityID='{1469d8d3-9929-0002-01e8-69142999dc01}'/><Execution ProcessID='1232' ThreadID='26748'/><Channel>Security</Channel><Computer>Archisa</Computer><Security/></System><EventData><Data Name='SubjectUserSid'>S-1-5-18</Data><Data Name='SubjectUserName'>SYSTEM</Data><Data Name='SubjectDomainName'>NT AUTHORITY</Data><Data Name='SubjectLogonId'>0x3e7</Data><Data Name='PrivilegeList'>SeAssignPrimaryTokenPrivilege
			SeTcbPrivilege
			SeSecurityPrivilege
			SeTakeOwnershipPrivilege
			SeLoadDriverPrivilege
			SeBackupPrivilege
			SeRestorePrivilege
			SeDebugPrivilege
			SeAuditPrivilege
			SeSystemEnvironmentPrivilege
			SeImpersonatePrivilege
			SeDelegateSessionUserImpersonatePrivilege</Data></EventData><RenderingInfo Culture='en-GB'><Message>Special privileges assigned to new logon.&#13;&#10;&#13;&#10;Subject:&#13;&#10;&#9;Security ID:&#9;&#9;S-1-5-18&#13;&#10;&#9;Account Name:&#9;&#9;SYSTEM&#13;&#10;&#9;Account Domain:&#9;&#9;NT AUTHORITY&#13;&#10;&#9;Logon ID:&#9;&#9;0x3E7&#13;&#10;&#13;&#10;Privileges:&#9;&#9;SeAssignPrimaryTokenPrivilege&#13;&#10;&#9;&#9;&#9;SeTcbPrivilege&#13;&#10;&#9;&#9;&#9;SeSecurityPrivilege&#13;&#10;&#9;&#9;&#9;SeTakeOwnershipPrivilege&#13;&#10;&#9;&#9;&#9;SeLoadDriverPrivilege&#13;&#10;&#9;&#9;&#9;SeBackupPrivilege&#13;&#10;&#9;&#9;&#9;SeRestorePrivilege&#13;&#10;&#9;&#9;&#9;SeDebugPrivilege&#13;&#10;&#9;&#9;&#9;SeAuditPrivilege&#13;&#10;&#9;&#9;&#9;SeSystemEnvironmentPrivilege&#13;&#10;&#9;&#9;&#9;SeImpersonatePrivilege&#13;&#10;&#9;&#9;&#9;SeDelegateSessionUserImpersonatePrivilege</Message><Level>Information</Level><Task>Special Logon</Task><Opcode>Info</Opcode><Channel>Security</Channel><Provider>Microsoft Windows security auditing.</Provider><Keywords><Keyword>Audit Success</Keyword></Keywords></RenderingInfo></Event><Event xmlns='http://schemas.microsoft.com/win/2004/08/events/event'><System><Provider Name='Microsoft-Windows-Security-Auditing' Guid='{54849625-5478-4994-a5ba-3e3b0328c30d}'/><EventID>4672</EventID><Version>0</Version><Level>0</Level><Task>12548</Task><Opcode>0</Opcode><Keywords>0x8020000000000000</Keywords><TimeCreated SystemTime='2026-02-10T17:49:48.5093107Z'/><EventRecordID>1722832</EventRecordID><Correlation ActivityID='{1469d8d3-9929-0002-01e8-69142999dc01}'/><Execution ProcessID='1232' ThreadID='17948'/><Channel>Security</Channel><Computer>Archisa</Computer><Security/></System><EventData><Data Name='SubjectUserSid'>S-1-5-18</Data><Data Name='SubjectUserName'>SYSTEM</Data><Data Name='SubjectDomainName'>NT AUTHORITY</Data><Data Name='SubjectLogonId'>0x3e7</Data><Data Name='PrivilegeList'>SeAssignPrimaryTokenPrivilege
			SeTcbPrivilege
			SeSecurityPrivilege
			SeTakeOwnershipPrivilege
			SeLoadDriverPrivilege
			SeBackupPrivilege
			SeRestorePrivilege
			SeDebugPrivilege
			SeAuditPrivilege
			SeSystemEnvironmentPrivilege
			SeImpersonatePrivilege
			SeDelegateSessionUserImpersonatePrivilege</Data></EventData><RenderingInfo Culture='en-GB'><Message>Special privileges assigned to new logon.&#13;&#10;&#13;&#10;Subject:&#13;&#10;&#9;Security ID:&#9;&#9;S-1-5-18&#13;&#10;&#9;Account Name:&#9;&#9;SYSTEM&#13;&#10;&#9;Account Domain:&#9;&#9;NT AUTHORITY&#13;&#10;&#9;Logon ID:&#9;&#9;0x3E7&#13;&#10;&#13;&#10;Privileges:&#9;&#9;SeAssignPrimaryTokenPrivilege&#13;&#10;&#9;&#9;&#9;SeTcbPrivilege&#13;&#10;&#9;&#9;&#9;SeSecurityPrivilege&#13;&#10;&#9;&#9;&#9;SeTakeOwnershipPrivilege&#13;&#10;&#9;&#9;&#9;SeLoadDriverPrivilege&#13;&#10;&#9;&#9;&#9;SeBackupPrivilege&#13;&#10;&#9;&#9;&#9;SeRestorePrivilege&#13;&#10;&#9;&#9;&#9;SeDebugPrivilege&#13;&#10;&#9;&#9;&#9;SeAuditPrivilege&#13;&#10;&#9;&#9;&#9;SeSystemEnvironmentPrivilege&#13;&#10;&#9;&#9;&#9;SeImpersonatePrivilege&#13;&#10;&#9;&#9;&#9;SeDelegateSessionUserImpersonatePrivilege</Message><Level>Information</Level><Task>Special Logon</Task><Opcode>Info</Opcode><Channel>Security</Channel><Provider>Microsoft Windows security auditing.</Provider><Keywords><Keyword>Audit Success</Keyword></Keywords></RenderingInfo></Event><Event xmlns='http://schemas.microsoft.com/win/2004/08/events/event'><System><Provider Name='Microsoft-Windows-Security-Auditing' Guid='{54849625-5478-4994-a5ba-3e3b0328c30d}'/><EventID>4672</EventID><Version>0</Version><Level>0</Level><Task>12548</Task><Opcode>0</Opcode><Keywords>0x8020000000000000</Keywords><TimeCreated SystemTime='2026-02-10T17:49:43.8472490Z'/><EventRecordID>1722830</EventRecordID><Correlation ActivityID='{1469d8d3-9929-0002-01e8-69142999dc01}'/><Execution ProcessID='1232' ThreadID='26748'/><Channel>Security</Channel><Computer>Archisa</Computer><Security/></System><EventData><Data Name='SubjectUserSid'>S-1-5-18</Data><Data Name='SubjectUserName'>SYSTEM</Data><Data Name='SubjectDomainName'>NT AUTHORITY</Data><Data Name='SubjectLogonId'>0x3e7</Data><Data Name='PrivilegeList'>SeAssignPrimaryTokenPrivilege
			SeTcbPrivilege
			SeSecurityPrivilege
			SeTakeOwnershipPrivilege
			SeLoadDriverPrivilege
			SeBackupPrivilege
			SeRestorePrivilege
			SeDebugPrivilege
			SeAuditPrivilege
			SeSystemEnvironmentPrivilege
			SeImpersonatePrivilege
			SeDelegateSessionUserImpersonatePrivilege</Data></EventData><RenderingInfo Culture='en-GB'><Message>Special privileges assigned to new logon.&#13;&#10;&#13;&#10;Subject:&#13;&#10;&#9;Security ID:&#9;&#9;S-1-5-18&#13;&#10;&#9;Account Name:&#9;&#9;SYSTEM&#13;&#10;&#9;Account Domain:&#9;&#9;NT AUTHORITY&#13;&#10;&#9;Logon ID:&#9;&#9;0x3E7&#13;&#10;&#13;&#10;Privileges:&#9;&#9;SeAssignPrimaryTokenPrivilege&#13;&#10;&#9;&#9;&#9;SeTcbPrivilege&#13;&#10;&#9;&#9;&#9;SeSecurityPrivilege&#13;&#10;&#9;&#9;&#9;SeTakeOwnershipPrivilege&#13;&#10;&#9;&#9;&#9;SeLoadDriverPrivilege&#13;&#10;&#9;&#9;&#9;SeBackupPrivilege&#13;&#10;&#9;&#9;&#9;SeRestorePrivilege&#13;&#10;&#9;&#9;&#9;SeDebugPrivilege&#13;&#10;&#9;&#9;&#9;SeAuditPrivilege&#13;&#10;&#9;&#9;&#9;SeSystemEnvironmentPrivilege&#13;&#10;&#9;&#9;&#9;SeImpersonatePrivilege&#13;&#10;&#9;&#9;&#9;SeDelegateSessionUserImpersonatePrivilege</Message><Level>Information</Level><Task>Special Logon</Task><Opcode>Info</Opcode><Channel>Security</Channel><Provider>Microsoft Windows security auditing.</Provider><Keywords><Keyword>Audit Success</Keyword></Keywords></RenderingInfo></Event><Event xmlns='http://schemas.microsoft.com/win/2004/08/events/event'><System><Provider Name='Microsoft-Windows-Security-Auditing' Guid='{54849625-5478-4994-a5ba-3e3b0328c30d}'/><EventID>4672</EventID><Version>0</Version><Level>0</Level><Task>12548</Task><Opcode>0</Opcode><Keywords>0x8020000000000000</Keywords><TimeCreated SystemTime='2026-02-10T17:49:43.5174384Z'/><EventRecordID>1722828</EventRecordID><Correlation ActivityID='{1469d8d3-9929-0002-01e8-69142999dc01}'/><Execution ProcessID='1232' ThreadID='21988'/><Channel>Security</Channel><Computer>Archisa</Computer><Security/></System><EventData><Data Name='SubjectUserSid'>S-1-5-18</Data><Data Name='SubjectUserName'>SYSTEM</Data><Data Name='SubjectDomainName'>NT AUTHORITY</Data><Data Name='SubjectLogonId'>0x3e7</Data><Data Name='PrivilegeList'>SeAssignPrimaryTokenPrivilege
			SeTcbPrivilege
			SeSecurityPrivilege
			SeTakeOwnershipPrivilege
			SeLoadDriverPrivilege
			SeBackupPrivilege
			SeRestorePrivilege
			SeDebugPrivilege
			SeAuditPrivilege
			SeSystemEnvironmentPrivilege
			SeImpersonatePrivilege
			SeDelegateSessionUserImpersonatePrivilege</Data></EventData><RenderingInfo Culture='en-GB'><Message>Special privileges assigned to new logon.&#13;&#10;&#13;&#10;Subject:&#13;&#10;&#9;Security ID:&#9;&#9;S-1-5-18&#13;&#10;&#9;Account Name:&#9;&#9;SYSTEM&#13;&#10;&#9;Account Domain:&#9;&#9;NT AUTHORITY&#13;&#10;&#9;Logon ID:&#9;&#9;0x3E7&#13;&#10;&#13;&#10;Privileges:&#9;&#9;SeAssignPrimaryTokenPrivilege&#13;&#10;&#9;&#9;&#9;SeTcbPrivilege&#13;&#10;&#9;&#9;&#9;SeSecurityPrivilege&#13;&#10;&#9;&#9;&#9;SeTakeOwnershipPrivilege&#13;&#10;&#9;&#9;&#9;SeLoadDriverPrivilege&#13;&#10;&#9;&#9;&#9;SeBackupPrivilege&#13;&#10;&#9;&#9;&#9;SeRestorePrivilege&#13;&#10;&#9;&#9;&#9;SeDebugPrivilege&#13;&#10;&#9;&#9;&#9;SeAuditPrivilege&#13;&#10;&#9;&#9;&#9;SeSystemEnvironmentPrivilege&#13;&#10;&#9;&#9;&#9;SeImpersonatePrivilege&#13;&#10;&#9;&#9;&#9;SeDelegateSessionUserImpersonatePrivilege</Message><Level>Information</Level><Task>Special Logon</Task><Opcode>Info</Opcode><Channel>Security</Channel><Provider>Microsoft Windows security auditing.</Provider><Keywords><Keyword>Audit Success</Keyword></Keywords></RenderingInfo></Event><Event xmlns='http://schemas.microsoft.com/win/2004/08/events/event'><System><Provider Name='Microsoft-Windows-Security-Auditing' Guid='{54849625-5478-4994-a5ba-3e3b0328c30d}'/><EventID>4672</EventID><Version>0</Version><Level>0</Level><Task>12548</Task><Opcode>0</Opcode><Keywords>0x8020000000000000</Keywords><TimeCreated SystemTime='2026-02-10T17:48:18.7947016Z'/><EventRecordID>1722809</EventRecordID><Correlation ActivityID='{1469d8d3-9929-0002-01e8-69142999dc01}'/><Execution ProcessID='1232' ThreadID='17948'/><Channel>Security</Channel><Computer>Archisa</Computer><Security/></System><EventData><Data Name='SubjectUserSid'>S-1-5-18</Data><Data Name='SubjectUserName'>SYSTEM</Data><Data Name='SubjectDomainName'>NT AUTHORITY</Data><Data Name='SubjectLogonId'>0x3e7</Data><Data Name='PrivilegeList'>SeAssignPrimaryTokenPrivilege
			SeTcbPrivilege
			SeSecurityPrivilege
			SeTakeOwnershipPrivilege
			SeLoadDriverPrivilege
			SeBackupPrivilege
			SeRestorePrivilege
			SeDebugPrivilege
			SeAuditPrivilege
			SeSystemEnvironmentPrivilege
			SeImpersonatePrivilege
			SeDelegateSessionUserImpersonatePrivilege</Data></EventData><RenderingInfo Culture='en-GB'><Message>Special privileges assigned to new logon.&#13;&#10;&#13;&#10;Subject:&#13;&#10;&#9;Security ID:&#9;&#9;S-1-5-18&#13;&#10;&#9;Account Name:&#9;&#9;SYSTEM&#13;&#10;&#9;Account Domain:&#9;&#9;NT AUTHORITY&#13;&#10;&#9;Logon ID:&#9;&#9;0x3E7&#13;&#10;&#13;&#10;Privileges:&#9;&#9;SeAssignPrimaryTokenPrivilege&#13;&#10;&#9;&#9;&#9;SeTcbPrivilege&#13;&#10;&#9;&#9;&#9;SeSecurityPrivilege&#13;&#10;&#9;&#9;&#9;SeTakeOwnershipPrivilege&#13;&#10;&#9;&#9;&#9;SeLoadDriverPrivilege&#13;&#10;&#9;&#9;&#9;SeBackupPrivilege&#13;&#10;&#9;&#9;&#9;SeRestorePrivilege&#13;&#10;&#9;&#9;&#9;SeDebugPrivilege&#13;&#10;&#9;&#9;&#9;SeAuditPrivilege&#13;&#10;&#9;&#9;&#9;SeSystemEnvironmentPrivilege&#13;&#10;&#9;&#9;&#9;SeImpersonatePrivilege&#13;&#10;&#9;&#9;&#9;SeDelegateSessionUserImpersonatePrivilege</Message><Level>Information</Level><Task>Special Logon</Task><Opcode>Info</Opcode><Channel>Security</Channel><Provider>Microsoft Windows security auditing.</Provider><Keywords><Keyword>Audit Success</Keyword></Keywords></RenderingInfo></Event><Event xmlns='http://schemas.microsoft.com/win/2004/08/events/event'><System><Provider Name='Microsoft-Windows-Security-Auditing' Guid='{54849625-5478-4994-a5ba-3e3b0328c30d}'/><EventID>4672</EventID><Version>0</Version><Level>0</Level><Task>12548</Task><Opcode>0</Opcode><Keywords>0x8020000000000000</Keywords><TimeCreated SystemTime='2026-02-10T17:47:26.7844166Z'/><EventRecordID>1722807</EventRecordID><Correlation ActivityID='{1469d8d3-9929-0002-01e8-69142999dc01}'/><Execution ProcessID='1232' ThreadID='4272'/><Channel>Security</Channel><Computer>Archisa</Computer><Security/></System><EventData><Data Name='SubjectUserSid'>S-1-5-18</Data><Data Name='SubjectUserName'>SYSTEM</Data><Data Name='SubjectDomainName'>NT AUTHORITY</Data><Data Name='SubjectLogonId'>0x3e7</Data><Data Name='PrivilegeList'>SeAssignPrimaryTokenPrivilege
			SeTcbPrivilege
			SeSecurityPrivilege
			SeTakeOwnershipPrivilege
			SeLoadDriverPrivilege
			SeBackupPrivilege
			SeRestorePrivilege
			SeDebugPrivilege
			SeAuditPrivilege
			SeSystemEnvironmentPrivilege
			SeImpersonatePrivilege
			SeDelegateSessionUserImpersonatePrivilege</Data></EventData><RenderingInfo Culture='en-GB'><Message>Special privileges assigned to new logon.&#13;&#10;&#13;&#10;Subject:&#13;&#10;&#9;Security ID:&#9;&#9;S-1-5-18&#13;&#10;&#9;Account Name:&#9;&#9;SYSTEM&#13;&#10;&#9;Account Domain:&#9;&#9;NT AUTHORITY&#13;&#10;&#9;Logon ID:&#9;&#9;0x3E7&#13;&#10;&#13;&#10;Privileges:&#9;&#9;SeAssignPrimaryTokenPrivilege&#13;&#10;&#9;&#9;&#9;SeTcbPrivilege&#13;&#10;&#9;&#9;&#9;SeSecurityPrivilege&#13;&#10;&#9;&#9;&#9;SeTakeOwnershipPrivilege&#13;&#10;&#9;&#9;&#9;SeLoadDriverPrivilege&#13;&#10;&#9;&#9;&#9;SeBackupPrivilege&#13;&#10;&#9;&#9;&#9;SeRestorePrivilege&#13;&#10;&#9;&#9;&#9;SeDebugPrivilege&#13;&#10;&#9;&#9;&#9;SeAuditPrivilege&#13;&#10;&#9;&#9;&#9;SeSystemEnvironmentPrivilege&#13;&#10;&#9;&#9;&#9;SeImpersonatePrivilege&#13;&#10;&#9;&#9;&#9;SeDelegateSessionUserImpersonatePrivilege</Message><Level>Information</Level><Task>Special Logon</Task><Opcode>Info</Opcode><Channel>Security</Channel><Provider>Microsoft Windows security auditing.</Provider><Keywords><Keyword>Audit Success</Keyword></Keywords></RenderingInfo></Event><Event xmlns='http://schemas.microsoft.com/win/2004/08/events/event'><System><Provider Name='Microsoft-Windows-Security-Auditing' Guid='{54849625-5478-4994-a5ba-3e3b0328c30d}'/><EventID>4672</EventID><Version>0</Version><Level>0</Level><Task>12548</Task><Opcode>0</Opcode><Keywords>0x8020000000000000</Keywords><TimeCreated SystemTime='2026-02-10T17:45:36.4484629Z'/><EventRecordID>1722801</EventRecordID><Correlation ActivityID='{1469d8d3-9929-0002-01e8-69142999dc01}'/><Execution ProcessID='1232' ThreadID='21988'/><Channel>Security</Channel><Computer>Archisa</Computer><Security/></System><EventData><Data Name='SubjectUserSid'>S-1-5-18</Data><Data Name='SubjectUserName'>SYSTEM</Data><Data Name='SubjectDomainName'>NT AUTHORITY</Data><Data Name='SubjectLogonId'>0x3e7</Data><Data Name='PrivilegeList'>SeAssignPrimaryTokenPrivilege
			SeTcbPrivilege
			SeSecurityPrivilege
			SeTakeOwnershipPrivilege
			SeLoadDriverPrivilege
			SeBackupPrivilege
			SeRestorePrivilege
			SeDebugPrivilege
			SeAuditPrivilege
			SeSystemEnvironmentPrivilege
			SeImpersonatePrivilege
			SeDelegateSessionUserImpersonatePrivilege</Data></EventData><RenderingInfo Culture='en-GB'><Message>Special privileges assigned to new logon.&#13;&#10;&#13;&#10;Subject:&#13;&#10;&#9;Security ID:&#9;&#9;S-1-5-18&#13;&#10;&#9;Account Name:&#9;&#9;SYSTEM&#13;&#10;&#9;Account Domain:&#9;&#9;NT AUTHORITY&#13;&#10;&#9;Logon ID:&#9;&#9;0x3E7&#13;&#10;&#13;&#10;Privileges:&#9;&#9;SeAssignPrimaryTokenPrivilege&#13;&#10;&#9;&#9;&#9;SeTcbPrivilege&#13;&#10;&#9;&#9;&#9;SeSecurityPrivilege&#13;&#10;&#9;&#9;&#9;SeTakeOwnershipPrivilege&#13;&#10;&#9;&#9;&#9;SeLoadDriverPrivilege&#13;&#10;&#9;&#9;&#9;SeBackupPrivilege&#13;&#10;&#9;&#9;&#9;SeRestorePrivilege&#13;&#10;&#9;&#9;&#9;SeDebugPrivilege&#13;&#10;&#9;&#9;&#9;SeAuditPrivilege&#13;&#10;&#9;&#9;&#9;SeSystemEnvironmentPrivilege&#13;&#10;&#9;&#9;&#9;SeImpersonatePrivilege&#13;&#10;&#9;&#9;&#9;SeDelegateSessionUserImpersonatePrivilege</Message><Level>Information</Level><Task>Special Logon</Task><Opcode>Info</Opcode><Channel>Security</Channel><Provider>Microsoft Windows security auditing.</Provider><Keywords><Keyword>Audit Success</Keyword></Keywords></RenderingInfo></Event><Event xmlns='http://schemas.microsoft.com/win/2004/08/events/event'><System><Provider Name='Microsoft-Windows-Security-Auditing' Guid='{54849625-5478-4994-a5ba-3e3b0328c30d}'/><EventID>4672</EventID><Version>0</Version><Level>0</Level><Task>12548</Task><Opcode>0</Opcode><Keywords>0x8020000000000000</Keywords><TimeCreated SystemTime='2026-02-10T17:43:37.2476847Z'/><EventRecordID>1722786</EventRecordID><Correlation ActivityID='{1469d8d3-9929-0002-01e8-69142999dc01}'/><Execution ProcessID='1232' ThreadID='12224'/><Channel>Security</Channel><Computer>Archisa</Computer><Security/></System><EventData><Data Name='SubjectUserSid'>S-1-5-18</Data><Data Name='SubjectUserName'>SYSTEM</Data><Data Name='SubjectDomainName'>NT AUTHORITY</Data><Data Name='SubjectLogonId'>0x3e7</Data><Data Name='PrivilegeList'>SeAssignPrimaryTokenPrivilege
			SeTcbPrivilege
			SeSecurityPrivilege
			SeTakeOwnershipPrivilege
			SeLoadDriverPrivilege
			SeBackupPrivilege
			SeRestorePrivilege
			SeDebugPrivilege
			SeAuditPrivilege
			SeSystemEnvironmentPrivilege
			SeImpersonatePrivilege
			SeDelegateSessionUserImpersonatePrivilege</Data></EventData><RenderingInfo Culture='en-GB'><Message>Special privileges assigned to new logon.&#13;&#10;&#13;&#10;Subject:&#13;&#10;&#9;Security ID:&#9;&#9;S-1-5-18&#13;&#10;&#9;Account Name:&#9;&#9;SYSTEM&#13;&#10;&#9;Account Domain:&#9;&#9;NT AUTHORITY&#13;&#10;&#9;Logon ID:&#9;&#9;0x3E7&#13;&#10;&#13;&#10;Privileges:&#9;&#9;SeAssignPrimaryTokenPrivilege&#13;&#10;&#9;&#9;&#9;SeTcbPrivilege&#13;&#10;&#9;&#9;&#9;SeSecurityPrivilege&#13;&#10;&#9;&#9;&#9;SeTakeOwnershipPrivilege&#13;&#10;&#9;&#9;&#9;SeLoadDriverPrivilege&#13;&#10;&#9;&#9;&#9;SeBackupPrivilege&#13;&#10;&#9;&#9;&#9;SeRestorePrivilege&#13;&#10;&#9;&#9;&#9;SeDebugPrivilege&#13;&#10;&#9;&#9;&#9;SeAuditPrivilege&#13;&#10;&#9;&#9;&#9;SeSystemEnvironmentPrivilege&#13;&#10;&#9;&#9;&#9;SeImpersonatePrivilege&#13;&#10;&#9;&#9;&#9;SeDelegateSessionUserImpersonatePrivilege</Message><Level>Information</Level><Task>Special Logon</Task><Opcode>Info</Opcode><Channel>Security</Channel><Provider>Microsoft Windows security auditing.</Provider><Keywords><Keyword>Audit Success</Keyword></Keywords></RenderingInfo></Event><Event xmlns='http://schemas.microsoft.com/win/2004/08/events/event'><System><Provider Name='Microsoft-Windows-Security-Auditing' Guid='{54849625-5478-4994-a5ba-3e3b0328c30d}'/><EventID>4672</EventID><Version>0</Version><Level>0</Level><Task>12548</Task><Opcode>0</Opcode><Keywords>0x8020000000000000</Keywords><TimeCreated SystemTime='2026-02-10T17:38:41.3531306Z'/><EventRecordID>1722772</EventRecordID><Correlation ActivityID='{1469d8d3-9929-0002-01e8-69142999dc01}'/><Execution ProcessID='1232' ThreadID='14096'/><Channel>Security</Channel><Computer>Archisa</Computer><Security/></System><EventData><Data Name='SubjectUserSid'>S-1-5-18</Data><Data Name='SubjectUserName'>SYSTEM</Data><Data Name='SubjectDomainName'>NT AUTHORITY</Data><Data Name='SubjectLogonId'>0x3e7</Data><Data Name='PrivilegeList'>SeAssignPrimaryTokenPrivilege
			SeTcbPrivilege
			SeSecurityPrivilege
			SeTakeOwnershipPrivilege
			SeLoadDriverPrivilege
			SeBackupPrivilege
			SeRestorePrivilege
			SeDebugPrivilege
			SeAuditPrivilege
			SeSystemEnvironmentPrivilege
			SeImpersonatePrivilege
			SeDelegateSessionUserImpersonatePrivilege</Data></EventData><RenderingInfo Culture='en-GB'><Message>Special privileges assigned to new logon.&#13;&#10;&#13;&#10;Subject:&#13;&#10;&#9;Security ID:&#9;&#9;S-1-5-18&#13;&#10;&#9;Account Name:&#9;&#9;SYSTEM&#13;&#10;&#9;Account Domain:&#9;&#9;NT AUTHORITY&#13;&#10;&#9;Logon ID:&#9;&#9;0x3E7&#13;&#10;&#13;&#10;Privileges:&#9;&#9;SeAssignPrimaryTokenPrivilege&#13;&#10;&#9;&#9;&#9;SeTcbPrivilege&#13;&#10;&#9;&#9;&#9;SeSecurityPrivilege&#13;&#10;&#9;&#9;&#9;SeTakeOwnershipPrivilege&#13;&#10;&#9;&#9;&#9;SeLoadDriverPrivilege&#13;&#10;&#9;&#9;&#9;SeBackupPrivilege&#13;&#10;&#9;&#9;&#9;SeRestorePrivilege&#13;&#10;&#9;&#9;&#9;SeDebugPrivilege&#13;&#10;&#9;&#9;&#9;SeAuditPrivilege&#13;&#10;&#9;&#9;&#9;SeSystemEnvironmentPrivilege&#13;&#10;&#9;&#9;&#9;SeImpersonatePrivilege&#13;&#10;&#9;&#9;&#9;SeDelegateSessionUserImpersonatePrivilege</Message><Level>Information</Level><Task>Special Logon</Task><Opcode>Info</Opcode><Channel>Security</Channel><Provider>Microsoft Windows security auditing.</Provider><Keywords><Keyword>Audit Success</Keyword></Keywords></RenderingInfo></Event><Event xmlns='http://schemas.microsoft.com/win/2004/08/events/event'><System><Provider Name='Microsoft-Windows-Security-Auditing' Guid='{54849625-5478-4994-a5ba-3e3b0328c30d}'/><EventID>4672</EventID><Version>0</Version><Level>0</Level><Task>12548</Task><Opcode>0</Opcode><Keywords>0x8020000000000000</Keywords><TimeCreated SystemTime='2026-02-10T17:34:10.7485411Z'/><EventRecordID>1722700</EventRecordID><Correlation ActivityID='{1469d8d3-9929-0002-01e8-69142999dc01}'/><Execution ProcessID='1232' ThreadID='4272'/><Channel>Security</Channel><Computer>Archisa</Computer><Security/></System><EventData><Data Name='SubjectUserSid'>S-1-5-18</Data><Data Name='SubjectUserName'>SYSTEM</Data><Data Name='SubjectDomainName'>NT AUTHORITY</Data><Data Name='SubjectLogonId'>0x3e7</Data><Data Name='PrivilegeList'>SeAssignPrimaryTokenPrivilege
			SeTcbPrivilege
			SeSecurityPrivilege
			SeTakeOwnershipPrivilege
			SeLoadDriverPrivilege
			SeBackupPrivilege
			SeRestorePrivilege
			SeDebugPrivilege
			SeAuditPrivilege
			SeSystemEnvironmentPrivilege
			SeImpersonatePrivilege
			SeDelegateSessionUserImpersonatePrivilege</Data></EventData><RenderingInfo Culture='en-GB'><Message>Special privileges assigned to new logon.&#13;&#10;&#13;&#10;Subject:&#13;&#10;&#9;Security ID:&#9;&#9;S-1-5-18&#13;&#10;&#9;Account Name:&#9;&#9;SYSTEM&#13;&#10;&#9;Account Domain:&#9;&#9;NT AUTHORITY&#13;&#10;&#9;Logon ID:&#9;&#9;0x3E7&#13;&#10;&#13;&#10;Privileges:&#9;&#9;SeAssignPrimaryTokenPrivilege&#13;&#10;&#9;&#9;&#9;SeTcbPrivilege&#13;&#10;&#9;&#9;&#9;SeSecurityPrivilege&#13;&#10;&#9;&#9;&#9;SeTakeOwnershipPrivilege&#13;&#10;&#9;&#9;&#9;SeLoadDriverPrivilege&#13;&#10;&#9;&#9;&#9;SeBackupPrivilege&#13;&#10;&#9;&#9;&#9;SeRestorePrivilege&#13;&#10;&#9;&#9;&#9;SeDebugPrivilege&#13;&#10;&#9;&#9;&#9;SeAuditPrivilege&#13;&#10;&#9;&#9;&#9;SeSystemEnvironmentPrivilege&#13;&#10;&#9;&#9;&#9;SeImpersonatePrivilege&#13;&#10;&#9;&#9;&#9;SeDelegateSessionUserImpersonatePrivilege</Message><Level>Information</Level><Task>Special Logon</Task><Opcode>Info</Opcode><Channel>Security</Channel><Provider>Microsoft Windows security auditing.</Provider><Keywords><Keyword>Audit Success</Keyword></Keywords></RenderingInfo></Event><Event xmlns='http://schemas.microsoft.com/win/2004/08/events/event'><System><Provider Name='Microsoft-Windows-Security-Auditing' Guid='{54849625-5478-4994-a5ba-3e3b0328c30d}'/><EventID>4672</EventID><Version>0</Version><Level>0</Level><Task>12548</Task><Opcode>0</Opcode><Keywords>0x8020000000000000</Keywords><TimeCreated SystemTime='2026-02-10T17:34:10.5501156Z'/><EventRecordID>1722694</EventRecordID><Correlation/><Execution ProcessID='1232' ThreadID='23252'/><Channel>Security</Channel><Computer>Archisa</Computer><Security/></System><EventData><Data Name='SubjectUserSid'>S-1-5-21-1794839122-2696800983-1176889395-1001</Data><Data Name='SubjectUserName'>archisadas20@gmail.com</Data><Data Name='SubjectDomainName'>MicrosoftAccount</Data><Data Name='SubjectLogonId'>0x31e71d9</Data><Data Name='PrivilegeList'>SeSecurityPrivilege
			SeTakeOwnershipPrivilege
			SeLoadDriverPrivilege
			SeBackupPrivilege
			SeRestorePrivilege
			SeDebugPrivilege
			SeSystemEnvironmentPrivilege
			SeImpersonatePrivilege
			SeDelegateSessionUserImpersonatePrivilege</Data></EventData><RenderingInfo Culture='en-GB'><Message>Special privileges assigned to new logon.&#13;&#10;&#13;&#10;Subject:&#13;&#10;&#9;Security ID:&#9;&#9;S-1-5-21-1794839122-2696800983-1176889395-1001&#13;&#10;&#9;Account Name:&#9;&#9;archisadas20@gmail.com&#13;&#10;&#9;Account Domain:&#9;&#9;MicrosoftAccount&#13;&#10;&#9;Logon ID:&#9;&#9;0x31E71D9&#13;&#10;&#13;&#10;Privileges:&#9;&#9;SeSecurityPrivilege&#13;&#10;&#9;&#9;&#9;SeTakeOwnershipPrivilege&#13;&#10;&#9;&#9;&#9;SeLoadDriverPrivilege&#13;&#10;&#9;&#9;&#9;SeBackupPrivilege&#13;&#10;&#9;&#9;&#9;SeRestorePrivilege&#13;&#10;&#9;&#9;&#9;SeDebugPrivilege&#13;&#10;&#9;&#9;&#9;SeSystemEnvironmentPrivilege&#13;&#10;&#9;&#9;&#9;SeImpersonatePrivilege&#13;&#10;&#9;&#9;&#9;SeDelegateSessionUserImpersonatePrivilege</Message><Level>Information</Level><Task>Special Logon</Task><Opcode>Info</Opcode><Channel>Security</Channel><Provider>Microsoft Windows security auditing.</Provider><Keywords><Keyword>Audit Success</Keyword></Keywords></RenderingInfo></Event><Event xmlns='http://schemas.microsoft.com/win/2004/08/events/event'><System><Provider Name='Microsoft-Windows-Security-Auditing' Guid='{54849625-5478-4994-a5ba-3e3b0328c30d}'/><EventID>4672</EventID><Version>0</Version><Level>0</Level><Task>12548</Task><Opcode>0</Opcode><Keywords>0x8020000000000000</Keywords><TimeCreated SystemTime='2026-02-10T17:34:10.5366384Z'/><EventRecordID>1722689</EventRecordID><Correlation ActivityID='{1469d8d3-9929-0002-01e8-69142999dc01}'/><Execution ProcessID='1232' ThreadID='4284'/><Channel>Security</Channel><Computer>Archisa</Computer><Security/></System><EventData><Data Name='SubjectUserSid'>S-1-5-18</Data><Data Name='SubjectUserName'>SYSTEM</Data><Data Name='SubjectDomainName'>NT AUTHORITY</Data><Data Name='SubjectLogonId'>0x3e7</Data><Data Name='PrivilegeList'>SeAssignPrimaryTokenPrivilege
			SeTcbPrivilege
			SeSecurityPrivilege
			SeTakeOwnershipPrivilege
			SeLoadDriverPrivilege
			SeBackupPrivilege
			SeRestorePrivilege
			SeDebugPrivilege
			SeAuditPrivilege
			SeSystemEnvironmentPrivilege
			SeImpersonatePrivilege
			SeDelegateSessionUserImpersonatePrivilege</Data></EventData><RenderingInfo Culture='en-GB'><Message>Special privileges assigned to new logon.&#13;&#10;&#13;&#10;Subject:&#13;&#10;&#9;Security ID:&#9;&#9;S-1-5-18&#13;&#10;&#9;Account Name:&#9;&#9;SYSTEM&#13;&#10;&#9;Account Domain:&#9;&#9;NT AUTHORITY&#13;&#10;&#9;Logon ID:&#9;&#9;0x3E7&#13;&#10;&#13;&#10;Privileges:&#9;&#9;SeAssignPrimaryTokenPrivilege&#13;&#10;&#9;&#9;&#9;SeTcbPrivilege&#13;&#10;&#9;&#9;&#9;SeSecurityPrivilege&#13;&#10;&#9;&#9;&#9;SeTakeOwnershipPrivilege&#13;&#10;&#9;&#9;&#9;SeLoadDriverPrivilege&#13;&#10;&#9;&#9;&#9;SeBackupPrivilege&#13;&#10;&#9;&#9;&#9;SeRestorePrivilege&#13;&#10;&#9;&#9;&#9;SeDebugPrivilege&#13;&#10;&#9;&#9;&#9;SeAuditPrivilege&#13;&#10;&#9;&#9;&#9;SeSystemEnvironmentPrivilege&#13;&#10;&#9;&#9;&#9;SeImpersonatePrivilege&#13;&#10;&#9;&#9;&#9;SeDelegateSessionUserImpersonatePrivilege</Message><Level>Information</Level><Task>Special Logon</Task><Opcode>Info</Opcode><Channel>Security</Channel><Provider>Microsoft Windows security auditing.</Provider><Keywords><Keyword>Audit Success</Keyword></Keywords></RenderingInfo></Event><Event xmlns='http://schemas.microsoft.com/win/2004/08/events/event'><System><Provider Name='Microsoft-Windows-Security-Auditing' Guid='{54849625-5478-4994-a5ba-3e3b0328c30d}'/><EventID>4672</EventID><Version>0</Version><Level>0</Level><Task>12548</Task><Opcode>0</Opcode><Keywords>0x8020000000000000</Keywords><TimeCreated SystemTime='2026-02-10T17:34:10.5003093Z'/><EventRecordID>1722685</EventRecordID><Correlation ActivityID='{1469d8d3-9929-0002-01e8-69142999dc01}'/><Execution ProcessID='1232' ThreadID='26016'/><Channel>Security</Channel><Computer>Archisa</Computer><Security/></System><EventData><Data Name='SubjectUserSid'>S-1-5-21-1794839122-2696800983-1176889395-1001</Data><Data Name='SubjectUserName'>archisadas20@gmail.com</Data><Data Name='SubjectDomainName'>MicrosoftAccount</Data><Data Name='SubjectLogonId'>0x31e62aa</Data><Data Name='PrivilegeList'>SeSecurityPrivilege
			SeTakeOwnershipPrivilege
			SeLoadDriverPrivilege
			SeBackupPrivilege
			SeRestorePrivilege
			SeDebugPrivilege
			SeSystemEnvironmentPrivilege
			SeImpersonatePrivilege
			SeDelegateSessionUserImpersonatePrivilege</Data></EventData><RenderingInfo Culture='en-GB'><Message>Special privileges assigned to new logon.&#13;&#10;&#13;&#10;Subject:&#13;&#10;&#9;Security ID:&#9;&#9;S-1-5-21-1794839122-2696800983-1176889395-1001&#13;&#10;&#9;Account Name:&#9;&#9;archisadas20@gmail.com&#13;&#10;&#9;Account Domain:&#9;&#9;MicrosoftAccount&#13;&#10;&#9;Logon ID:&#9;&#9;0x31E62AA&#13;&#10;&#13;&#10;Privileges:&#9;&#9;SeSecurityPrivilege&#13;&#10;&#9;&#9;&#9;SeTakeOwnershipPrivilege&#13;&#10;&#9;&#9;&#9;SeLoadDriverPrivilege&#13;&#10;&#9;&#9;&#9;SeBackupPrivilege&#13;&#10;&#9;&#9;&#9;SeRestorePrivilege&#13;&#10;&#9;&#9;&#9;SeDebugPrivilege&#13;&#10;&#9;&#9;&#9;SeSystemEnvironmentPrivilege&#13;&#10;&#9;&#9;&#9;SeImpersonatePrivilege&#13;&#10;&#9;&#9;&#9;SeDelegateSessionUserImpersonatePrivilege</Message><Level>Information</Level><Task>Special Logon</Task><Opcode>Info</Opcode><Channel>Security</Channel><Provider>Microsoft Windows security auditing.</Provider><Keywords><Keyword>Audit Success</Keyword></Keywords></RenderingInfo></Event><Event xmlns='http://schemas.microsoft.com/win/2004/08/events/event'><System><Provider Name='Microsoft-Windows-Security-Auditing' Guid='{54849625-5478-4994-a5ba-3e3b0328c30d}'/><EventID>4672</EventID><Version>0</Version><Level>0</Level><Task>12548</Task><Opcode>0</Opcode><Keywords>0x8020000000000000</Keywords><TimeCreated SystemTime='2026-02-10T17:33:17.3286693Z'/><EventRecordID>1722677</EventRecordID><Correlation ActivityID='{1469d8d3-9929-0002-01e8-69142999dc01}'/><Execution ProcessID='1232' ThreadID='22724'/><Channel>Security</Channel><Computer>Archisa</Computer><Security/></System><EventData><Data Name='SubjectUserSid'>S-1-5-18</Data><Data Name='SubjectUserName'>SYSTEM</Data><Data Name='SubjectDomainName'>NT AUTHORITY</Data><Data Name='SubjectLogonId'>0x3e7</Data><Data Name='PrivilegeList'>SeAssignPrimaryTokenPrivilege
			SeTcbPrivilege
			SeSecurityPrivilege
			SeTakeOwnershipPrivilege
			SeLoadDriverPrivilege
			SeBackupPrivilege
			SeRestorePrivilege
			SeDebugPrivilege
			SeAuditPrivilege
			SeSystemEnvironmentPrivilege
			SeImpersonatePrivilege
			SeDelegateSessionUserImpersonatePrivilege</Data></EventData><RenderingInfo Culture='en-GB'><Message>Special privileges assigned to new logon.&#13;&#10;&#13;&#10;Subject:&#13;&#10;&#9;Security ID:&#9;&#9;S-1-5-18&#13;&#10;&#9;Account Name:&#9;&#9;SYSTEM&#13;&#10;&#9;Account Domain:&#9;&#9;NT AUTHORITY&#13;&#10;&#9;Logon ID:&#9;&#9;0x3E7&#13;&#10;&#13;&#10;Privileges:&#9;&#9;SeAssignPrimaryTokenPrivilege&#13;&#10;&#9;&#9;&#9;SeTcbPrivilege&#13;&#10;&#9;&#9;&#9;SeSecurityPrivilege&#13;&#10;&#9;&#9;&#9;SeTakeOwnershipPrivilege&#13;&#10;&#9;&#9;&#9;SeLoadDriverPrivilege&#13;&#10;&#9;&#9;&#9;SeBackupPrivilege&#13;&#10;&#9;&#9;&#9;SeRestorePrivilege&#13;&#10;&#9;&#9;&#9;SeDebugPrivilege&#13;&#10;&#9;&#9;&#9;SeAuditPrivilege&#13;&#10;&#9;&#9;&#9;SeSystemEnvironmentPrivilege&#13;&#10;&#9;&#9;&#9;SeImpersonatePrivilege&#13;&#10;&#9;&#9;&#9;SeDelegateSessionUserImpersonatePrivilege</Message><Level>Information</Level><Task>Special Logon</Task><Opcode>Info</Opcode><Channel>Security</Channel><Provider>Microsoft Windows security auditing.</Provider><Keywords><Keyword>Audit Success</Keyword></Keywords></RenderingInfo></Event>