<Event xmlns='http://schemas.microsoft.com/win/2004/08/events/event'><System><Provider Name='Microsoft-Windows-Security-Auditing' Guid='{54849625-5478-4994-a5ba-3e3b0328c30d}'/><EventID>4672</EventID><Version>0</Version><Level>0</Level><Task>12548</Task><Opcode>0</Opcode><Keywords>0x8020000000000000</Keywords><TimeCreated SystemTime='2026-02-11T09:03:21.4992052Z'/><EventRecordID>1727591</EventRecordID><Correlation/><Execution ProcessID='1232' ThreadID='14796'/><Channel>Security</Channel><Computer>Archisa</Computer><Security/></System><EventData><Data Name='SubjectUserSid'>S-1-5-21-1794839122-2696800983-1176889395-1001</Data><Data Name='SubjectUserName'>archisadas20@gmail.com</Data><Data Name='SubjectDomainName'>MicrosoftAccount</Data><Data Name='SubjectLogonId'>0x5d52ae6</Data><Data Name='PrivilegeList'>SeSecurityPrivilege
			SeTakeOwnershipPrivilege
			SeLoadDriverPrivilege
			SeBackupPrivilege
			SeRestorePrivilege
			SeDebugPrivilege
			SeSystemEnvironmentPrivilege
			SeImpersonatePrivilege
			SeDelegateSessionUserImpersonatePrivilege</Data></EventData><RenderingInfo Culture='en-GB'><Message>Special privileges assigned to new logon.&#13;&#10;&#13;&#10;Subject:&#13;&#10;&#9;Security ID:&#9;&#9;S-1-5-21-1794839122-2696800983-1176889395-1001&#13;&#10;&#9;Account Name:&#9;&#9;archisadas20@gmail.com&#13;&#10;&#9;Account Domain:&#9;&#9;MicrosoftAccount&#13;&#10;&#9;Logon ID:&#9;&#9;0x5D52AE6&#13;&#10;&#13;&#10;Privileges:&#9;&#9;SeSecurityPrivilege&#13;&#10;&#9;&#9;&#9;SeTakeOwnershipPrivilege&#13;&#10;&#9;&#9;&#9;SeLoadDriverPrivilege&#13;&#10;&#9;&#9;&#9;SeBackupPrivilege&#13;&#10;&#9;&#9;&#9;SeRestorePrivilege&#13;&#10;&#9;&#9;&#9;SeDebugPrivilege&#13;&#10;&#9;&#9;&#9;SeSystemEnvironmentPrivilege&#13;&#10;&#9;&#9;&#9;SeImpersonatePrivilege&#13;&#10;&#9;&#9;&#9;SeDelegateSessionUserImpersonatePrivilege</Message><Level>Information</Level><Task>Special Logon</Task><Opcode>Info</Opcode><Channel>Security</Channel><Provider>Microsoft Windows security auditing.</Provider><Keywords><Keyword>Audit Success</Keyword></Keywords></RenderingInfo></Event><Event xmlns='http://schemas.microsoft.com/win/2004/08/events/event'><System><Provider Name='Microsoft-Windows-Security-Auditing' Guid='{54849625-5478-4994-a5ba-3e3b0328c30d}'/><EventID>4672</EventID><Version>0</Version><Level>0</Level><Task>12548</Task><Opcode>0</Opcode><Keywords>0x8020000000000000</Keywords><TimeCreated SystemTime='2026-02-11T09:03:21.4552090Z'/><EventRecordID>1727584</EventRecordID><Correlation ActivityID='{1469d8d3-9929-0002-01e8-69142999dc01}'/><Execution ProcessID='1232' ThreadID='16632'/><Channel>Security</Channel><Computer>Archisa</Computer><Security/></System><EventData><Data Name='SubjectUserSid'>S-1-5-21-1794839122-2696800983-1176889395-1001</Data><Data Name='SubjectUserName'>archisadas20@gmail.com</Data><Data Name='SubjectDomainName'>MicrosoftAccount</Data><Data Name='SubjectLogonId'>0x5d51c6f</Data><Data Name='PrivilegeList'>SeSecurityPrivilege
			SeTakeOwnershipPrivilege
			SeLoadDriverPrivilege
			SeBackupPrivilege
			SeRestorePrivilege
			SeDebugPrivilege
			SeSystemEnvironmentPrivilege
			SeImpersonatePrivilege
			SeDelegateSessionUserImpersonatePrivilege</Data></EventData><RenderingInfo Culture='en-GB'><Message>Special privileges assigned to new logon.&#13;&#10;&#13;&#10;Subject:&#13;&#10;&#9;Security ID:&#9;&#9;S-1-5-21-1794839122-2696800983-1176889395-1001&#13;&#10;&#9;Account Name:&#9;&#9;archisadas20@gmail.com&#13;&#10;&#9;Account Domain:&#9;&#9;MicrosoftAccount&#13;&#10;&#9;Logon ID:&#9;&#9;0x5D51C6F&#13;&#10;&#13;&#10;Privileges:&#9;&#9;SeSecurityPrivilege&#13;&#10;&#9;&#9;&#9;SeTakeOwnershipPrivilege&#13;&#10;&#9;&#9;&#9;SeLoadDriverPrivilege&#13;&#10;&#9;&#9;&#9;SeBackupPrivilege&#13;&#10;&#9;&#9;&#9;SeRestorePrivilege&#13;&#10;&#9;&#9;&#9;SeDebugPrivilege&#13;&#10;&#9;&#9;&#9;SeSystemEnvironmentPrivilege&#13;&#10;&#9;&#9;&#9;SeImpersonatePrivilege&#13;&#10;&#9;&#9;&#9;SeDelegateSessionUserImpersonatePrivilege</Message><Level>Information</Level><Task>Special Logon</Task><Opcode>Info</Opcode><Channel>Security</Channel><Provider>Microsoft Windows security auditing.</Provider><Keywords><Keyword>Audit Success</Keyword></Keywords></RenderingInfo></Event><Event xmlns='http://schemas.microsoft.com/win/2004/08/events/event'><System><Provider Name='Microsoft-Windows-Security-Auditing' Guid='{54849625-5478-4994-a5ba-3e3b0328c30d}'/><EventID>4672</EventID><Version>0</Version><Level>0</Level><Task>12548</Task><Opcode>0</Opcode><Keywords>0x8020000000000000</Keywords><TimeCreated SystemTime='2026-02-11T09:03:19.8315455Z'/><EventRecordID>1727576</EventRecordID><Correlation ActivityID='{1469d8d3-9929-0002-01e8-69142999dc01}'/><Execution ProcessID='1232' ThreadID='8508'/><Channel>Security</Channel><Computer>Archisa</Computer><Security/></System><EventData><Data Name='SubjectUserSid'>S-1-5-18</Data><Data Name='SubjectUserName'>SYSTEM</Data><Data Name='SubjectDomainName'>NT AUTHORITY</Data><Data Name='SubjectLogonId'>0x3e7</Data><Data Name='PrivilegeList'>SeAssignPrimaryTokenPrivilege
			SeTcbPrivilege
			SeSecurityPrivilege
			SeTakeOwnershipPrivilege
			SeLoadDriverPrivilege
			SeBackupPrivilege
			SeRestorePrivilege
			SeDebugPrivilege
			SeAuditPrivilege
			SeSystemEnvironmentPrivilege
			SeImpersonatePrivilege
			SeDelegateSessionUserImpersonatePrivilege</Data></EventData><RenderingInfo Culture='en-GB'><Message>Special privileges assigned to new logon.&#13;&#10;&#13;&#10;Subject:&#13;&#10;&#9;Security ID:&#9;&#9;S-1-5-18&#13;&#10;&#9;Account Name:&#9;&#9;SYSTEM&#13;&#10;&#9;Account Domain:&#9;&#9;NT AUTHORITY&#13;&#10;&#9;Logon ID:&#9;&#9;0x3E7&#13;&#10;&#13;&#10;Privileges:&#9;&#9;SeAssignPrimaryTokenPrivilege&#13;&#10;&#9;&#9;&#9;SeTcbPrivilege&#13;&#10;&#9;&#9;&#9;SeSecurityPrivilege&#13;&#10;&#9;&#9;&#9;SeTakeOwnershipPrivilege&#13;&#10;&#9;&#9;&#9;SeLoadDriverPrivilege&#13;&#10;&#9;&#9;&#9;SeBackupPrivilege&#13;&#10;&#9;&#9;&#9;SeRestorePrivilege&#13;&#10;&#9;&#9;&#9;SeDebugPrivilege&#13;&#10;&#9;&#9;&#9;SeAuditPrivilege&#13;&#10;&#9;&#9;&#9;SeSystemEnvironmentPrivilege&#13;&#10;&#9;&#9;&#9;SeImpersonatePrivilege&#13;&#10;&#9;&#9;&#9;SeDelegateSessionUserImpersonatePrivilege</Message><Level>Information</Level><Task>Special Logon</Task><Opcode>Info</Opcode><Channel>Security</Channel><Provider>Microsoft Windows security auditing.</Provider><Keywords><Keyword>Audit Success</Keyword></Keywords></RenderingInfo></Event><Event xmlns='http://schemas.microsoft.com/win/2004/08/events/event'><System><Provider Name='Microsoft-Windows-Security-Auditing' Guid='{54849625-5478-4994-a5ba-3e3b0328c30d}'/><EventID>4672</EventID><Version>0</Version><Level>0</Level><Task>12548</Task><Opcode>0</Opcode><Keywords>0x8020000000000000</Keywords><TimeCreated SystemTime='2026-02-11T09:02:46.4419824Z'/><EventRecordID>1727573</EventRecordID><Correlation ActivityID='{1469d8d3-9929-0002-01e8-69142999dc01}'/><Execution ProcessID='1232' ThreadID='2004'/><Channel>Security</Channel><Computer>Archisa</Computer><Security/></System><EventData><Data Name='SubjectUserSid'>S-1-5-18</Data><Data Name='SubjectUserName'>SYSTEM</Data><Data Name='SubjectDomainName'>NT AUTHORITY</Data><Data Name='SubjectLogonId'>0x3e7</Data><Data Name='PrivilegeList'>SeAssignPrimaryTokenPrivilege
			SeTcbPrivilege
			SeSecurityPrivilege
			SeTakeOwnershipPrivilege
			SeLoadDriverPrivilege
			SeBackupPrivilege
			SeRestorePrivilege
			SeDebugPrivilege
			SeAuditPrivilege
			SeSystemEnvironmentPrivilege
			SeImpersonatePrivilege
			SeDelegateSessionUserImpersonatePrivilege</Data></EventData><RenderingInfo Culture='en-GB'><Message>Special privileges assigned to new logon.&#13;&#10;&#13;&#10;Subject:&#13;&#10;&#9;Security ID:&#9;&#9;S-1-5-18&#13;&#10;&#9;Account Name:&#9;&#9;SYSTEM&#13;&#10;&#9;Account Domain:&#9;&#9;NT AUTHORITY&#13;&#10;&#9;Logon ID:&#9;&#9;0x3E7&#13;&#10;&#13;&#10;Privileges:&#9;&#9;SeAssignPrimaryTokenPrivilege&#13;&#10;&#9;&#9;&#9;SeTcbPrivilege&#13;&#10;&#9;&#9;&#9;SeSecurityPrivilege&#13;&#10;&#9;&#9;&#9;SeTakeOwnershipPrivilege&#13;&#10;&#9;&#9;&#9;SeLoadDriverPrivilege&#13;&#10;&#9;&#9;&#9;SeBackupPrivilege&#13;&#10;&#9;&#9;&#9;SeRestorePrivilege&#13;&#10;&#9;&#9;&#9;SeDebugPrivilege&#13;&#10;&#9;&#9;&#9;SeAuditPrivilege&#13;&#10;&#9;&#9;&#9;SeSystemEnvironmentPrivilege&#13;&#10;&#9;&#9;&#9;SeImpersonatePrivilege&#13;&#10;&#9;&#9;&#9;SeDelegateSessionUserImpersonatePrivilege</Message><Level>Information</Level><Task>Special Logon</Task><Opcode>Info</Opcode><Channel>Security</Channel><Provider>Microsoft Windows security auditing.</Provider><Keywords><Keyword>Audit Success</Keyword></Keywords></RenderingInfo></Event><Event xmlns='http://schemas.microsoft.com/win/2004/08/events/event'><System><Provider Name='Microsoft-Windows-Security-Auditing' Guid='{54849625-5478-4994-a5ba-3e3b0328c30d}'/><EventID>4672</EventID><Version>0</Version><Level>0</Level><Task>12548</Task><Opcode>0</Opcode><Keywords>0x8020000000000000</Keywords><TimeCreated SystemTime='2026-02-11T09:02:12.7058335Z'/><EventRecordID>1727571</EventRecordID><Correlation ActivityID='{1469d8d3-9929-0002-01e8-69142999dc01}'/><Execution ProcessID='1232' ThreadID='25484'/><Channel>Security</Channel><Computer>Archisa</Computer><Security/></System><EventData><Data Name='SubjectUserSid'>S-1-5-18</Data><Data Name='SubjectUserName'>SYSTEM</Data><Data Name='SubjectDomainName'>NT AUTHORITY</Data><Data Name='SubjectLogonId'>0x3e7</Data><Data Name='PrivilegeList'>SeAssignPrimaryTokenPrivilege
			SeTcbPrivilege
			SeSecurityPrivilege
			SeTakeOwnershipPrivilege
			SeLoadDriverPrivilege
			SeBackupPrivilege
			SeRestorePrivilege
			SeDebugPrivilege
			SeAuditPrivilege
			SeSystemEnvironmentPrivilege
			SeImpersonatePrivilege
			SeDelegateSessionUserImpersonatePrivilege</Data></EventData><RenderingInfo Culture='en-GB'><Message>Special privileges assigned to new logon.&#13;&#10;&#13;&#10;Subject:&#13;&#10;&#9;Security ID:&#9;&#9;S-1-5-18&#13;&#10;&#9;Account Name:&#9;&#9;SYSTEM&#13;&#10;&#9;Account Domain:&#9;&#9;NT AUTHORITY&#13;&#10;&#9;Logon ID:&#9;&#9;0x3E7&#13;&#10;&#13;&#10;Privileges:&#9;&#9;SeAssignPrimaryTokenPrivilege&#13;&#10;&#9;&#9;&#9;SeTcbPrivilege&#13;&#10;&#9;&#9;&#9;SeSecurityPrivilege&#13;&#10;&#9;&#9;&#9;SeTakeOwnershipPrivilege&#13;&#10;&#9;&#9;&#9;SeLoadDriverPrivilege&#13;&#10;&#9;&#9;&#9;SeBackupPrivilege&#13;&#10;&#9;&#9;&#9;SeRestorePrivilege&#13;&#10;&#9;&#9;&#9;SeDebugPrivilege&#13;&#10;&#9;&#9;&#9;SeAuditPrivilege&#13;&#10;&#9;&#9;&#9;SeSystemEnvironmentPrivilege&#13;&#10;&#9;&#9;&#9;SeImpersonatePrivilege&#13;&#10;&#9;&#9;&#9;SeDelegateSessionUserImpersonatePrivilege</Message><Level>Information</Level><Task>Special Logon</Task><Opcode>Info</Opcode><Channel>Security</Channel><Provider>Microsoft Windows security auditing.</Provider><Keywords><Keyword>Audit Success</Keyword></Keywords></RenderingInfo></Event><Event xmlns='http://schemas.microsoft.com/win/2004/08/events/event'><System><Provider Name='Microsoft-Windows-Security-Auditing' Guid='{54849625-5478-4994-a5ba-3e3b0328c30d}'/><EventID>4672</EventID><Version>0</Version><Level>0</Level><Task>12548</Task><Opcode>0</Opcode><Keywords>0x8020000000000000</Keywords><TimeCreated SystemTime='2026-02-11T09:01:54.5862963Z'/><EventRecordID>1727561</EventRecordID><Correlation ActivityID='{1469d8d3-9929-0002-01e8-69142999dc01}'/><Execution ProcessID='1232' ThreadID='26452'/><Channel>Security</Channel><Computer>Archisa</Computer><Security/></System><EventData><Data Name='SubjectUserSid'>S-1-5-18</Data><Data Name='SubjectUserName'>SYSTEM</Data><Data Name='SubjectDomainName'>NT AUTHORITY</Data><Data Name='SubjectLogonId'>0x3e7</Data><Data Name='PrivilegeList'>SeAssignPrimaryTokenPrivilege
			SeTcbPrivilege
			SeSecurityPrivilege
			SeTakeOwnershipPrivilege
			SeLoadDriverPrivilege
			SeBackupPrivilege
			SeRestorePrivilege
			SeDebugPrivilege
			SeAuditPrivilege
			SeSystemEnvironmentPrivilege
			SeImpersonatePrivilege
			SeDelegateSessionUserImpersonatePrivilege</Data></EventData><RenderingInfo Culture='en-GB'><Message>Special privileges assigned to new logon.&#13;&#10;&#13;&#10;Subject:&#13;&#10;&#9;Security ID:&#9;&#9;S-1-5-18&#13;&#10;&#9;Account Name:&#9;&#9;SYSTEM&#13;&#10;&#9;Account Domain:&#9;&#9;NT AUTHORITY&#13;&#10;&#9;Logon ID:&#9;&#9;0x3E7&#13;&#10;&#13;&#10;Privileges:&#9;&#9;SeAssignPrimaryTokenPrivilege&#13;&#10;&#9;&#9;&#9;SeTcbPrivilege&#13;&#10;&#9;&#9;&#9;SeSecurityPrivilege&#13;&#10;&#9;&#9;&#9;SeTakeOwnershipPrivilege&#13;&#10;&#9;&#9;&#9;SeLoadDriverPrivilege&#13;&#10;&#9;&#9;&#9;SeBackupPrivilege&#13;&#10;&#9;&#9;&#9;SeRestorePrivilege&#13;&#10;&#9;&#9;&#9;SeDebugPrivilege&#13;&#10;&#9;&#9;&#9;SeAuditPrivilege&#13;&#10;&#9;&#9;&#9;SeSystemEnvironmentPrivilege&#13;&#10;&#9;&#9;&#9;SeImpersonatePrivilege&#13;&#10;&#9;&#9;&#9;SeDelegateSessionUserImpersonatePrivilege</Message><Level>Information</Level><Task>Special Logon</Task><Opcode>Info</Opcode><Channel>Security</Channel><Provider>Microsoft Windows security auditing.</Provider><Keywords><Keyword>Audit Success</Keyword></Keywords></RenderingInfo></Event><Event xmlns='http://schemas.microsoft.com/win/2004/08/events/event'><System><Provider Name='Microsoft-Windows-Security-Auditing' Guid='{54849625-5478-4994-a5ba-3e3b0328c30d}'/><EventID>4672</EventID><Version>0</Version><Level>0</Level><Task>12548</Task><Opcode>0</Opcode><Keywords>0x8020000000000000</Keywords><TimeCreated SystemTime='2026-02-11T09:01:53.6112934Z'/><EventRecordID>1727555</EventRecordID><Correlation ActivityID='{1469d8d3-9929-0002-01e8-69142999dc01}'/><Execution ProcessID='1232' ThreadID='26452'/><Channel>Security</Channel><Computer>Archisa</Computer><Security/></System><EventData><Data Name='SubjectUserSid'>S-1-5-18</Data><Data Name='SubjectUserName'>SYSTEM</Data><Data Name='SubjectDomainName'>NT AUTHORITY</Data><Data Name='SubjectLogonId'>0x3e7</Data><Data Name='PrivilegeList'>SeAssignPrimaryTokenPrivilege
			SeTcbPrivilege
			SeSecurityPrivilege
			SeTakeOwnershipPrivilege
			SeLoadDriverPrivilege
			SeBackupPrivilege
			SeRestorePrivilege
			SeDebugPrivilege
			SeAuditPrivilege
			SeSystemEnvironmentPrivilege
			SeImpersonatePrivilege
			SeDelegateSessionUserImpersonatePrivilege</Data></EventData><RenderingInfo Culture='en-GB'><Message>Special privileges assigned to new logon.&#13;&#10;&#13;&#10;Subject:&#13;&#10;&#9;Security ID:&#9;&#9;S-1-5-18&#13;&#10;&#9;Account Name:&#9;&#9;SYSTEM&#13;&#10;&#9;Account Domain:&#9;&#9;NT AUTHORITY&#13;&#10;&#9;Logon ID:&#9;&#9;0x3E7&#13;&#10;&#13;&#10;Privileges:&#9;&#9;SeAssignPrimaryTokenPrivilege&#13;&#10;&#9;&#9;&#9;SeTcbPrivilege&#13;&#10;&#9;&#9;&#9;SeSecurityPrivilege&#13;&#10;&#9;&#9;&#9;SeTakeOwnershipPrivilege&#13;&#10;&#9;&#9;&#9;SeLoadDriverPrivilege&#13;&#10;&#9;&#9;&#9;SeBackupPrivilege&#13;&#10;&#9;&#9;&#9;SeRestorePrivilege&#13;&#10;&#9;&#9;&#9;SeDebugPrivilege&#13;&#10;&#9;&#9;&#9;SeAuditPrivilege&#13;&#10;&#9;&#9;&#9;SeSystemEnvironmentPrivilege&#13;&#10;&#9;&#9;&#9;SeImpersonatePrivilege&#13;&#10;&#9;&#9;&#9;SeDelegateSessionUserImpersonatePrivilege</Message><Level>Information</Level><Task>Special Logon</Task><Opcode>Info</Opcode><Channel>Security</Channel><Provider>Microsoft Windows security auditing.</Provider><Keywords><Keyword>Audit Success</Keyword></Keywords></RenderingInfo></Event><Event xmlns='http://schemas.microsoft.com/win/2004/08/events/event'><System><Provider Name='Microsoft-Windows-Security-Auditing' Guid='{54849625-5478-4994-a5ba-3e3b0328c30d}'/><EventID>4672</EventID><Version>0</Version><Level>0</Level><Task>12548</Task><Opcode>0</Opcode><Keywords>0x8020000000000000</Keywords><TimeCreated SystemTime='2026-02-11T08:47:49.8977200Z'/><EventRecordID>1727536</EventRecordID><Correlation ActivityID='{1469d8d3-9929-0002-01e8-69142999dc01}'/><Execution ProcessID='1232' ThreadID='25484'/><Channel>Security</Channel><Computer>Archisa</Computer><Security/></System><EventData><Data Name='SubjectUserSid'>S-1-5-18</Data><Data Name='SubjectUserName'>SYSTEM</Data><Data Name='SubjectDomainName'>NT AUTHORITY</Data><Data Name='SubjectLogonId'>0x3e7</Data><Data Name='PrivilegeList'>SeAssignPrimaryTokenPrivilege
			SeTcbPrivilege
			SeSecurityPrivilege
			SeTakeOwnershipPrivilege
			SeLoadDriverPrivilege
			SeBackupPrivilege
			SeRestorePrivilege
			SeDebugPrivilege
			SeAuditPrivilege
			SeSystemEnvironmentPrivilege
			SeImpersonatePrivilege
			SeDelegateSessionUserImpersonatePrivilege</Data></EventData><RenderingInfo Culture='en-GB'><Message>Special privileges assigned to new logon.&#13;&#10;&#13;&#10;Subject:&#13;&#10;&#9;Security ID:&#9;&#9;S-1-5-18&#13;&#10;&#9;Account Name:&#9;&#9;SYSTEM&#13;&#10;&#9;Account Domain:&#9;&#9;NT AUTHORITY&#13;&#10;&#9;Logon ID:&#9;&#9;0x3E7&#13;&#10;&#13;&#10;Privileges:&#9;&#9;SeAssignPrimaryTokenPrivilege&#13;&#10;&#9;&#9;&#9;SeTcbPrivilege&#13;&#10;&#9;&#9;&#9;SeSecurityPrivilege&#13;&#10;&#9;&#9;&#9;SeTakeOwnershipPrivilege&#13;&#10;&#9;&#9;&#9;SeLoadDriverPrivilege&#13;&#10;&#9;&#9;&#9;SeBackupPrivilege&#13;&#10;&#9;&#9;&#9;SeRestorePrivilege&#13;&#10;&#9;&#9;&#9;SeDebugPrivilege&#13;&#10;&#9;&#9;&#9;SeAuditPrivilege&#13;&#10;&#9;&#9;&#9;SeSystemEnvironmentPrivilege&#13;&#10;&#9;&#9;&#9;SeImpersonatePrivilege&#13;&#10;&#9;&#9;&#9;SeDelegateSessionUserImpersonatePrivilege</Message><Level>Information</Level><Task>Special Logon</Task><Opcode>Info</Opcode><Channel>Security</Channel><Provider>Microsoft Windows security auditing.</Provider><Keywords><Keyword>Audit Success</Keyword></Keywords></RenderingInfo></Event><Event xmlns='http://schemas.microsoft.com/win/2004/08/events/event'><System><Provider Name='Microsoft-Windows-Security-Auditing' Guid='{54849625-5478-4994-a5ba-3e3b0328c30d}'/><EventID>4672</EventID><Version>0</Version><Level>0</Level><Task>12548</Task><Opcode>0</Opcode><Keywords>0x8020000000000000</Keywords><TimeCreated SystemTime='2026-02-11T08:44:56.9252869Z'/><EventRecordID>1727533</EventRecordID><Correlation ActivityID='{1469d8d3-9929-0002-01e8-69142999dc01}'/><Execution ProcessID='1232' ThreadID='26452'/><Channel>Security</Channel><Computer>Archisa</Computer><Security/></System><EventData><Data Name='SubjectUserSid'>S-1-5-18</Data><Data Name='SubjectUserName'>SYSTEM</Data><Data Name='SubjectDomainName'>NT AUTHORITY</Data><Data Name='SubjectLogonId'>0x3e7</Data><Data Name='PrivilegeList'>SeAssignPrimaryTokenPrivilege
			SeTcbPrivilege
			SeSecurityPrivilege
			SeTakeOwnershipPrivilege
			SeLoadDriverPrivilege
			SeBackupPrivilege
			SeRestorePrivilege
			SeDebugPrivilege
			SeAuditPrivilege
			SeSystemEnvironmentPrivilege
			SeImpersonatePrivilege
			SeDelegateSessionUserImpersonatePrivilege</Data></EventData><RenderingInfo Culture='en-GB'><Message>Special privileges assigned to new logon.&#13;&#10;&#13;&#10;Subject:&#13;&#10;&#9;Security ID:&#9;&#9;S-1-5-18&#13;&#10;&#9;Account Name:&#9;&#9;SYSTEM&#13;&#10;&#9;Account Domain:&#9;&#9;NT AUTHORITY&#13;&#10;&#9;Logon ID:&#9;&#9;0x3E7&#13;&#10;&#13;&#10;Privileges:&#9;&#9;SeAssignPrimaryTokenPrivilege&#13;&#10;&#9;&#9;&#9;SeTcbPrivilege&#13;&#10;&#9;&#9;&#9;SeSecurityPrivilege&#13;&#10;&#9;&#9;&#9;SeTakeOwnershipPrivilege&#13;&#10;&#9;&#9;&#9;SeLoadDriverPrivilege&#13;&#10;&#9;&#9;&#9;SeBackupPrivilege&#13;&#10;&#9;&#9;&#9;SeRestorePrivilege&#13;&#10;&#9;&#9;&#9;SeDebugPrivilege&#13;&#10;&#9;&#9;&#9;SeAuditPrivilege&#13;&#10;&#9;&#9;&#9;SeSystemEnvironmentPrivilege&#13;&#10;&#9;&#9;&#9;SeImpersonatePrivilege&#13;&#10;&#9;&#9;&#9;SeDelegateSessionUserImpersonatePrivilege</Message><Level>Information</Level><Task>Special Logon</Task><Opcode>Info</Opcode><Channel>Security</Channel><Provider>Microsoft Windows security auditing.</Provider><Keywords><Keyword>Audit Success</Keyword></Keywords></RenderingInfo></Event><Event xmlns='http://schemas.microsoft.com/win/2004/08/events/event'><System><Provider Name='Microsoft-Windows-Security-Auditing' Guid='{54849625-5478-4994-a5ba-3e3b0328c30d}'/><EventID>4672</EventID><Version>0</Version><Level>0</Level><Task>12548</Task><Opcode>0</Opcode><Keywords>0x8020000000000000</Keywords><TimeCreated SystemTime='2026-02-11T08:44:56.1032301Z'/><EventRecordID>1727530</EventRecordID><Correlation ActivityID='{1469d8d3-9929-0002-01e8-69142999dc01}'/><Execution ProcessID='1232' ThreadID='17948'/><Channel>Security</Channel><Computer>Archisa</Computer><Security/></System><EventData><Data Name='SubjectUserSid'>S-1-5-18</Data><Data Name='SubjectUserName'>SYSTEM</Data><Data Name='SubjectDomainName'>NT AUTHORITY</Data><Data Name='SubjectLogonId'>0x3e7</Data><Data Name='PrivilegeList'>SeAssignPrimaryTokenPrivilege
			SeTcbPrivilege
			SeSecurityPrivilege
			SeTakeOwnershipPrivilege
			SeLoadDriverPrivilege
			SeBackupPrivilege
			SeRestorePrivilege
			SeDebugPrivilege
			SeAuditPrivilege
			SeSystemEnvironmentPrivilege
			SeImpersonatePrivilege
			SeDelegateSessionUserImpersonatePrivilege</Data></EventData><RenderingInfo Culture='en-GB'><Message>Special privileges assigned to new logon.&#13;&#10;&#13;&#10;Subject:&#13;&#10;&#9;Security ID:&#9;&#9;S-1-5-18&#13;&#10;&#9;Account Name:&#9;&#9;SYSTEM&#13;&#10;&#9;Account Domain:&#9;&#9;NT AUTHORITY&#13;&#10;&#9;Logon ID:&#9;&#9;0x3E7&#13;&#10;&#13;&#10;Privileges:&#9;&#9;SeAssignPrimaryTokenPrivilege&#13;&#10;&#9;&#9;&#9;SeTcbPrivilege&#13;&#10;&#9;&#9;&#9;SeSecurityPrivilege&#13;&#10;&#9;&#9;&#9;SeTakeOwnershipPrivilege&#13;&#10;&#9;&#9;&#9;SeLoadDriverPrivilege&#13;&#10;&#9;&#9;&#9;SeBackupPrivilege&#13;&#10;&#9;&#9;&#9;SeRestorePrivilege&#13;&#10;&#9;&#9;&#9;SeDebugPrivilege&#13;&#10;&#9;&#9;&#9;SeAuditPrivilege&#13;&#10;&#9;&#9;&#9;SeSystemEnvironmentPrivilege&#13;&#10;&#9;&#9;&#9;SeImpersonatePrivilege&#13;&#10;&#9;&#9;&#9;SeDelegateSessionUserImpersonatePrivilege</Message><Level>Information</Level><Task>Special Logon</Task><Opcode>Info</Opcode><Channel>Security</Channel><Provider>Microsoft Windows security auditing.</Provider><Keywords><Keyword>Audit Success</Keyword></Keywords></RenderingInfo></Event><Event xmlns='http://schemas.microsoft.com/win/2004/08/events/event'><System><Provider Name='Microsoft-Windows-Security-Auditing' Guid='{54849625-5478-4994-a5ba-3e3b0328c30d}'/><EventID>4672</EventID><Version>0</Version><Level>0</Level><Task>12548</Task><Opcode>0</Opcode><Keywords>0x8020000000000000</Keywords><TimeCreated SystemTime='2026-02-11T08:44:55.8270958Z'/><EventRecordID>1727528</EventRecordID><Correlation ActivityID='{1469d8d3-9929-0002-01e8-69142999dc01}'/><Execution ProcessID='1232' ThreadID='17948'/><Channel>Security</Channel><Computer>Archisa</Computer><Security/></System><EventData><Data Name='SubjectUserSid'>S-1-5-18</Data><Data Name='SubjectUserName'>SYSTEM</Data><Data Name='SubjectDomainName'>NT AUTHORITY</Data><Data Name='SubjectLogonId'>0x3e7</Data><Data Name='PrivilegeList'>SeAssignPrimaryTokenPrivilege
			SeTcbPrivilege
			SeSecurityPrivilege
			SeTakeOwnershipPrivilege
			SeLoadDriverPrivilege
			SeBackupPrivilege
			SeRestorePrivilege
			SeDebugPrivilege
			SeAuditPrivilege
			SeSystemEnvironmentPrivilege
			SeImpersonatePrivilege
			SeDelegateSessionUserImpersonatePrivilege</Data></EventData><RenderingInfo Culture='en-GB'><Message>Special privileges assigned to new logon.&#13;&#10;&#13;&#10;Subject:&#13;&#10;&#9;Security ID:&#9;&#9;S-1-5-18&#13;&#10;&#9;Account Name:&#9;&#9;SYSTEM&#13;&#10;&#9;Account Domain:&#9;&#9;NT AUTHORITY&#13;&#10;&#9;Logon ID:&#9;&#9;0x3E7&#13;&#10;&#13;&#10;Privileges:&#9;&#9;SeAssignPrimaryTokenPrivilege&#13;&#10;&#9;&#9;&#9;SeTcbPrivilege&#13;&#10;&#9;&#9;&#9;SeSecurityPrivilege&#13;&#10;&#9;&#9;&#9;SeTakeOwnershipPrivilege&#13;&#10;&#9;&#9;&#9;SeLoadDriverPrivilege&#13;&#10;&#9;&#9;&#9;SeBackupPrivilege&#13;&#10;&#9;&#9;&#9;SeRestorePrivilege&#13;&#10;&#9;&#9;&#9;SeDebugPrivilege&#13;&#10;&#9;&#9;&#9;SeAuditPrivilege&#13;&#10;&#9;&#9;&#9;SeSystemEnvironmentPrivilege&#13;&#10;&#9;&#9;&#9;SeImpersonatePrivilege&#13;&#10;&#9;&#9;&#9;SeDelegateSessionUserImpersonatePrivilege</Message><Level>Information</Level><Task>Special Logon</Task><Opcode>Info</Opcode><Channel>Security</Channel><Provider>Microsoft Windows security auditing.</Provider><Keywords><Keyword>Audit Success</Keyword></Keywords></RenderingInfo></Event><Event xmlns='http://schemas.microsoft.com/win/2004/08/events/event'><System><Provider Name='Microsoft-Windows-Security-Auditing' Guid='{54849625-5478-4994-a5ba-3e3b0328c30d}'/><EventID>4672</EventID><Version>0</Version><Level>0</Level><Task>12548</Task><Opcode>0</Opcode><Keywords>0x8020000000000000</Keywords><TimeCreated SystemTime='2026-02-11T08:44:23.1996748Z'/><EventRecordID>1727526</EventRecordID><Correlation ActivityID='{1469d8d3-9929-0002-01e8-69142999dc01}'/><Execution ProcessID='1232' ThreadID='16632'/><Channel>Security</Channel><Computer>Archisa</Computer><Security/></System><EventData><Data Name='SubjectUserSid'>S-1-5-18</Data><Data Name='SubjectUserName'>SYSTEM</Data><Data Name='SubjectDomainName'>NT AUTHORITY</Data><Data Name='SubjectLogonId'>0x3e7</Data><Data Name='PrivilegeList'>SeAssignPrimaryTokenPrivilege
			SeTcbPrivilege
			SeSecurityPrivilege
			SeTakeOwnershipPrivilege
			SeLoadDriverPrivilege
			SeBackupPrivilege
			SeRestorePrivilege
			SeDebugPrivilege
			SeAuditPrivilege
			SeSystemEnvironmentPrivilege
			SeImpersonatePrivilege
			SeDelegateSessionUserImpersonatePrivilege</Data></EventData><RenderingInfo Culture='en-GB'><Message>Special privileges assigned to new logon.&#13;&#10;&#13;&#10;Subject:&#13;&#10;&#9;Security ID:&#9;&#9;S-1-5-18&#13;&#10;&#9;Account Name:&#9;&#9;SYSTEM&#13;&#10;&#9;Account Domain:&#9;&#9;NT AUTHORITY&#13;&#10;&#9;Logon ID:&#9;&#9;0x3E7&#13;&#10;&#13;&#10;Privileges:&#9;&#9;SeAssignPrimaryTokenPrivilege&#13;&#10;&#9;&#9;&#9;SeTcbPrivilege&#13;&#10;&#9;&#9;&#9;SeSecurityPrivilege&#13;&#10;&#9;&#9;&#9;SeTakeOwnershipPrivilege&#13;&#10;&#9;&#9;&#9;SeLoadDriverPrivilege&#13;&#10;&#9;&#9;&#9;SeBackupPrivilege&#13;&#10;&#9;&#9;&#9;SeRestorePrivilege&#13;&#10;&#9;&#9;&#9;SeDebugPrivilege&#13;&#10;&#9;&#9;&#9;SeAuditPrivilege&#13;&#10;&#9;&#9;&#9;SeSystemEnvironmentPrivilege&#13;&#10;&#9;&#9;&#9;SeImpersonatePrivilege&#13;&#10;&#9;&#9;&#9;SeDelegateSessionUserImpersonatePrivilege</Message><Level>Information</Level><Task>Special Logon</Task><Opcode>Info</Opcode><Channel>Security</Channel><Provider>Microsoft Windows security auditing.</Provider><Keywords><Keyword>Audit Success</Keyword></Keywords></RenderingInfo></Event><Event xmlns='http://schemas.microsoft.com/win/2004/08/events/event'><System><Provider Name='Microsoft-Windows-Security-Auditing' Guid='{54849625-5478-4994-a5ba-3e3b0328c30d}'/><EventID>4672</EventID><Version>0</Version><Level>0</Level><Task>12548</Task><Opcode>0</Opcode><Keywords>0x8020000000000000</Keywords><TimeCreated SystemTime='2026-02-11T08:29:24.3242487Z'/><EventRecordID>1727484</EventRecordID><Correlation/><Execution ProcessID='1232' ThreadID='19904'/><Channel>Security</Channel><Computer>Archisa</Computer><Security/></System><EventData><Data Name='SubjectUserSid'>S-1-5-21-1794839122-2696800983-1176889395-1001</Data><Data Name='SubjectUserName'>archisadas20@gmail.com</Data><Data Name='SubjectDomainName'>MicrosoftAccount</Data><Data Name='SubjectLogonId'>0x5af84bb</Data><Data Name='PrivilegeList'>SeSecurityPrivilege
			SeTakeOwnershipPrivilege
			SeLoadDriverPrivilege
			SeBackupPrivilege
			SeRestorePrivilege
			SeDebugPrivilege
			SeSystemEnvironmentPrivilege
			SeImpersonatePrivilege
			SeDelegateSessionUserImpersonatePrivilege</Data></EventData><RenderingInfo Culture='en-GB'><Message>Special privileges assigned to new logon.&#13;&#10;&#13;&#10;Subject:&#13;&#10;&#9;Security ID:&#9;&#9;S-1-5-21-1794839122-2696800983-1176889395-1001&#13;&#10;&#9;Account Name:&#9;&#9;archisadas20@gmail.com&#13;&#10;&#9;Account Domain:&#9;&#9;MicrosoftAccount&#13;&#10;&#9;Logon ID:&#9;&#9;0x5AF84BB&#13;&#10;&#13;&#10;Privileges:&#9;&#9;SeSecurityPrivilege&#13;&#10;&#9;&#9;&#9;SeTakeOwnershipPrivilege&#13;&#10;&#9;&#9;&#9;SeLoadDriverPrivilege&#13;&#10;&#9;&#9;&#9;SeBackupPrivilege&#13;&#10;&#9;&#9;&#9;SeRestorePrivilege&#13;&#10;&#9;&#9;&#9;SeDebugPrivilege&#13;&#10;&#9;&#9;&#9;SeSystemEnvironmentPrivilege&#13;&#10;&#9;&#9;&#9;SeImpersonatePrivilege&#13;&#10;&#9;&#9;&#9;SeDelegateSessionUserImpersonatePrivilege</Message><Level>Information</Level><Task>Special Logon</Task><Opcode>Info</Opcode><Channel>Security</Channel><Provider>Microsoft Windows security auditing.</Provider><Keywords><Keyword>Audit Success</Keyword></Keywords></RenderingInfo></Event><Event xmlns='http://schemas.microsoft.com/win/2004/08/events/event'><System><Provider Name='Microsoft-Windows-Security-Auditing' Guid='{54849625-5478-4994-a5ba-3e3b0328c30d}'/><EventID>4672</EventID><Version>0</Version><Level>0</Level><Task>12548</Task><Opcode>0</Opcode><Keywords>0x8020000000000000</Keywords><TimeCreated SystemTime='2026-02-11T08:29:24.2713644Z'/><EventRecordID>1727477</EventRecordID><Correlation ActivityID='{1469d8d3-9929-0002-01e8-69142999dc01}'/><Execution ProcessID='1232' ThreadID='25484'/><Channel>Security</Channel><Computer>Archisa</Computer><Security/></System><EventData><Data Name='SubjectUserSid'>S-1-5-21-1794839122-2696800983-1176889395-1001</Data><Data Name='SubjectUserName'>archisadas20@gmail.com</Data><Data Name='SubjectDomainName'>MicrosoftAccount</Data><Data Name='SubjectLogonId'>0x5af7109</Data><Data Name='PrivilegeList'>SeSecurityPrivilege
			SeTakeOwnershipPrivilege
			SeLoadDriverPrivilege
			SeBackupPrivilege
			SeRestorePrivilege
			SeDebugPrivilege
			SeSystemEnvironmentPrivilege
			SeImpersonatePrivilege
			SeDelegateSessionUserImpersonatePrivilege</Data></EventData><RenderingInfo Culture='en-GB'><Message>Special privileges assigned to new logon.&#13;&#10;&#13;&#10;Subject:&#13;&#10;&#9;Security ID:&#9;&#9;S-1-5-21-1794839122-2696800983-1176889395-1001&#13;&#10;&#9;Account Name:&#9;&#9;archisadas20@gmail.com&#13;&#10;&#9;Account Domain:&#9;&#9;MicrosoftAccount&#13;&#10;&#9;Logon ID:&#9;&#9;0x5AF7109&#13;&#10;&#13;&#10;Privileges:&#9;&#9;SeSecurityPrivilege&#13;&#10;&#9;&#9;&#9;SeTakeOwnershipPrivilege&#13;&#10;&#9;&#9;&#9;SeLoadDriverPrivilege&#13;&#10;&#9;&#9;&#9;SeBackupPrivilege&#13;&#10;&#9;&#9;&#9;SeRestorePrivilege&#13;&#10;&#9;&#9;&#9;SeDebugPrivilege&#13;&#10;&#9;&#9;&#9;SeSystemEnvironmentPrivilege&#13;&#10;&#9;&#9;&#9;SeImpersonatePrivilege&#13;&#10;&#9;&#9;&#9;SeDelegateSessionUserImpersonatePrivilege</Message><Level>Information</Level><Task>Special Logon</Task><Opcode>Info</Opcode><Channel>Security</Channel><Provider>Microsoft Windows security auditing.</Provider><Keywords><Keyword>Audit Success</Keyword></Keywords></RenderingInfo></Event><Event xmlns='http://schemas.microsoft.com/win/2004/08/events/event'><System><Provider Name='Microsoft-Windows-Security-Auditing' Guid='{54849625-5478-4994-a5ba-3e3b0328c30d}'/><EventID>4672</EventID><Version>0</Version><Level>0</Level><Task>12548</Task><Opcode>0</Opcode><Keywords>0x8020000000000000</Keywords><TimeCreated SystemTime='2026-02-11T08:29:22.8714016Z'/><EventRecordID>1727465</EventRecordID><Correlation ActivityID='{1469d8d3-9929-0002-01e8-69142999dc01}'/><Execution ProcessID='1232' ThreadID='20336'/><Channel>Security</Channel><Computer>Archisa</Computer><Security/></System><EventData><Data Name='SubjectUserSid'>S-1-5-18</Data><Data Name='SubjectUserName'>SYSTEM</Data><Data Name='SubjectDomainName'>NT AUTHORITY</Data><Data Name='SubjectLogonId'>0x3e7</Data><Data Name='PrivilegeList'>SeAssignPrimaryTokenPrivilege
			SeTcbPrivilege
			SeSecurityPrivilege
			SeTakeOwnershipPrivilege
			SeLoadDriverPrivilege
			SeBackupPrivilege
			SeRestorePrivilege
			SeDebugPrivilege
			SeAuditPrivilege
			SeSystemEnvironmentPrivilege
			SeImpersonatePrivilege
			SeDelegateSessionUserImpersonatePrivilege</Data></EventData><RenderingInfo Culture='en-GB'><Message>Special privileges assigned to new logon.&#13;&#10;&#13;&#10;Subject:&#13;&#10;&#9;Security ID:&#9;&#9;S-1-5-18&#13;&#10;&#9;Account Name:&#9;&#9;SYSTEM&#13;&#10;&#9;Account Domain:&#9;&#9;NT AUTHORITY&#13;&#10;&#9;Logon ID:&#9;&#9;0x3E7&#13;&#10;&#13;&#10;Privileges:&#9;&#9;SeAssignPrimaryTokenPrivilege&#13;&#10;&#9;&#9;&#9;SeTcbPrivilege&#13;&#10;&#9;&#9;&#9;SeSecurityPrivilege&#13;&#10;&#9;&#9;&#9;SeTakeOwnershipPrivilege&#13;&#10;&#9;&#9;&#9;SeLoadDriverPrivilege&#13;&#10;&#9;&#9;&#9;SeBackupPrivilege&#13;&#10;&#9;&#9;&#9;SeRestorePrivilege&#13;&#10;&#9;&#9;&#9;SeDebugPrivilege&#13;&#10;&#9;&#9;&#9;SeAuditPrivilege&#13;&#10;&#9;&#9;&#9;SeSystemEnvironmentPrivilege&#13;&#10;&#9;&#9;&#9;SeImpersonatePrivilege&#13;&#10;&#9;&#9;&#9;SeDelegateSessionUserImpersonatePrivilege</Message><Level>Information</Level><Task>Special Logon</Task><Opcode>Info</Opcode><Channel>Security</Channel><Provider>Microsoft Windows security auditing.</Provider><Keywords><Keyword>Audit Success</Keyword></Keywords></RenderingInfo></Event><Event xmlns='http://schemas.microsoft.com/win/2004/08/events/event'><System><Provider Name='Microsoft-Windows-Security-Auditing' Guid='{54849625-5478-4994-a5ba-3e3b0328c30d}'/><EventID>4672</EventID><Version>0</Version><Level>0</Level><Task>12548</Task><Opcode>0</Opcode><Keywords>0x8020000000000000</Keywords><TimeCreated SystemTime='2026-02-11T08:29:22.3562556Z'/><EventRecordID>1727453</EventRecordID><Correlation ActivityID='{1469d8d3-9929-0002-01e8-69142999dc01}'/><Execution ProcessID='1232' ThreadID='25484'/><Channel>Security</Channel><Computer>Archisa</Computer><Security/></System><EventData><Data Name='SubjectUserSid'>S-1-5-18</Data><Data Name='SubjectUserName'>SYSTEM</Data><Data Name='SubjectDomainName'>NT AUTHORITY</Data><Data Name='SubjectLogonId'>0x3e7</Data><Data Name='PrivilegeList'>SeAssignPrimaryTokenPrivilege
			SeTcbPrivilege
			SeSecurityPrivilege
			SeTakeOwnershipPrivilege
			SeLoadDriverPrivilege
			SeBackupPrivilege
			SeRestorePrivilege
			SeDebugPrivilege
			SeAuditPrivilege
			SeSystemEnvironmentPrivilege
			SeImpersonatePrivilege
			SeDelegateSessionUserImpersonatePrivilege</Data></EventData><RenderingInfo Culture='en-GB'><Message>Special privileges assigned to new logon.&#13;&#10;&#13;&#10;Subject:&#13;&#10;&#9;Security ID:&#9;&#9;S-1-5-18&#13;&#10;&#9;Account Name:&#9;&#9;SYSTEM&#13;&#10;&#9;Account Domain:&#9;&#9;NT AUTHORITY&#13;&#10;&#9;Logon ID:&#9;&#9;0x3E7&#13;&#10;&#13;&#10;Privileges:&#9;&#9;SeAssignPrimaryTokenPrivilege&#13;&#10;&#9;&#9;&#9;SeTcbPrivilege&#13;&#10;&#9;&#9;&#9;SeSecurityPrivilege&#13;&#10;&#9;&#9;&#9;SeTakeOwnershipPrivilege&#13;&#10;&#9;&#9;&#9;SeLoadDriverPrivilege&#13;&#10;&#9;&#9;&#9;SeBackupPrivilege&#13;&#10;&#9;&#9;&#9;SeRestorePrivilege&#13;&#10;&#9;&#9;&#9;SeDebugPrivilege&#13;&#10;&#9;&#9;&#9;SeAuditPrivilege&#13;&#10;&#9;&#9;&#9;SeSystemEnvironmentPrivilege&#13;&#10;&#9;&#9;&#9;SeImpersonatePrivilege&#13;&#10;&#9;&#9;&#9;SeDelegateSessionUserImpersonatePrivilege</Message><Level>Information</Level><Task>Special Logon</Task><Opcode>Info</Opcode><Channel>Security</Channel><Provider>Microsoft Windows security auditing.</Provider><Keywords><Keyword>Audit Success</Keyword></Keywords></RenderingInfo></Event><Event xmlns='http://schemas.microsoft.com/win/2004/08/events/event'><System><Provider Name='Microsoft-Windows-Security-Auditing' Guid='{54849625-5478-4994-a5ba-3e3b0328c30d}'/><EventID>4672</EventID><Version>0</Version><Level>0</Level><Task>12548</Task><Opcode>0</Opcode><Keywords>0x8020000000000000</Keywords><TimeCreated SystemTime='2026-02-11T08:29:18.5358533Z'/><EventRecordID>1727451</EventRecordID><Correlation ActivityID='{1469d8d3-9929-0002-01e8-69142999dc01}'/><Execution ProcessID='1232' ThreadID='20336'/><Channel>Security</Channel><Computer>Archisa</Computer><Security/></System><EventData><Data Name='SubjectUserSid'>S-1-5-18</Data><Data Name='SubjectUserName'>SYSTEM</Data><Data Name='SubjectDomainName'>NT AUTHORITY</Data><Data Name='SubjectLogonId'>0x3e7</Data><Data Name='PrivilegeList'>SeAssignPrimaryTokenPrivilege
			SeTcbPrivilege
			SeSecurityPrivilege
			SeTakeOwnershipPrivilege
			SeLoadDriverPrivilege
			SeBackupPrivilege
			SeRestorePrivilege
			SeDebugPrivilege
			SeAuditPrivilege
			SeSystemEnvironmentPrivilege
			SeImpersonatePrivilege
			SeDelegateSessionUserImpersonatePrivilege</Data></EventData><RenderingInfo Culture='en-GB'><Message>Special privileges assigned to new logon.&#13;&#10;&#13;&#10;Subject:&#13;&#10;&#9;Security ID:&#9;&#9;S-1-5-18&#13;&#10;&#9;Account Name:&#9;&#9;SYSTEM&#13;&#10;&#9;Account Domain:&#9;&#9;NT AUTHORITY&#13;&#10;&#9;Logon ID:&#9;&#9;0x3E7&#13;&#10;&#13;&#10;Privileges:&#9;&#9;SeAssignPrimaryTokenPrivilege&#13;&#10;&#9;&#9;&#9;SeTcbPrivilege&#13;&#10;&#9;&#9;&#9;SeSecurityPrivilege&#13;&#10;&#9;&#9;&#9;SeTakeOwnershipPrivilege&#13;&#10;&#9;&#9;&#9;SeLoadDriverPrivilege&#13;&#10;&#9;&#9;&#9;SeBackupPrivilege&#13;&#10;&#9;&#9;&#9;SeRestorePrivilege&#13;&#10;&#9;&#9;&#9;SeDebugPrivilege&#13;&#10;&#9;&#9;&#9;SeAuditPrivilege&#13;&#10;&#9;&#9;&#9;SeSystemEnvironmentPrivilege&#13;&#10;&#9;&#9;&#9;SeImpersonatePrivilege&#13;&#10;&#9;&#9;&#9;SeDelegateSessionUserImpersonatePrivilege</Message><Level>Information</Level><Task>Special Logon</Task><Opcode>Info</Opcode><Channel>Security</Channel><Provider>Microsoft Windows security auditing.</Provider><Keywords><Keyword>Audit Success</Keyword></Keywords></RenderingInfo></Event><Event xmlns='http://schemas.microsoft.com/win/2004/08/events/event'><System><Provider Name='Microsoft-Windows-Security-Auditing' Guid='{54849625-5478-4994-a5ba-3e3b0328c30d}'/><EventID>4672</EventID><Version>0</Version><Level>0</Level><Task>12548</Task><Opcode>0</Opcode><Keywords>0x8020000000000000</Keywords><TimeCreated SystemTime='2026-02-11T08:10:56.0966597Z'/><EventRecordID>1727432</EventRecordID><Correlation ActivityID='{1469d8d3-9929-0002-01e8-69142999dc01}'/><Execution ProcessID='1232' ThreadID='1152'/><Channel>Security</Channel><Computer>Archisa</Computer><Security/></System><EventData><Data Name='SubjectUserSid'>S-1-5-18</Data><Data Name='SubjectUserName'>SYSTEM</Data><Data Name='SubjectDomainName'>NT AUTHORITY</Data><Data Name='SubjectLogonId'>0x3e7</Data><Data Name='PrivilegeList'>SeAssignPrimaryTokenPrivilege
			SeTcbPrivilege
			SeSecurityPrivilege
			SeTakeOwnershipPrivilege
			SeLoadDriverPrivilege
			SeBackupPrivilege
			SeRestorePrivilege
			SeDebugPrivilege
			SeAuditPrivilege
			SeSystemEnvironmentPrivilege
			SeImpersonatePrivilege
			SeDelegateSessionUserImpersonatePrivilege</Data></EventData><RenderingInfo Culture='en-GB'><Message>Special privileges assigned to new logon.&#13;&#10;&#13;&#10;Subject:&#13;&#10;&#9;Security ID:&#9;&#9;S-1-5-18&#13;&#10;&#9;Account Name:&#9;&#9;SYSTEM&#13;&#10;&#9;Account Domain:&#9;&#9;NT AUTHORITY&#13;&#10;&#9;Logon ID:&#9;&#9;0x3E7&#13;&#10;&#13;&#10;Privileges:&#9;&#9;SeAssignPrimaryTokenPrivilege&#13;&#10;&#9;&#9;&#9;SeTcbPrivilege&#13;&#10;&#9;&#9;&#9;SeSecurityPrivilege&#13;&#10;&#9;&#9;&#9;SeTakeOwnershipPrivilege&#13;&#10;&#9;&#9;&#9;SeLoadDriverPrivilege&#13;&#10;&#9;&#9;&#9;SeBackupPrivilege&#13;&#10;&#9;&#9;&#9;SeRestorePrivilege&#13;&#10;&#9;&#9;&#9;SeDebugPrivilege&#13;&#10;&#9;&#9;&#9;SeAuditPrivilege&#13;&#10;&#9;&#9;&#9;SeSystemEnvironmentPrivilege&#13;&#10;&#9;&#9;&#9;SeImpersonatePrivilege&#13;&#10;&#9;&#9;&#9;SeDelegateSessionUserImpersonatePrivilege</Message><Level>Information</Level><Task>Special Logon</Task><Opcode>Info</Opcode><Channel>Security</Channel><Provider>Microsoft Windows security auditing.</Provider><Keywords><Keyword>Audit Success</Keyword></Keywords></RenderingInfo></Event><Event xmlns='http://schemas.microsoft.com/win/2004/08/events/event'><System><Provider Name='Microsoft-Windows-Security-Auditing' Guid='{54849625-5478-4994-a5ba-3e3b0328c30d}'/><EventID>4672</EventID><Version>0</Version><Level>0</Level><Task>12548</Task><Opcode>0</Opcode><Keywords>0x8020000000000000</Keywords><TimeCreated SystemTime='2026-02-11T08:10:55.8762283Z'/><EventRecordID>1727430</EventRecordID><Correlation ActivityID='{1469d8d3-9929-0002-01e8-69142999dc01}'/><Execution ProcessID='1232' ThreadID='23116'/><Channel>Security</Channel><Computer>Archisa</Computer><Security/></System><EventData><Data Name='SubjectUserSid'>S-1-5-18</Data><Data Name='SubjectUserName'>SYSTEM</Data><Data Name='SubjectDomainName'>NT AUTHORITY</Data><Data Name='SubjectLogonId'>0x3e7</Data><Data Name='PrivilegeList'>SeAssignPrimaryTokenPrivilege
			SeTcbPrivilege
			SeSecurityPrivilege
			SeTakeOwnershipPrivilege
			SeLoadDriverPrivilege
			SeBackupPrivilege
			SeRestorePrivilege
			SeDebugPrivilege
			SeAuditPrivilege
			SeSystemEnvironmentPrivilege
			SeImpersonatePrivilege
			SeDelegateSessionUserImpersonatePrivilege</Data></EventData><RenderingInfo Culture='en-GB'><Message>Special privileges assigned to new logon.&#13;&#10;&#13;&#10;Subject:&#13;&#10;&#9;Security ID:&#9;&#9;S-1-5-18&#13;&#10;&#9;Account Name:&#9;&#9;SYSTEM&#13;&#10;&#9;Account Domain:&#9;&#9;NT AUTHORITY&#13;&#10;&#9;Logon ID:&#9;&#9;0x3E7&#13;&#10;&#13;&#10;Privileges:&#9;&#9;SeAssignPrimaryTokenPrivilege&#13;&#10;&#9;&#9;&#9;SeTcbPrivilege&#13;&#10;&#9;&#9;&#9;SeSecurityPrivilege&#13;&#10;&#9;&#9;&#9;SeTakeOwnershipPrivilege&#13;&#10;&#9;&#9;&#9;SeLoadDriverPrivilege&#13;&#10;&#9;&#9;&#9;SeBackupPrivilege&#13;&#10;&#9;&#9;&#9;SeRestorePrivilege&#13;&#10;&#9;&#9;&#9;SeDebugPrivilege&#13;&#10;&#9;&#9;&#9;SeAuditPrivilege&#13;&#10;&#9;&#9;&#9;SeSystemEnvironmentPrivilege&#13;&#10;&#9;&#9;&#9;SeImpersonatePrivilege&#13;&#10;&#9;&#9;&#9;SeDelegateSessionUserImpersonatePrivilege</Message><Level>Information</Level><Task>Special Logon</Task><Opcode>Info</Opcode><Channel>Security</Channel><Provider>Microsoft Windows security auditing.</Provider><Keywords><Keyword>Audit Success</Keyword></Keywords></RenderingInfo></Event><Event xmlns='http://schemas.microsoft.com/win/2004/08/events/event'><System><Provider Name='Microsoft-Windows-Security-Auditing' Guid='{54849625-5478-4994-a5ba-3e3b0328c30d}'/><EventID>4672</EventID><Version>0</Version><Level>0</Level><Task>12548</Task><Opcode>0</Opcode><Keywords>0x8020000000000000</Keywords><TimeCreated SystemTime='2026-02-11T08:09:38.0681620Z'/><EventRecordID>1727358</EventRecordID><Correlation/><Execution ProcessID='1232' ThreadID='14036'/><Channel>Security</Channel><Computer>Archisa</Computer><Security/></System><EventData><Data Name='SubjectUserSid'>S-1-5-21-1794839122-2696800983-1176889395-1001</Data><Data Name='SubjectUserName'>archisadas20@gmail.com</Data><Data Name='SubjectDomainName'>MicrosoftAccount</Data><Data Name='SubjectLogonId'>0x59f8308</Data><Data Name='PrivilegeList'>SeSecurityPrivilege
			SeTakeOwnershipPrivilege
			SeLoadDriverPrivilege
			SeBackupPrivilege
			SeRestorePrivilege
			SeDebugPrivilege
			SeSystemEnvironmentPrivilege
			SeImpersonatePrivilege
			SeDelegateSessionUserImpersonatePrivilege</Data></EventData><RenderingInfo Culture='en-GB'><Message>Special privileges assigned to new logon.&#13;&#10;&#13;&#10;Subject:&#13;&#10;&#9;Security ID:&#9;&#9;S-1-5-21-1794839122-2696800983-1176889395-1001&#13;&#10;&#9;Account Name:&#9;&#9;archisadas20@gmail.com&#13;&#10;&#9;Account Domain:&#9;&#9;MicrosoftAccount&#13;&#10;&#9;Logon ID:&#9;&#9;0x59F8308&#13;&#10;&#13;&#10;Privileges:&#9;&#9;SeSecurityPrivilege&#13;&#10;&#9;&#9;&#9;SeTakeOwnershipPrivilege&#13;&#10;&#9;&#9;&#9;SeLoadDriverPrivilege&#13;&#10;&#9;&#9;&#9;SeBackupPrivilege&#13;&#10;&#9;&#9;&#9;SeRestorePrivilege&#13;&#10;&#9;&#9;&#9;SeDebugPrivilege&#13;&#10;&#9;&#9;&#9;SeSystemEnvironmentPrivilege&#13;&#10;&#9;&#9;&#9;SeImpersonatePrivilege&#13;&#10;&#9;&#9;&#9;SeDelegateSessionUserImpersonatePrivilege</Message><Level>Information</Level><Task>Special Logon</Task><Opcode>Info</Opcode><Channel>Security</Channel><Provider>Microsoft Windows security auditing.</Provider><Keywords><Keyword>Audit Success</Keyword></Keywords></RenderingInfo></Event><Event xmlns='http://schemas.microsoft.com/win/2004/08/events/event'><System><Provider Name='Microsoft-Windows-Security-Auditing' Guid='{54849625-5478-4994-a5ba-3e3b0328c30d}'/><EventID>4672</EventID><Version>0</Version><Level>0</Level><Task>12548</Task><Opcode>0</Opcode><Keywords>0x8020000000000000</Keywords><TimeCreated SystemTime='2026-02-11T08:09:37.9988337Z'/><EventRecordID>1727347</EventRecordID><Correlation ActivityID='{1469d8d3-9929-0002-01e8-69142999dc01}'/><Execution ProcessID='1232' ThreadID='16496'/><Channel>Security</Channel><Computer>Archisa</Computer><Security/></System><EventData><Data Name='SubjectUserSid'>S-1-5-21-1794839122-2696800983-1176889395-1001</Data><Data Name='SubjectUserName'>archisadas20@gmail.com</Data><Data Name='SubjectDomainName'>MicrosoftAccount</Data><Data Name='SubjectLogonId'>0x59f71ff</Data><Data Name='PrivilegeList'>SeSecurityPrivilege
			SeTakeOwnershipPrivilege
			SeLoadDriverPrivilege
			SeBackupPrivilege
			SeRestorePrivilege
			SeDebugPrivilege
			SeSystemEnvironmentPrivilege
			SeImpersonatePrivilege
			SeDelegateSessionUserImpersonatePrivilege</Data></EventData><RenderingInfo Culture='en-GB'><Message>Special privileges assigned to new logon.&#13;&#10;&#13;&#10;Subject:&#13;&#10;&#9;Security ID:&#9;&#9;S-1-5-21-1794839122-2696800983-1176889395-1001&#13;&#10;&#9;Account Name:&#9;&#9;archisadas20@gmail.com&#13;&#10;&#9;Account Domain:&#9;&#9;MicrosoftAccount&#13;&#10;&#9;Logon ID:&#9;&#9;0x59F71FF&#13;&#10;&#13;&#10;Privileges:&#9;&#9;SeSecurityPrivilege&#13;&#10;&#9;&#9;&#9;SeTakeOwnershipPrivilege&#13;&#10;&#9;&#9;&#9;SeLoadDriverPrivilege&#13;&#10;&#9;&#9;&#9;SeBackupPrivilege&#13;&#10;&#9;&#9;&#9;SeRestorePrivilege&#13;&#10;&#9;&#9;&#9;SeDebugPrivilege&#13;&#10;&#9;&#9;&#9;SeSystemEnvironmentPrivilege&#13;&#10;&#9;&#9;&#9;SeImpersonatePrivilege&#13;&#10;&#9;&#9;&#9;SeDelegateSessionUserImpersonatePrivilege</Message><Level>Information</Level><Task>Special Logon</Task><Opcode>Info</Opcode><Channel>Security</Channel><Provider>Microsoft Windows security auditing.</Provider><Keywords><Keyword>Audit Success</Keyword></Keywords></RenderingInfo></Event><Event xmlns='http://schemas.microsoft.com/win/2004/08/events/event'><System><Provider Name='Microsoft-Windows-Security-Auditing' Guid='{54849625-5478-4994-a5ba-3e3b0328c30d}'/><EventID>4672</EventID><Version>0</Version><Level>0</Level><Task>12548</Task><Opcode>0</Opcode><Keywords>0x8020000000000000</Keywords><TimeCreated SystemTime='2026-02-11T08:09:32.5156782Z'/><EventRecordID>1727340</EventRecordID><Correlation ActivityID='{1469d8d3-9929-0002-01e8-69142999dc01}'/><Execution ProcessID='1232' ThreadID='20700'/><Channel>Security</Channel><Computer>Archisa</Computer><Security/></System><EventData><Data Name='SubjectUserSid'>S-1-5-18</Data><Data Name='SubjectUserName'>SYSTEM</Data><Data Name='SubjectDomainName'>NT AUTHORITY</Data><Data Name='SubjectLogonId'>0x3e7</Data><Data Name='PrivilegeList'>SeAssignPrimaryTokenPrivilege
			SeTcbPrivilege
			SeSecurityPrivilege
			SeTakeOwnershipPrivilege
			SeLoadDriverPrivilege
			SeBackupPrivilege
			SeRestorePrivilege
			SeDebugPrivilege
			SeAuditPrivilege
			SeSystemEnvironmentPrivilege
			SeImpersonatePrivilege
			SeDelegateSessionUserImpersonatePrivilege</Data></EventData><RenderingInfo Culture='en-GB'><Message>Special privileges assigned to new logon.&#13;&#10;&#13;&#10;Subject:&#13;&#10;&#9;Security ID:&#9;&#9;S-1-5-18&#13;&#10;&#9;Account Name:&#9;&#9;SYSTEM&#13;&#10;&#9;Account Domain:&#9;&#9;NT AUTHORITY&#13;&#10;&#9;Logon ID:&#9;&#9;0x3E7&#13;&#10;&#13;&#10;Privileges:&#9;&#9;SeAssignPrimaryTokenPrivilege&#13;&#10;&#9;&#9;&#9;SeTcbPrivilege&#13;&#10;&#9;&#9;&#9;SeSecurityPrivilege&#13;&#10;&#9;&#9;&#9;SeTakeOwnershipPrivilege&#13;&#10;&#9;&#9;&#9;SeLoadDriverPrivilege&#13;&#10;&#9;&#9;&#9;SeBackupPrivilege&#13;&#10;&#9;&#9;&#9;SeRestorePrivilege&#13;&#10;&#9;&#9;&#9;SeDebugPrivilege&#13;&#10;&#9;&#9;&#9;SeAuditPrivilege&#13;&#10;&#9;&#9;&#9;SeSystemEnvironmentPrivilege&#13;&#10;&#9;&#9;&#9;SeImpersonatePrivilege&#13;&#10;&#9;&#9;&#9;SeDelegateSessionUserImpersonatePrivilege</Message><Level>Information</Level><Task>Special Logon</Task><Opcode>Info</Opcode><Channel>Security</Channel><Provider>Microsoft Windows security auditing.</Provider><Keywords><Keyword>Audit Success</Keyword></Keywords></RenderingInfo></Event>