<Event xmlns='http://schemas.microsoft.com/win/2004/08/events/event'><System><Provider Name='Microsoft-Windows-Security-Auditing' Guid='{54849625-5478-4994-a5ba-3e3b0328c30d}'/><EventID>4672</EventID><Version>0</Version><Level>0</Level><Task>12548</Task><Opcode>0</Opcode><Keywords>0x8020000000000000</Keywords><TimeCreated SystemTime='2026-02-09T15:48:14.6253131Z'/><EventRecordID>1718043</EventRecordID><Correlation ActivityID='{1469d8d3-9929-0002-01e8-69142999dc01}'/><Execution ProcessID='1232' ThreadID='17948'/><Channel>Security</Channel><Computer>Archisa</Computer><Security/></System><EventData><Data Name='SubjectUserSid'>S-1-5-18</Data><Data Name='SubjectUserName'>SYSTEM</Data><Data Name='SubjectDomainName'>NT AUTHORITY</Data><Data Name='SubjectLogonId'>0x3e7</Data><Data Name='PrivilegeList'>SeAssignPrimaryTokenPrivilege
			SeTcbPrivilege
			SeSecurityPrivilege
			SeTakeOwnershipPrivilege
			SeLoadDriverPrivilege
			SeBackupPrivilege
			SeRestorePrivilege
			SeDebugPrivilege
			SeAuditPrivilege
			SeSystemEnvironmentPrivilege
			SeImpersonatePrivilege
			SeDelegateSessionUserImpersonatePrivilege</Data></EventData><RenderingInfo Culture='en-GB'><Message>Special privileges assigned to new logon.&#13;&#10;&#13;&#10;Subject:&#13;&#10;&#9;Security ID:&#9;&#9;S-1-5-18&#13;&#10;&#9;Account Name:&#9;&#9;SYSTEM&#13;&#10;&#9;Account Domain:&#9;&#9;NT AUTHORITY&#13;&#10;&#9;Logon ID:&#9;&#9;0x3E7&#13;&#10;&#13;&#10;Privileges:&#9;&#9;SeAssignPrimaryTokenPrivilege&#13;&#10;&#9;&#9;&#9;SeTcbPrivilege&#13;&#10;&#9;&#9;&#9;SeSecurityPrivilege&#13;&#10;&#9;&#9;&#9;SeTakeOwnershipPrivilege&#13;&#10;&#9;&#9;&#9;SeLoadDriverPrivilege&#13;&#10;&#9;&#9;&#9;SeBackupPrivilege&#13;&#10;&#9;&#9;&#9;SeRestorePrivilege&#13;&#10;&#9;&#9;&#9;SeDebugPrivilege&#13;&#10;&#9;&#9;&#9;SeAuditPrivilege&#13;&#10;&#9;&#9;&#9;SeSystemEnvironmentPrivilege&#13;&#10;&#9;&#9;&#9;SeImpersonatePrivilege&#13;&#10;&#9;&#9;&#9;SeDelegateSessionUserImpersonatePrivilege</Message><Level>Information</Level><Task>Special Logon</Task><Opcode>Info</Opcode><Channel>Security</Channel><Provider>Microsoft Windows security auditing.</Provider><Keywords><Keyword>Audit Success</Keyword></Keywords></RenderingInfo></Event><Event xmlns='http://schemas.microsoft.com/win/2004/08/events/event'><System><Provider Name='Microsoft-Windows-Security-Auditing' Guid='{54849625-5478-4994-a5ba-3e3b0328c30d}'/><EventID>4672</EventID><Version>0</Version><Level>0</Level><Task>12548</Task><Opcode>0</Opcode><Keywords>0x8020000000000000</Keywords><TimeCreated SystemTime='2026-02-09T15:48:14.4435978Z'/><EventRecordID>1718041</EventRecordID><Correlation ActivityID='{1469d8d3-9929-0002-01e8-69142999dc01}'/><Execution ProcessID='1232' ThreadID='17948'/><Channel>Security</Channel><Computer>Archisa</Computer><Security/></System><EventData><Data Name='SubjectUserSid'>S-1-5-18</Data><Data Name='SubjectUserName'>SYSTEM</Data><Data Name='SubjectDomainName'>NT AUTHORITY</Data><Data Name='SubjectLogonId'>0x3e7</Data><Data Name='PrivilegeList'>SeAssignPrimaryTokenPrivilege
			SeTcbPrivilege
			SeSecurityPrivilege
			SeTakeOwnershipPrivilege
			SeLoadDriverPrivilege
			SeBackupPrivilege
			SeRestorePrivilege
			SeDebugPrivilege
			SeAuditPrivilege
			SeSystemEnvironmentPrivilege
			SeImpersonatePrivilege
			SeDelegateSessionUserImpersonatePrivilege</Data></EventData><RenderingInfo Culture='en-GB'><Message>Special privileges assigned to new logon.&#13;&#10;&#13;&#10;Subject:&#13;&#10;&#9;Security ID:&#9;&#9;S-1-5-18&#13;&#10;&#9;Account Name:&#9;&#9;SYSTEM&#13;&#10;&#9;Account Domain:&#9;&#9;NT AUTHORITY&#13;&#10;&#9;Logon ID:&#9;&#9;0x3E7&#13;&#10;&#13;&#10;Privileges:&#9;&#9;SeAssignPrimaryTokenPrivilege&#13;&#10;&#9;&#9;&#9;SeTcbPrivilege&#13;&#10;&#9;&#9;&#9;SeSecurityPrivilege&#13;&#10;&#9;&#9;&#9;SeTakeOwnershipPrivilege&#13;&#10;&#9;&#9;&#9;SeLoadDriverPrivilege&#13;&#10;&#9;&#9;&#9;SeBackupPrivilege&#13;&#10;&#9;&#9;&#9;SeRestorePrivilege&#13;&#10;&#9;&#9;&#9;SeDebugPrivilege&#13;&#10;&#9;&#9;&#9;SeAuditPrivilege&#13;&#10;&#9;&#9;&#9;SeSystemEnvironmentPrivilege&#13;&#10;&#9;&#9;&#9;SeImpersonatePrivilege&#13;&#10;&#9;&#9;&#9;SeDelegateSessionUserImpersonatePrivilege</Message><Level>Information</Level><Task>Special Logon</Task><Opcode>Info</Opcode><Channel>Security</Channel><Provider>Microsoft Windows security auditing.</Provider><Keywords><Keyword>Audit Success</Keyword></Keywords></RenderingInfo></Event><Event xmlns='http://schemas.microsoft.com/win/2004/08/events/event'><System><Provider Name='Microsoft-Windows-Security-Auditing' Guid='{54849625-5478-4994-a5ba-3e3b0328c30d}'/><EventID>4672</EventID><Version>0</Version><Level>0</Level><Task>12548</Task><Opcode>0</Opcode><Keywords>0x8020000000000000</Keywords><TimeCreated SystemTime='2026-02-09T15:46:32.4388288Z'/><EventRecordID>1718039</EventRecordID><Correlation ActivityID='{1469d8d3-9929-0002-01e8-69142999dc01}'/><Execution ProcessID='1232' ThreadID='19492'/><Channel>Security</Channel><Computer>Archisa</Computer><Security/></System><EventData><Data Name='SubjectUserSid'>S-1-5-18</Data><Data Name='SubjectUserName'>SYSTEM</Data><Data Name='SubjectDomainName'>NT AUTHORITY</Data><Data Name='SubjectLogonId'>0x3e7</Data><Data Name='PrivilegeList'>SeAssignPrimaryTokenPrivilege
			SeTcbPrivilege
			SeSecurityPrivilege
			SeTakeOwnershipPrivilege
			SeLoadDriverPrivilege
			SeBackupPrivilege
			SeRestorePrivilege
			SeDebugPrivilege
			SeAuditPrivilege
			SeSystemEnvironmentPrivilege
			SeImpersonatePrivilege
			SeDelegateSessionUserImpersonatePrivilege</Data></EventData><RenderingInfo Culture='en-GB'><Message>Special privileges assigned to new logon.&#13;&#10;&#13;&#10;Subject:&#13;&#10;&#9;Security ID:&#9;&#9;S-1-5-18&#13;&#10;&#9;Account Name:&#9;&#9;SYSTEM&#13;&#10;&#9;Account Domain:&#9;&#9;NT AUTHORITY&#13;&#10;&#9;Logon ID:&#9;&#9;0x3E7&#13;&#10;&#13;&#10;Privileges:&#9;&#9;SeAssignPrimaryTokenPrivilege&#13;&#10;&#9;&#9;&#9;SeTcbPrivilege&#13;&#10;&#9;&#9;&#9;SeSecurityPrivilege&#13;&#10;&#9;&#9;&#9;SeTakeOwnershipPrivilege&#13;&#10;&#9;&#9;&#9;SeLoadDriverPrivilege&#13;&#10;&#9;&#9;&#9;SeBackupPrivilege&#13;&#10;&#9;&#9;&#9;SeRestorePrivilege&#13;&#10;&#9;&#9;&#9;SeDebugPrivilege&#13;&#10;&#9;&#9;&#9;SeAuditPrivilege&#13;&#10;&#9;&#9;&#9;SeSystemEnvironmentPrivilege&#13;&#10;&#9;&#9;&#9;SeImpersonatePrivilege&#13;&#10;&#9;&#9;&#9;SeDelegateSessionUserImpersonatePrivilege</Message><Level>Information</Level><Task>Special Logon</Task><Opcode>Info</Opcode><Channel>Security</Channel><Provider>Microsoft Windows security auditing.</Provider><Keywords><Keyword>Audit Success</Keyword></Keywords></RenderingInfo></Event><Event xmlns='http://schemas.microsoft.com/win/2004/08/events/event'><System><Provider Name='Microsoft-Windows-Security-Auditing' Guid='{54849625-5478-4994-a5ba-3e3b0328c30d}'/><EventID>4672</EventID><Version>0</Version><Level>0</Level><Task>12548</Task><Opcode>0</Opcode><Keywords>0x8020000000000000</Keywords><TimeCreated SystemTime='2026-02-09T15:39:11.1165152Z'/><EventRecordID>1718033</EventRecordID><Correlation ActivityID='{1469d8d3-9929-0002-01e8-69142999dc01}'/><Execution ProcessID='1232' ThreadID='10944'/><Channel>Security</Channel><Computer>Archisa</Computer><Security/></System><EventData><Data Name='SubjectUserSid'>S-1-5-18</Data><Data Name='SubjectUserName'>SYSTEM</Data><Data Name='SubjectDomainName'>NT AUTHORITY</Data><Data Name='SubjectLogonId'>0x3e7</Data><Data Name='PrivilegeList'>SeAssignPrimaryTokenPrivilege
			SeTcbPrivilege
			SeSecurityPrivilege
			SeTakeOwnershipPrivilege
			SeLoadDriverPrivilege
			SeBackupPrivilege
			SeRestorePrivilege
			SeDebugPrivilege
			SeAuditPrivilege
			SeSystemEnvironmentPrivilege
			SeImpersonatePrivilege
			SeDelegateSessionUserImpersonatePrivilege</Data></EventData><RenderingInfo Culture='en-GB'><Message>Special privileges assigned to new logon.&#13;&#10;&#13;&#10;Subject:&#13;&#10;&#9;Security ID:&#9;&#9;S-1-5-18&#13;&#10;&#9;Account Name:&#9;&#9;SYSTEM&#13;&#10;&#9;Account Domain:&#9;&#9;NT AUTHORITY&#13;&#10;&#9;Logon ID:&#9;&#9;0x3E7&#13;&#10;&#13;&#10;Privileges:&#9;&#9;SeAssignPrimaryTokenPrivilege&#13;&#10;&#9;&#9;&#9;SeTcbPrivilege&#13;&#10;&#9;&#9;&#9;SeSecurityPrivilege&#13;&#10;&#9;&#9;&#9;SeTakeOwnershipPrivilege&#13;&#10;&#9;&#9;&#9;SeLoadDriverPrivilege&#13;&#10;&#9;&#9;&#9;SeBackupPrivilege&#13;&#10;&#9;&#9;&#9;SeRestorePrivilege&#13;&#10;&#9;&#9;&#9;SeDebugPrivilege&#13;&#10;&#9;&#9;&#9;SeAuditPrivilege&#13;&#10;&#9;&#9;&#9;SeSystemEnvironmentPrivilege&#13;&#10;&#9;&#9;&#9;SeImpersonatePrivilege&#13;&#10;&#9;&#9;&#9;SeDelegateSessionUserImpersonatePrivilege</Message><Level>Information</Level><Task>Special Logon</Task><Opcode>Info</Opcode><Channel>Security</Channel><Provider>Microsoft Windows security auditing.</Provider><Keywords><Keyword>Audit Success</Keyword></Keywords></RenderingInfo></Event><Event xmlns='http://schemas.microsoft.com/win/2004/08/events/event'><System><Provider Name='Microsoft-Windows-Security-Auditing' Guid='{54849625-5478-4994-a5ba-3e3b0328c30d}'/><EventID>4672</EventID><Version>0</Version><Level>0</Level><Task>12548</Task><Opcode>0</Opcode><Keywords>0x8020000000000000</Keywords><TimeCreated SystemTime='2026-02-09T15:38:09.8958383Z'/><EventRecordID>1718031</EventRecordID><Correlation ActivityID='{1469d8d3-9929-0002-01e8-69142999dc01}'/><Execution ProcessID='1232' ThreadID='10944'/><Channel>Security</Channel><Computer>Archisa</Computer><Security/></System><EventData><Data Name='SubjectUserSid'>S-1-5-18</Data><Data Name='SubjectUserName'>SYSTEM</Data><Data Name='SubjectDomainName'>NT AUTHORITY</Data><Data Name='SubjectLogonId'>0x3e7</Data><Data Name='PrivilegeList'>SeAssignPrimaryTokenPrivilege
			SeTcbPrivilege
			SeSecurityPrivilege
			SeTakeOwnershipPrivilege
			SeLoadDriverPrivilege
			SeBackupPrivilege
			SeRestorePrivilege
			SeDebugPrivilege
			SeAuditPrivilege
			SeSystemEnvironmentPrivilege
			SeImpersonatePrivilege
			SeDelegateSessionUserImpersonatePrivilege</Data></EventData><RenderingInfo Culture='en-GB'><Message>Special privileges assigned to new logon.&#13;&#10;&#13;&#10;Subject:&#13;&#10;&#9;Security ID:&#9;&#9;S-1-5-18&#13;&#10;&#9;Account Name:&#9;&#9;SYSTEM&#13;&#10;&#9;Account Domain:&#9;&#9;NT AUTHORITY&#13;&#10;&#9;Logon ID:&#9;&#9;0x3E7&#13;&#10;&#13;&#10;Privileges:&#9;&#9;SeAssignPrimaryTokenPrivilege&#13;&#10;&#9;&#9;&#9;SeTcbPrivilege&#13;&#10;&#9;&#9;&#9;SeSecurityPrivilege&#13;&#10;&#9;&#9;&#9;SeTakeOwnershipPrivilege&#13;&#10;&#9;&#9;&#9;SeLoadDriverPrivilege&#13;&#10;&#9;&#9;&#9;SeBackupPrivilege&#13;&#10;&#9;&#9;&#9;SeRestorePrivilege&#13;&#10;&#9;&#9;&#9;SeDebugPrivilege&#13;&#10;&#9;&#9;&#9;SeAuditPrivilege&#13;&#10;&#9;&#9;&#9;SeSystemEnvironmentPrivilege&#13;&#10;&#9;&#9;&#9;SeImpersonatePrivilege&#13;&#10;&#9;&#9;&#9;SeDelegateSessionUserImpersonatePrivilege</Message><Level>Information</Level><Task>Special Logon</Task><Opcode>Info</Opcode><Channel>Security</Channel><Provider>Microsoft Windows security auditing.</Provider><Keywords><Keyword>Audit Success</Keyword></Keywords></RenderingInfo></Event><Event xmlns='http://schemas.microsoft.com/win/2004/08/events/event'><System><Provider Name='Microsoft-Windows-Security-Auditing' Guid='{54849625-5478-4994-a5ba-3e3b0328c30d}'/><EventID>4672</EventID><Version>0</Version><Level>0</Level><Task>12548</Task><Opcode>0</Opcode><Keywords>0x8020000000000000</Keywords><TimeCreated SystemTime='2026-02-09T15:35:40.4661503Z'/><EventRecordID>1717854</EventRecordID><Correlation ActivityID='{1469d8d3-9929-0002-01e8-69142999dc01}'/><Execution ProcessID='1232' ThreadID='11932'/><Channel>Security</Channel><Computer>Archisa</Computer><Security/></System><EventData><Data Name='SubjectUserSid'>S-1-5-18</Data><Data Name='SubjectUserName'>SYSTEM</Data><Data Name='SubjectDomainName'>NT AUTHORITY</Data><Data Name='SubjectLogonId'>0x3e7</Data><Data Name='PrivilegeList'>SeAssignPrimaryTokenPrivilege
			SeTcbPrivilege
			SeSecurityPrivilege
			SeTakeOwnershipPrivilege
			SeLoadDriverPrivilege
			SeBackupPrivilege
			SeRestorePrivilege
			SeDebugPrivilege
			SeAuditPrivilege
			SeSystemEnvironmentPrivilege
			SeImpersonatePrivilege
			SeDelegateSessionUserImpersonatePrivilege</Data></EventData><RenderingInfo Culture='en-GB'><Message>Special privileges assigned to new logon.&#13;&#10;&#13;&#10;Subject:&#13;&#10;&#9;Security ID:&#9;&#9;S-1-5-18&#13;&#10;&#9;Account Name:&#9;&#9;SYSTEM&#13;&#10;&#9;Account Domain:&#9;&#9;NT AUTHORITY&#13;&#10;&#9;Logon ID:&#9;&#9;0x3E7&#13;&#10;&#13;&#10;Privileges:&#9;&#9;SeAssignPrimaryTokenPrivilege&#13;&#10;&#9;&#9;&#9;SeTcbPrivilege&#13;&#10;&#9;&#9;&#9;SeSecurityPrivilege&#13;&#10;&#9;&#9;&#9;SeTakeOwnershipPrivilege&#13;&#10;&#9;&#9;&#9;SeLoadDriverPrivilege&#13;&#10;&#9;&#9;&#9;SeBackupPrivilege&#13;&#10;&#9;&#9;&#9;SeRestorePrivilege&#13;&#10;&#9;&#9;&#9;SeDebugPrivilege&#13;&#10;&#9;&#9;&#9;SeAuditPrivilege&#13;&#10;&#9;&#9;&#9;SeSystemEnvironmentPrivilege&#13;&#10;&#9;&#9;&#9;SeImpersonatePrivilege&#13;&#10;&#9;&#9;&#9;SeDelegateSessionUserImpersonatePrivilege</Message><Level>Information</Level><Task>Special Logon</Task><Opcode>Info</Opcode><Channel>Security</Channel><Provider>Microsoft Windows security auditing.</Provider><Keywords><Keyword>Audit Success</Keyword></Keywords></RenderingInfo></Event><Event xmlns='http://schemas.microsoft.com/win/2004/08/events/event'><System><Provider Name='Microsoft-Windows-Security-Auditing' Guid='{54849625-5478-4994-a5ba-3e3b0328c30d}'/><EventID>4672</EventID><Version>0</Version><Level>0</Level><Task>12548</Task><Opcode>0</Opcode><Keywords>0x8020000000000000</Keywords><TimeCreated SystemTime='2026-02-09T15:34:58.2297344Z'/><EventRecordID>1717845</EventRecordID><Correlation ActivityID='{1469d8d3-9929-0002-01e8-69142999dc01}'/><Execution ProcessID='1232' ThreadID='19492'/><Channel>Security</Channel><Computer>Archisa</Computer><Security/></System><EventData><Data Name='SubjectUserSid'>S-1-5-18</Data><Data Name='SubjectUserName'>SYSTEM</Data><Data Name='SubjectDomainName'>NT AUTHORITY</Data><Data Name='SubjectLogonId'>0x3e7</Data><Data Name='PrivilegeList'>SeAssignPrimaryTokenPrivilege
			SeTcbPrivilege
			SeSecurityPrivilege
			SeTakeOwnershipPrivilege
			SeLoadDriverPrivilege
			SeBackupPrivilege
			SeRestorePrivilege
			SeDebugPrivilege
			SeAuditPrivilege
			SeSystemEnvironmentPrivilege
			SeImpersonatePrivilege
			SeDelegateSessionUserImpersonatePrivilege</Data></EventData><RenderingInfo Culture='en-GB'><Message>Special privileges assigned to new logon.&#13;&#10;&#13;&#10;Subject:&#13;&#10;&#9;Security ID:&#9;&#9;S-1-5-18&#13;&#10;&#9;Account Name:&#9;&#9;SYSTEM&#13;&#10;&#9;Account Domain:&#9;&#9;NT AUTHORITY&#13;&#10;&#9;Logon ID:&#9;&#9;0x3E7&#13;&#10;&#13;&#10;Privileges:&#9;&#9;SeAssignPrimaryTokenPrivilege&#13;&#10;&#9;&#9;&#9;SeTcbPrivilege&#13;&#10;&#9;&#9;&#9;SeSecurityPrivilege&#13;&#10;&#9;&#9;&#9;SeTakeOwnershipPrivilege&#13;&#10;&#9;&#9;&#9;SeLoadDriverPrivilege&#13;&#10;&#9;&#9;&#9;SeBackupPrivilege&#13;&#10;&#9;&#9;&#9;SeRestorePrivilege&#13;&#10;&#9;&#9;&#9;SeDebugPrivilege&#13;&#10;&#9;&#9;&#9;SeAuditPrivilege&#13;&#10;&#9;&#9;&#9;SeSystemEnvironmentPrivilege&#13;&#10;&#9;&#9;&#9;SeImpersonatePrivilege&#13;&#10;&#9;&#9;&#9;SeDelegateSessionUserImpersonatePrivilege</Message><Level>Information</Level><Task>Special Logon</Task><Opcode>Info</Opcode><Channel>Security</Channel><Provider>Microsoft Windows security auditing.</Provider><Keywords><Keyword>Audit Success</Keyword></Keywords></RenderingInfo></Event><Event xmlns='http://schemas.microsoft.com/win/2004/08/events/event'><System><Provider Name='Microsoft-Windows-Security-Auditing' Guid='{54849625-5478-4994-a5ba-3e3b0328c30d}'/><EventID>4672</EventID><Version>0</Version><Level>0</Level><Task>12548</Task><Opcode>0</Opcode><Keywords>0x8020000000000000</Keywords><TimeCreated SystemTime='2026-02-09T15:34:57.3093246Z'/><EventRecordID>1717843</EventRecordID><Correlation ActivityID='{1469d8d3-9929-0002-01e8-69142999dc01}'/><Execution ProcessID='1232' ThreadID='11932'/><Channel>Security</Channel><Computer>Archisa</Computer><Security/></System><EventData><Data Name='SubjectUserSid'>S-1-5-18</Data><Data Name='SubjectUserName'>SYSTEM</Data><Data Name='SubjectDomainName'>NT AUTHORITY</Data><Data Name='SubjectLogonId'>0x3e7</Data><Data Name='PrivilegeList'>SeAssignPrimaryTokenPrivilege
			SeTcbPrivilege
			SeSecurityPrivilege
			SeTakeOwnershipPrivilege
			SeLoadDriverPrivilege
			SeBackupPrivilege
			SeRestorePrivilege
			SeDebugPrivilege
			SeAuditPrivilege
			SeSystemEnvironmentPrivilege
			SeImpersonatePrivilege
			SeDelegateSessionUserImpersonatePrivilege</Data></EventData><RenderingInfo Culture='en-GB'><Message>Special privileges assigned to new logon.&#13;&#10;&#13;&#10;Subject:&#13;&#10;&#9;Security ID:&#9;&#9;S-1-5-18&#13;&#10;&#9;Account Name:&#9;&#9;SYSTEM&#13;&#10;&#9;Account Domain:&#9;&#9;NT AUTHORITY&#13;&#10;&#9;Logon ID:&#9;&#9;0x3E7&#13;&#10;&#13;&#10;Privileges:&#9;&#9;SeAssignPrimaryTokenPrivilege&#13;&#10;&#9;&#9;&#9;SeTcbPrivilege&#13;&#10;&#9;&#9;&#9;SeSecurityPrivilege&#13;&#10;&#9;&#9;&#9;SeTakeOwnershipPrivilege&#13;&#10;&#9;&#9;&#9;SeLoadDriverPrivilege&#13;&#10;&#9;&#9;&#9;SeBackupPrivilege&#13;&#10;&#9;&#9;&#9;SeRestorePrivilege&#13;&#10;&#9;&#9;&#9;SeDebugPrivilege&#13;&#10;&#9;&#9;&#9;SeAuditPrivilege&#13;&#10;&#9;&#9;&#9;SeSystemEnvironmentPrivilege&#13;&#10;&#9;&#9;&#9;SeImpersonatePrivilege&#13;&#10;&#9;&#9;&#9;SeDelegateSessionUserImpersonatePrivilege</Message><Level>Information</Level><Task>Special Logon</Task><Opcode>Info</Opcode><Channel>Security</Channel><Provider>Microsoft Windows security auditing.</Provider><Keywords><Keyword>Audit Success</Keyword></Keywords></RenderingInfo></Event><Event xmlns='http://schemas.microsoft.com/win/2004/08/events/event'><System><Provider Name='Microsoft-Windows-Security-Auditing' Guid='{54849625-5478-4994-a5ba-3e3b0328c30d}'/><EventID>4672</EventID><Version>0</Version><Level>0</Level><Task>12548</Task><Opcode>0</Opcode><Keywords>0x8020000000000000</Keywords><TimeCreated SystemTime='2026-02-09T15:34:16.8896825Z'/><EventRecordID>1717709</EventRecordID><Correlation ActivityID='{1469d8d3-9929-0002-01e8-69142999dc01}'/><Execution ProcessID='1232' ThreadID='19492'/><Channel>Security</Channel><Computer>Archisa</Computer><Security/></System><EventData><Data Name='SubjectUserSid'>S-1-5-18</Data><Data Name='SubjectUserName'>SYSTEM</Data><Data Name='SubjectDomainName'>NT AUTHORITY</Data><Data Name='SubjectLogonId'>0x3e7</Data><Data Name='PrivilegeList'>SeAssignPrimaryTokenPrivilege
			SeTcbPrivilege
			SeSecurityPrivilege
			SeTakeOwnershipPrivilege
			SeLoadDriverPrivilege
			SeBackupPrivilege
			SeRestorePrivilege
			SeDebugPrivilege
			SeAuditPrivilege
			SeSystemEnvironmentPrivilege
			SeImpersonatePrivilege
			SeDelegateSessionUserImpersonatePrivilege</Data></EventData><RenderingInfo Culture='en-GB'><Message>Special privileges assigned to new logon.&#13;&#10;&#13;&#10;Subject:&#13;&#10;&#9;Security ID:&#9;&#9;S-1-5-18&#13;&#10;&#9;Account Name:&#9;&#9;SYSTEM&#13;&#10;&#9;Account Domain:&#9;&#9;NT AUTHORITY&#13;&#10;&#9;Logon ID:&#9;&#9;0x3E7&#13;&#10;&#13;&#10;Privileges:&#9;&#9;SeAssignPrimaryTokenPrivilege&#13;&#10;&#9;&#9;&#9;SeTcbPrivilege&#13;&#10;&#9;&#9;&#9;SeSecurityPrivilege&#13;&#10;&#9;&#9;&#9;SeTakeOwnershipPrivilege&#13;&#10;&#9;&#9;&#9;SeLoadDriverPrivilege&#13;&#10;&#9;&#9;&#9;SeBackupPrivilege&#13;&#10;&#9;&#9;&#9;SeRestorePrivilege&#13;&#10;&#9;&#9;&#9;SeDebugPrivilege&#13;&#10;&#9;&#9;&#9;SeAuditPrivilege&#13;&#10;&#9;&#9;&#9;SeSystemEnvironmentPrivilege&#13;&#10;&#9;&#9;&#9;SeImpersonatePrivilege&#13;&#10;&#9;&#9;&#9;SeDelegateSessionUserImpersonatePrivilege</Message><Level>Information</Level><Task>Special Logon</Task><Opcode>Info</Opcode><Channel>Security</Channel><Provider>Microsoft Windows security auditing.</Provider><Keywords><Keyword>Audit Success</Keyword></Keywords></RenderingInfo></Event><Event xmlns='http://schemas.microsoft.com/win/2004/08/events/event'><System><Provider Name='Microsoft-Windows-Security-Auditing' Guid='{54849625-5478-4994-a5ba-3e3b0328c30d}'/><EventID>4672</EventID><Version>0</Version><Level>0</Level><Task>12548</Task><Opcode>0</Opcode><Keywords>0x8020000000000000</Keywords><TimeCreated SystemTime='2026-02-09T15:33:14.4303505Z'/><EventRecordID>1716954</EventRecordID><Correlation/><Execution ProcessID='1232' ThreadID='1472'/><Channel>Security</Channel><Computer>Archisa</Computer><Security/></System><EventData><Data Name='SubjectUserSid'>S-1-5-21-1794839122-2696800983-1176889395-1001</Data><Data Name='SubjectUserName'>archisadas20@gmail.com</Data><Data Name='SubjectDomainName'>MicrosoftAccount</Data><Data Name='SubjectLogonId'>0xb10b99</Data><Data Name='PrivilegeList'>SeSecurityPrivilege
			SeTakeOwnershipPrivilege
			SeLoadDriverPrivilege
			SeBackupPrivilege
			SeRestorePrivilege
			SeDebugPrivilege
			SeSystemEnvironmentPrivilege
			SeImpersonatePrivilege
			SeDelegateSessionUserImpersonatePrivilege</Data></EventData><RenderingInfo Culture='en-GB'><Message>Special privileges assigned to new logon.&#13;&#10;&#13;&#10;Subject:&#13;&#10;&#9;Security ID:&#9;&#9;S-1-5-21-1794839122-2696800983-1176889395-1001&#13;&#10;&#9;Account Name:&#9;&#9;archisadas20@gmail.com&#13;&#10;&#9;Account Domain:&#9;&#9;MicrosoftAccount&#13;&#10;&#9;Logon ID:&#9;&#9;0xB10B99&#13;&#10;&#13;&#10;Privileges:&#9;&#9;SeSecurityPrivilege&#13;&#10;&#9;&#9;&#9;SeTakeOwnershipPrivilege&#13;&#10;&#9;&#9;&#9;SeLoadDriverPrivilege&#13;&#10;&#9;&#9;&#9;SeBackupPrivilege&#13;&#10;&#9;&#9;&#9;SeRestorePrivilege&#13;&#10;&#9;&#9;&#9;SeDebugPrivilege&#13;&#10;&#9;&#9;&#9;SeSystemEnvironmentPrivilege&#13;&#10;&#9;&#9;&#9;SeImpersonatePrivilege&#13;&#10;&#9;&#9;&#9;SeDelegateSessionUserImpersonatePrivilege</Message><Level>Information</Level><Task>Special Logon</Task><Opcode>Info</Opcode><Channel>Security</Channel><Provider>Microsoft Windows security auditing.</Provider><Keywords><Keyword>Audit Success</Keyword></Keywords></RenderingInfo></Event><Event xmlns='http://schemas.microsoft.com/win/2004/08/events/event'><System><Provider Name='Microsoft-Windows-Security-Auditing' Guid='{54849625-5478-4994-a5ba-3e3b0328c30d}'/><EventID>4672</EventID><Version>0</Version><Level>0</Level><Task>12548</Task><Opcode>0</Opcode><Keywords>0x8020000000000000</Keywords><TimeCreated SystemTime='2026-02-09T15:33:14.3325951Z'/><EventRecordID>1716947</EventRecordID><Correlation ActivityID='{1469d8d3-9929-0002-01e8-69142999dc01}'/><Execution ProcessID='1232' ThreadID='14688'/><Channel>Security</Channel><Computer>Archisa</Computer><Security/></System><EventData><Data Name='SubjectUserSid'>S-1-5-21-1794839122-2696800983-1176889395-1001</Data><Data Name='SubjectUserName'>archisadas20@gmail.com</Data><Data Name='SubjectDomainName'>MicrosoftAccount</Data><Data Name='SubjectLogonId'>0xb0e27b</Data><Data Name='PrivilegeList'>SeSecurityPrivilege
			SeTakeOwnershipPrivilege
			SeLoadDriverPrivilege
			SeBackupPrivilege
			SeRestorePrivilege
			SeDebugPrivilege
			SeSystemEnvironmentPrivilege
			SeImpersonatePrivilege
			SeDelegateSessionUserImpersonatePrivilege</Data></EventData><RenderingInfo Culture='en-GB'><Message>Special privileges assigned to new logon.&#13;&#10;&#13;&#10;Subject:&#13;&#10;&#9;Security ID:&#9;&#9;S-1-5-21-1794839122-2696800983-1176889395-1001&#13;&#10;&#9;Account Name:&#9;&#9;archisadas20@gmail.com&#13;&#10;&#9;Account Domain:&#9;&#9;MicrosoftAccount&#13;&#10;&#9;Logon ID:&#9;&#9;0xB0E27B&#13;&#10;&#13;&#10;Privileges:&#9;&#9;SeSecurityPrivilege&#13;&#10;&#9;&#9;&#9;SeTakeOwnershipPrivilege&#13;&#10;&#9;&#9;&#9;SeLoadDriverPrivilege&#13;&#10;&#9;&#9;&#9;SeBackupPrivilege&#13;&#10;&#9;&#9;&#9;SeRestorePrivilege&#13;&#10;&#9;&#9;&#9;SeDebugPrivilege&#13;&#10;&#9;&#9;&#9;SeSystemEnvironmentPrivilege&#13;&#10;&#9;&#9;&#9;SeImpersonatePrivilege&#13;&#10;&#9;&#9;&#9;SeDelegateSessionUserImpersonatePrivilege</Message><Level>Information</Level><Task>Special Logon</Task><Opcode>Info</Opcode><Channel>Security</Channel><Provider>Microsoft Windows security auditing.</Provider><Keywords><Keyword>Audit Success</Keyword></Keywords></RenderingInfo></Event><Event xmlns='http://schemas.microsoft.com/win/2004/08/events/event'><System><Provider Name='Microsoft-Windows-Security-Auditing' Guid='{54849625-5478-4994-a5ba-3e3b0328c30d}'/><EventID>4672</EventID><Version>0</Version><Level>0</Level><Task>12548</Task><Opcode>0</Opcode><Keywords>0x8020000000000000</Keywords><TimeCreated SystemTime='2026-02-09T15:33:11.6651102Z'/><EventRecordID>1716921</EventRecordID><Correlation ActivityID='{1469d8d3-9929-0002-01e8-69142999dc01}'/><Execution ProcessID='1232' ThreadID='10944'/><Channel>Security</Channel><Computer>Archisa</Computer><Security/></System><EventData><Data Name='SubjectUserSid'>S-1-5-18</Data><Data Name='SubjectUserName'>SYSTEM</Data><Data Name='SubjectDomainName'>NT AUTHORITY</Data><Data Name='SubjectLogonId'>0x3e7</Data><Data Name='PrivilegeList'>SeAssignPrimaryTokenPrivilege
			SeTcbPrivilege
			SeSecurityPrivilege
			SeTakeOwnershipPrivilege
			SeLoadDriverPrivilege
			SeBackupPrivilege
			SeRestorePrivilege
			SeDebugPrivilege
			SeAuditPrivilege
			SeSystemEnvironmentPrivilege
			SeImpersonatePrivilege
			SeDelegateSessionUserImpersonatePrivilege</Data></EventData><RenderingInfo Culture='en-GB'><Message>Special privileges assigned to new logon.&#13;&#10;&#13;&#10;Subject:&#13;&#10;&#9;Security ID:&#9;&#9;S-1-5-18&#13;&#10;&#9;Account Name:&#9;&#9;SYSTEM&#13;&#10;&#9;Account Domain:&#9;&#9;NT AUTHORITY&#13;&#10;&#9;Logon ID:&#9;&#9;0x3E7&#13;&#10;&#13;&#10;Privileges:&#9;&#9;SeAssignPrimaryTokenPrivilege&#13;&#10;&#9;&#9;&#9;SeTcbPrivilege&#13;&#10;&#9;&#9;&#9;SeSecurityPrivilege&#13;&#10;&#9;&#9;&#9;SeTakeOwnershipPrivilege&#13;&#10;&#9;&#9;&#9;SeLoadDriverPrivilege&#13;&#10;&#9;&#9;&#9;SeBackupPrivilege&#13;&#10;&#9;&#9;&#9;SeRestorePrivilege&#13;&#10;&#9;&#9;&#9;SeDebugPrivilege&#13;&#10;&#9;&#9;&#9;SeAuditPrivilege&#13;&#10;&#9;&#9;&#9;SeSystemEnvironmentPrivilege&#13;&#10;&#9;&#9;&#9;SeImpersonatePrivilege&#13;&#10;&#9;&#9;&#9;SeDelegateSessionUserImpersonatePrivilege</Message><Level>Information</Level><Task>Special Logon</Task><Opcode>Info</Opcode><Channel>Security</Channel><Provider>Microsoft Windows security auditing.</Provider><Keywords><Keyword>Audit Success</Keyword></Keywords></RenderingInfo></Event><Event xmlns='http://schemas.microsoft.com/win/2004/08/events/event'><System><Provider Name='Microsoft-Windows-Security-Auditing' Guid='{54849625-5478-4994-a5ba-3e3b0328c30d}'/><EventID>4672</EventID><Version>0</Version><Level>0</Level><Task>12548</Task><Opcode>0</Opcode><Keywords>0x8020000000000000</Keywords><TimeCreated SystemTime='2026-02-09T15:33:11.6480001Z'/><EventRecordID>1716919</EventRecordID><Correlation ActivityID='{1469d8d3-9929-0002-01e8-69142999dc01}'/><Execution ProcessID='1232' ThreadID='10944'/><Channel>Security</Channel><Computer>Archisa</Computer><Security/></System><EventData><Data Name='SubjectUserSid'>S-1-5-18</Data><Data Name='SubjectUserName'>SYSTEM</Data><Data Name='SubjectDomainName'>NT AUTHORITY</Data><Data Name='SubjectLogonId'>0x3e7</Data><Data Name='PrivilegeList'>SeAssignPrimaryTokenPrivilege
			SeTcbPrivilege
			SeSecurityPrivilege
			SeTakeOwnershipPrivilege
			SeLoadDriverPrivilege
			SeBackupPrivilege
			SeRestorePrivilege
			SeDebugPrivilege
			SeAuditPrivilege
			SeSystemEnvironmentPrivilege
			SeImpersonatePrivilege
			SeDelegateSessionUserImpersonatePrivilege</Data></EventData><RenderingInfo Culture='en-GB'><Message>Special privileges assigned to new logon.&#13;&#10;&#13;&#10;Subject:&#13;&#10;&#9;Security ID:&#9;&#9;S-1-5-18&#13;&#10;&#9;Account Name:&#9;&#9;SYSTEM&#13;&#10;&#9;Account Domain:&#9;&#9;NT AUTHORITY&#13;&#10;&#9;Logon ID:&#9;&#9;0x3E7&#13;&#10;&#13;&#10;Privileges:&#9;&#9;SeAssignPrimaryTokenPrivilege&#13;&#10;&#9;&#9;&#9;SeTcbPrivilege&#13;&#10;&#9;&#9;&#9;SeSecurityPrivilege&#13;&#10;&#9;&#9;&#9;SeTakeOwnershipPrivilege&#13;&#10;&#9;&#9;&#9;SeLoadDriverPrivilege&#13;&#10;&#9;&#9;&#9;SeBackupPrivilege&#13;&#10;&#9;&#9;&#9;SeRestorePrivilege&#13;&#10;&#9;&#9;&#9;SeDebugPrivilege&#13;&#10;&#9;&#9;&#9;SeAuditPrivilege&#13;&#10;&#9;&#9;&#9;SeSystemEnvironmentPrivilege&#13;&#10;&#9;&#9;&#9;SeImpersonatePrivilege&#13;&#10;&#9;&#9;&#9;SeDelegateSessionUserImpersonatePrivilege</Message><Level>Information</Level><Task>Special Logon</Task><Opcode>Info</Opcode><Channel>Security</Channel><Provider>Microsoft Windows security auditing.</Provider><Keywords><Keyword>Audit Success</Keyword></Keywords></RenderingInfo></Event><Event xmlns='http://schemas.microsoft.com/win/2004/08/events/event'><System><Provider Name='Microsoft-Windows-Security-Auditing' Guid='{54849625-5478-4994-a5ba-3e3b0328c30d}'/><EventID>4672</EventID><Version>0</Version><Level>0</Level><Task>12548</Task><Opcode>0</Opcode><Keywords>0x8020000000000000</Keywords><TimeCreated SystemTime='2026-02-09T15:33:11.6151976Z'/><EventRecordID>1716917</EventRecordID><Correlation ActivityID='{1469d8d3-9929-0002-01e8-69142999dc01}'/><Execution ProcessID='1232' ThreadID='10944'/><Channel>Security</Channel><Computer>Archisa</Computer><Security/></System><EventData><Data Name='SubjectUserSid'>S-1-5-18</Data><Data Name='SubjectUserName'>SYSTEM</Data><Data Name='SubjectDomainName'>NT AUTHORITY</Data><Data Name='SubjectLogonId'>0x3e7</Data><Data Name='PrivilegeList'>SeAssignPrimaryTokenPrivilege
			SeTcbPrivilege
			SeSecurityPrivilege
			SeTakeOwnershipPrivilege
			SeLoadDriverPrivilege
			SeBackupPrivilege
			SeRestorePrivilege
			SeDebugPrivilege
			SeAuditPrivilege
			SeSystemEnvironmentPrivilege
			SeImpersonatePrivilege
			SeDelegateSessionUserImpersonatePrivilege</Data></EventData><RenderingInfo Culture='en-GB'><Message>Special privileges assigned to new logon.&#13;&#10;&#13;&#10;Subject:&#13;&#10;&#9;Security ID:&#9;&#9;S-1-5-18&#13;&#10;&#9;Account Name:&#9;&#9;SYSTEM&#13;&#10;&#9;Account Domain:&#9;&#9;NT AUTHORITY&#13;&#10;&#9;Logon ID:&#9;&#9;0x3E7&#13;&#10;&#13;&#10;Privileges:&#9;&#9;SeAssignPrimaryTokenPrivilege&#13;&#10;&#9;&#9;&#9;SeTcbPrivilege&#13;&#10;&#9;&#9;&#9;SeSecurityPrivilege&#13;&#10;&#9;&#9;&#9;SeTakeOwnershipPrivilege&#13;&#10;&#9;&#9;&#9;SeLoadDriverPrivilege&#13;&#10;&#9;&#9;&#9;SeBackupPrivilege&#13;&#10;&#9;&#9;&#9;SeRestorePrivilege&#13;&#10;&#9;&#9;&#9;SeDebugPrivilege&#13;&#10;&#9;&#9;&#9;SeAuditPrivilege&#13;&#10;&#9;&#9;&#9;SeSystemEnvironmentPrivilege&#13;&#10;&#9;&#9;&#9;SeImpersonatePrivilege&#13;&#10;&#9;&#9;&#9;SeDelegateSessionUserImpersonatePrivilege</Message><Level>Information</Level><Task>Special Logon</Task><Opcode>Info</Opcode><Channel>Security</Channel><Provider>Microsoft Windows security auditing.</Provider><Keywords><Keyword>Audit Success</Keyword></Keywords></RenderingInfo></Event><Event xmlns='http://schemas.microsoft.com/win/2004/08/events/event'><System><Provider Name='Microsoft-Windows-Security-Auditing' Guid='{54849625-5478-4994-a5ba-3e3b0328c30d}'/><EventID>4672</EventID><Version>0</Version><Level>0</Level><Task>12548</Task><Opcode>0</Opcode><Keywords>0x8020000000000000</Keywords><TimeCreated SystemTime='2026-02-09T15:33:11.3300922Z'/><EventRecordID>1716914</EventRecordID><Correlation ActivityID='{1469d8d3-9929-0002-01e8-69142999dc01}'/><Execution ProcessID='1232' ThreadID='20612'/><Channel>Security</Channel><Computer>Archisa</Computer><Security/></System><EventData><Data Name='SubjectUserSid'>S-1-5-18</Data><Data Name='SubjectUserName'>SYSTEM</Data><Data Name='SubjectDomainName'>NT AUTHORITY</Data><Data Name='SubjectLogonId'>0x3e7</Data><Data Name='PrivilegeList'>SeAssignPrimaryTokenPrivilege
			SeTcbPrivilege
			SeSecurityPrivilege
			SeTakeOwnershipPrivilege
			SeLoadDriverPrivilege
			SeBackupPrivilege
			SeRestorePrivilege
			SeDebugPrivilege
			SeAuditPrivilege
			SeSystemEnvironmentPrivilege
			SeImpersonatePrivilege
			SeDelegateSessionUserImpersonatePrivilege</Data></EventData><RenderingInfo Culture='en-GB'><Message>Special privileges assigned to new logon.&#13;&#10;&#13;&#10;Subject:&#13;&#10;&#9;Security ID:&#9;&#9;S-1-5-18&#13;&#10;&#9;Account Name:&#9;&#9;SYSTEM&#13;&#10;&#9;Account Domain:&#9;&#9;NT AUTHORITY&#13;&#10;&#9;Logon ID:&#9;&#9;0x3E7&#13;&#10;&#13;&#10;Privileges:&#9;&#9;SeAssignPrimaryTokenPrivilege&#13;&#10;&#9;&#9;&#9;SeTcbPrivilege&#13;&#10;&#9;&#9;&#9;SeSecurityPrivilege&#13;&#10;&#9;&#9;&#9;SeTakeOwnershipPrivilege&#13;&#10;&#9;&#9;&#9;SeLoadDriverPrivilege&#13;&#10;&#9;&#9;&#9;SeBackupPrivilege&#13;&#10;&#9;&#9;&#9;SeRestorePrivilege&#13;&#10;&#9;&#9;&#9;SeDebugPrivilege&#13;&#10;&#9;&#9;&#9;SeAuditPrivilege&#13;&#10;&#9;&#9;&#9;SeSystemEnvironmentPrivilege&#13;&#10;&#9;&#9;&#9;SeImpersonatePrivilege&#13;&#10;&#9;&#9;&#9;SeDelegateSessionUserImpersonatePrivilege</Message><Level>Information</Level><Task>Special Logon</Task><Opcode>Info</Opcode><Channel>Security</Channel><Provider>Microsoft Windows security auditing.</Provider><Keywords><Keyword>Audit Success</Keyword></Keywords></RenderingInfo></Event><Event xmlns='http://schemas.microsoft.com/win/2004/08/events/event'><System><Provider Name='Microsoft-Windows-Security-Auditing' Guid='{54849625-5478-4994-a5ba-3e3b0328c30d}'/><EventID>4672</EventID><Version>0</Version><Level>0</Level><Task>12548</Task><Opcode>0</Opcode><Keywords>0x8020000000000000</Keywords><TimeCreated SystemTime='2026-02-09T15:33:10.2429561Z'/><EventRecordID>1716901</EventRecordID><Correlation ActivityID='{1469d8d3-9929-0002-01e8-69142999dc01}'/><Execution ProcessID='1232' ThreadID='17948'/><Channel>Security</Channel><Computer>Archisa</Computer><Security/></System><EventData><Data Name='SubjectUserSid'>S-1-5-21-1794839122-2696800983-1176889395-1001</Data><Data Name='SubjectUserName'>archisadas20@gmail.com</Data><Data Name='SubjectDomainName'>MicrosoftAccount</Data><Data Name='SubjectLogonId'>0xabc715</Data><Data Name='PrivilegeList'>SeSecurityPrivilege
			SeTakeOwnershipPrivilege
			SeLoadDriverPrivilege
			SeBackupPrivilege
			SeRestorePrivilege
			SeDebugPrivilege
			SeSystemEnvironmentPrivilege
			SeImpersonatePrivilege
			SeDelegateSessionUserImpersonatePrivilege</Data></EventData><RenderingInfo Culture='en-GB'><Message>Special privileges assigned to new logon.&#13;&#10;&#13;&#10;Subject:&#13;&#10;&#9;Security ID:&#9;&#9;S-1-5-21-1794839122-2696800983-1176889395-1001&#13;&#10;&#9;Account Name:&#9;&#9;archisadas20@gmail.com&#13;&#10;&#9;Account Domain:&#9;&#9;MicrosoftAccount&#13;&#10;&#9;Logon ID:&#9;&#9;0xABC715&#13;&#10;&#13;&#10;Privileges:&#9;&#9;SeSecurityPrivilege&#13;&#10;&#9;&#9;&#9;SeTakeOwnershipPrivilege&#13;&#10;&#9;&#9;&#9;SeLoadDriverPrivilege&#13;&#10;&#9;&#9;&#9;SeBackupPrivilege&#13;&#10;&#9;&#9;&#9;SeRestorePrivilege&#13;&#10;&#9;&#9;&#9;SeDebugPrivilege&#13;&#10;&#9;&#9;&#9;SeSystemEnvironmentPrivilege&#13;&#10;&#9;&#9;&#9;SeImpersonatePrivilege&#13;&#10;&#9;&#9;&#9;SeDelegateSessionUserImpersonatePrivilege</Message><Level>Information</Level><Task>Special Logon</Task><Opcode>Info</Opcode><Channel>Security</Channel><Provider>Microsoft Windows security auditing.</Provider><Keywords><Keyword>Audit Success</Keyword></Keywords></RenderingInfo></Event><Event xmlns='http://schemas.microsoft.com/win/2004/08/events/event'><System><Provider Name='Microsoft-Windows-Security-Auditing' Guid='{54849625-5478-4994-a5ba-3e3b0328c30d}'/><EventID>4672</EventID><Version>0</Version><Level>0</Level><Task>12548</Task><Opcode>0</Opcode><Keywords>0x8020000000000000</Keywords><TimeCreated SystemTime='2026-02-09T14:02:13.2652451Z'/><EventRecordID>1716896</EventRecordID><Correlation ActivityID='{1469d8d3-9929-0002-01e8-69142999dc01}'/><Execution ProcessID='1232' ThreadID='17948'/><Channel>Security</Channel><Computer>Archisa</Computer><Security/></System><EventData><Data Name='SubjectUserSid'>S-1-5-18</Data><Data Name='SubjectUserName'>SYSTEM</Data><Data Name='SubjectDomainName'>NT AUTHORITY</Data><Data Name='SubjectLogonId'>0x3e7</Data><Data Name='PrivilegeList'>SeAssignPrimaryTokenPrivilege
			SeTcbPrivilege
			SeSecurityPrivilege
			SeTakeOwnershipPrivilege
			SeLoadDriverPrivilege
			SeBackupPrivilege
			SeRestorePrivilege
			SeDebugPrivilege
			SeAuditPrivilege
			SeSystemEnvironmentPrivilege
			SeImpersonatePrivilege
			SeDelegateSessionUserImpersonatePrivilege</Data></EventData><RenderingInfo Culture='en-GB'><Message>Special privileges assigned to new logon.&#13;&#10;&#13;&#10;Subject:&#13;&#10;&#9;Security ID:&#9;&#9;S-1-5-18&#13;&#10;&#9;Account Name:&#9;&#9;SYSTEM&#13;&#10;&#9;Account Domain:&#9;&#9;NT AUTHORITY&#13;&#10;&#9;Logon ID:&#9;&#9;0x3E7&#13;&#10;&#13;&#10;Privileges:&#9;&#9;SeAssignPrimaryTokenPrivilege&#13;&#10;&#9;&#9;&#9;SeTcbPrivilege&#13;&#10;&#9;&#9;&#9;SeSecurityPrivilege&#13;&#10;&#9;&#9;&#9;SeTakeOwnershipPrivilege&#13;&#10;&#9;&#9;&#9;SeLoadDriverPrivilege&#13;&#10;&#9;&#9;&#9;SeBackupPrivilege&#13;&#10;&#9;&#9;&#9;SeRestorePrivilege&#13;&#10;&#9;&#9;&#9;SeDebugPrivilege&#13;&#10;&#9;&#9;&#9;SeAuditPrivilege&#13;&#10;&#9;&#9;&#9;SeSystemEnvironmentPrivilege&#13;&#10;&#9;&#9;&#9;SeImpersonatePrivilege&#13;&#10;&#9;&#9;&#9;SeDelegateSessionUserImpersonatePrivilege</Message><Level>Information</Level><Task>Special Logon</Task><Opcode>Info</Opcode><Channel>Security</Channel><Provider>Microsoft Windows security auditing.</Provider><Keywords><Keyword>Audit Success</Keyword></Keywords></RenderingInfo></Event><Event xmlns='http://schemas.microsoft.com/win/2004/08/events/event'><System><Provider Name='Microsoft-Windows-Security-Auditing' Guid='{54849625-5478-4994-a5ba-3e3b0328c30d}'/><EventID>4672</EventID><Version>0</Version><Level>0</Level><Task>12548</Task><Opcode>0</Opcode><Keywords>0x8020000000000000</Keywords><TimeCreated SystemTime='2026-02-09T14:02:12.1439163Z'/><EventRecordID>1716893</EventRecordID><Correlation ActivityID='{1469d8d3-9929-0002-01e8-69142999dc01}'/><Execution ProcessID='1232' ThreadID='15944'/><Channel>Security</Channel><Computer>Archisa</Computer><Security/></System><EventData><Data Name='SubjectUserSid'>S-1-5-18</Data><Data Name='SubjectUserName'>SYSTEM</Data><Data Name='SubjectDomainName'>NT AUTHORITY</Data><Data Name='SubjectLogonId'>0x3e7</Data><Data Name='PrivilegeList'>SeAssignPrimaryTokenPrivilege
			SeTcbPrivilege
			SeSecurityPrivilege
			SeTakeOwnershipPrivilege
			SeLoadDriverPrivilege
			SeBackupPrivilege
			SeRestorePrivilege
			SeDebugPrivilege
			SeAuditPrivilege
			SeSystemEnvironmentPrivilege
			SeImpersonatePrivilege
			SeDelegateSessionUserImpersonatePrivilege</Data></EventData><RenderingInfo Culture='en-GB'><Message>Special privileges assigned to new logon.&#13;&#10;&#13;&#10;Subject:&#13;&#10;&#9;Security ID:&#9;&#9;S-1-5-18&#13;&#10;&#9;Account Name:&#9;&#9;SYSTEM&#13;&#10;&#9;Account Domain:&#9;&#9;NT AUTHORITY&#13;&#10;&#9;Logon ID:&#9;&#9;0x3E7&#13;&#10;&#13;&#10;Privileges:&#9;&#9;SeAssignPrimaryTokenPrivilege&#13;&#10;&#9;&#9;&#9;SeTcbPrivilege&#13;&#10;&#9;&#9;&#9;SeSecurityPrivilege&#13;&#10;&#9;&#9;&#9;SeTakeOwnershipPrivilege&#13;&#10;&#9;&#9;&#9;SeLoadDriverPrivilege&#13;&#10;&#9;&#9;&#9;SeBackupPrivilege&#13;&#10;&#9;&#9;&#9;SeRestorePrivilege&#13;&#10;&#9;&#9;&#9;SeDebugPrivilege&#13;&#10;&#9;&#9;&#9;SeAuditPrivilege&#13;&#10;&#9;&#9;&#9;SeSystemEnvironmentPrivilege&#13;&#10;&#9;&#9;&#9;SeImpersonatePrivilege&#13;&#10;&#9;&#9;&#9;SeDelegateSessionUserImpersonatePrivilege</Message><Level>Information</Level><Task>Special Logon</Task><Opcode>Info</Opcode><Channel>Security</Channel><Provider>Microsoft Windows security auditing.</Provider><Keywords><Keyword>Audit Success</Keyword></Keywords></RenderingInfo></Event><Event xmlns='http://schemas.microsoft.com/win/2004/08/events/event'><System><Provider Name='Microsoft-Windows-Security-Auditing' Guid='{54849625-5478-4994-a5ba-3e3b0328c30d}'/><EventID>4672</EventID><Version>0</Version><Level>0</Level><Task>12548</Task><Opcode>0</Opcode><Keywords>0x8020000000000000</Keywords><TimeCreated SystemTime='2026-02-09T14:02:04.7781414Z'/><EventRecordID>1716878</EventRecordID><Correlation ActivityID='{1469d8d3-9929-0002-01e8-69142999dc01}'/><Execution ProcessID='1232' ThreadID='10944'/><Channel>Security</Channel><Computer>Archisa</Computer><Security/></System><EventData><Data Name='SubjectUserSid'>S-1-5-18</Data><Data Name='SubjectUserName'>SYSTEM</Data><Data Name='SubjectDomainName'>NT AUTHORITY</Data><Data Name='SubjectLogonId'>0x3e7</Data><Data Name='PrivilegeList'>SeAssignPrimaryTokenPrivilege
			SeTcbPrivilege
			SeSecurityPrivilege
			SeTakeOwnershipPrivilege
			SeLoadDriverPrivilege
			SeBackupPrivilege
			SeRestorePrivilege
			SeDebugPrivilege
			SeAuditPrivilege
			SeSystemEnvironmentPrivilege
			SeImpersonatePrivilege
			SeDelegateSessionUserImpersonatePrivilege</Data></EventData><RenderingInfo Culture='en-GB'><Message>Special privileges assigned to new logon.&#13;&#10;&#13;&#10;Subject:&#13;&#10;&#9;Security ID:&#9;&#9;S-1-5-18&#13;&#10;&#9;Account Name:&#9;&#9;SYSTEM&#13;&#10;&#9;Account Domain:&#9;&#9;NT AUTHORITY&#13;&#10;&#9;Logon ID:&#9;&#9;0x3E7&#13;&#10;&#13;&#10;Privileges:&#9;&#9;SeAssignPrimaryTokenPrivilege&#13;&#10;&#9;&#9;&#9;SeTcbPrivilege&#13;&#10;&#9;&#9;&#9;SeSecurityPrivilege&#13;&#10;&#9;&#9;&#9;SeTakeOwnershipPrivilege&#13;&#10;&#9;&#9;&#9;SeLoadDriverPrivilege&#13;&#10;&#9;&#9;&#9;SeBackupPrivilege&#13;&#10;&#9;&#9;&#9;SeRestorePrivilege&#13;&#10;&#9;&#9;&#9;SeDebugPrivilege&#13;&#10;&#9;&#9;&#9;SeAuditPrivilege&#13;&#10;&#9;&#9;&#9;SeSystemEnvironmentPrivilege&#13;&#10;&#9;&#9;&#9;SeImpersonatePrivilege&#13;&#10;&#9;&#9;&#9;SeDelegateSessionUserImpersonatePrivilege</Message><Level>Information</Level><Task>Special Logon</Task><Opcode>Info</Opcode><Channel>Security</Channel><Provider>Microsoft Windows security auditing.</Provider><Keywords><Keyword>Audit Success</Keyword></Keywords></RenderingInfo></Event><Event xmlns='http://schemas.microsoft.com/win/2004/08/events/event'><System><Provider Name='Microsoft-Windows-Security-Auditing' Guid='{54849625-5478-4994-a5ba-3e3b0328c30d}'/><EventID>4672</EventID><Version>0</Version><Level>0</Level><Task>12548</Task><Opcode>0</Opcode><Keywords>0x8020000000000000</Keywords><TimeCreated SystemTime='2026-02-09T14:02:04.6837791Z'/><EventRecordID>1716876</EventRecordID><Correlation ActivityID='{1469d8d3-9929-0002-01e8-69142999dc01}'/><Execution ProcessID='1232' ThreadID='19752'/><Channel>Security</Channel><Computer>Archisa</Computer><Security/></System><EventData><Data Name='SubjectUserSid'>S-1-5-90-0-3</Data><Data Name='SubjectUserName'>DWM-3</Data><Data Name='SubjectDomainName'>Window Manager</Data><Data Name='SubjectLogonId'>0xa7f150</Data><Data Name='PrivilegeList'>SeAssignPrimaryTokenPrivilege
			SeAuditPrivilege</Data></EventData><RenderingInfo Culture='en-GB'><Message>Special privileges assigned to new logon.&#13;&#10;&#13;&#10;Subject:&#13;&#10;&#9;Security ID:&#9;&#9;S-1-5-90-0-3&#13;&#10;&#9;Account Name:&#9;&#9;DWM-3&#13;&#10;&#9;Account Domain:&#9;&#9;Window Manager&#13;&#10;&#9;Logon ID:&#9;&#9;0xA7F150&#13;&#10;&#13;&#10;Privileges:&#9;&#9;SeAssignPrimaryTokenPrivilege&#13;&#10;&#9;&#9;&#9;SeAuditPrivilege</Message><Level>Information</Level><Task>Special Logon</Task><Opcode>Info</Opcode><Channel>Security</Channel><Provider>Microsoft Windows security auditing.</Provider><Keywords><Keyword>Audit Success</Keyword></Keywords></RenderingInfo></Event><Event xmlns='http://schemas.microsoft.com/win/2004/08/events/event'><System><Provider Name='Microsoft-Windows-Security-Auditing' Guid='{54849625-5478-4994-a5ba-3e3b0328c30d}'/><EventID>4672</EventID><Version>0</Version><Level>0</Level><Task>12548</Task><Opcode>0</Opcode><Keywords>0x8020000000000000</Keywords><TimeCreated SystemTime='2026-02-09T14:02:04.6837776Z'/><EventRecordID>1716875</EventRecordID><Correlation ActivityID='{1469d8d3-9929-0002-01e8-69142999dc01}'/><Execution ProcessID='1232' ThreadID='19752'/><Channel>Security</Channel><Computer>Archisa</Computer><Security/></System><EventData><Data Name='SubjectUserSid'>S-1-5-90-0-3</Data><Data Name='SubjectUserName'>DWM-3</Data><Data Name='SubjectDomainName'>Window Manager</Data><Data Name='SubjectLogonId'>0xa7f12a</Data><Data Name='PrivilegeList'>SeAssignPrimaryTokenPrivilege
			SeAuditPrivilege
			SeImpersonatePrivilege</Data></EventData><RenderingInfo Culture='en-GB'><Message>Special privileges assigned to new logon.&#13;&#10;&#13;&#10;Subject:&#13;&#10;&#9;Security ID:&#9;&#9;S-1-5-90-0-3&#13;&#10;&#9;Account Name:&#9;&#9;DWM-3&#13;&#10;&#9;Account Domain:&#9;&#9;Window Manager&#13;&#10;&#9;Logon ID:&#9;&#9;0xA7F12A&#13;&#10;&#13;&#10;Privileges:&#9;&#9;SeAssignPrimaryTokenPrivilege&#13;&#10;&#9;&#9;&#9;SeAuditPrivilege&#13;&#10;&#9;&#9;&#9;SeImpersonatePrivilege</Message><Level>Information</Level><Task>Special Logon</Task><Opcode>Info</Opcode><Channel>Security</Channel><Provider>Microsoft Windows security auditing.</Provider><Keywords><Keyword>Audit Success</Keyword></Keywords></RenderingInfo></Event><Event xmlns='http://schemas.microsoft.com/win/2004/08/events/event'><System><Provider Name='Microsoft-Windows-Security-Auditing' Guid='{54849625-5478-4994-a5ba-3e3b0328c30d}'/><EventID>4672</EventID><Version>0</Version><Level>0</Level><Task>12548</Task><Opcode>0</Opcode><Keywords>0x8020000000000000</Keywords><TimeCreated SystemTime='2026-02-09T14:01:43.6587124Z'/><EventRecordID>1716865</EventRecordID><Correlation ActivityID='{1469d8d3-9929-0002-01e8-69142999dc01}'/><Execution ProcessID='1232' ThreadID='17948'/><Channel>Security</Channel><Computer>Archisa</Computer><Security/></System><EventData><Data Name='SubjectUserSid'>S-1-5-18</Data><Data Name='SubjectUserName'>SYSTEM</Data><Data Name='SubjectDomainName'>NT AUTHORITY</Data><Data Name='SubjectLogonId'>0x3e7</Data><Data Name='PrivilegeList'>SeAssignPrimaryTokenPrivilege
			SeTcbPrivilege
			SeSecurityPrivilege
			SeTakeOwnershipPrivilege
			SeLoadDriverPrivilege
			SeBackupPrivilege
			SeRestorePrivilege
			SeDebugPrivilege
			SeAuditPrivilege
			SeSystemEnvironmentPrivilege
			SeImpersonatePrivilege
			SeDelegateSessionUserImpersonatePrivilege</Data></EventData><RenderingInfo Culture='en-GB'><Message>Special privileges assigned to new logon.&#13;&#10;&#13;&#10;Subject:&#13;&#10;&#9;Security ID:&#9;&#9;S-1-5-18&#13;&#10;&#9;Account Name:&#9;&#9;SYSTEM&#13;&#10;&#9;Account Domain:&#9;&#9;NT AUTHORITY&#13;&#10;&#9;Logon ID:&#9;&#9;0x3E7&#13;&#10;&#13;&#10;Privileges:&#9;&#9;SeAssignPrimaryTokenPrivilege&#13;&#10;&#9;&#9;&#9;SeTcbPrivilege&#13;&#10;&#9;&#9;&#9;SeSecurityPrivilege&#13;&#10;&#9;&#9;&#9;SeTakeOwnershipPrivilege&#13;&#10;&#9;&#9;&#9;SeLoadDriverPrivilege&#13;&#10;&#9;&#9;&#9;SeBackupPrivilege&#13;&#10;&#9;&#9;&#9;SeRestorePrivilege&#13;&#10;&#9;&#9;&#9;SeDebugPrivilege&#13;&#10;&#9;&#9;&#9;SeAuditPrivilege&#13;&#10;&#9;&#9;&#9;SeSystemEnvironmentPrivilege&#13;&#10;&#9;&#9;&#9;SeImpersonatePrivilege&#13;&#10;&#9;&#9;&#9;SeDelegateSessionUserImpersonatePrivilege</Message><Level>Information</Level><Task>Special Logon</Task><Opcode>Info</Opcode><Channel>Security</Channel><Provider>Microsoft Windows security auditing.</Provider><Keywords><Keyword>Audit Success</Keyword></Keywords></RenderingInfo></Event><Event xmlns='http://schemas.microsoft.com/win/2004/08/events/event'><System><Provider Name='Microsoft-Windows-Security-Auditing' Guid='{54849625-5478-4994-a5ba-3e3b0328c30d}'/><EventID>4672</EventID><Version>0</Version><Level>0</Level><Task>12548</Task><Opcode>0</Opcode><Keywords>0x8020000000000000</Keywords><TimeCreated SystemTime='2026-02-09T14:01:33.7964228Z'/><EventRecordID>1716801</EventRecordID><Correlation ActivityID='{1469d8d3-9929-0002-01e8-69142999dc01}'/><Execution ProcessID='1232' ThreadID='19752'/><Channel>Security</Channel><Computer>Archisa</Computer><Security/></System><EventData><Data Name='SubjectUserSid'>S-1-5-18</Data><Data Name='SubjectUserName'>SYSTEM</Data><Data Name='SubjectDomainName'>NT AUTHORITY</Data><Data Name='SubjectLogonId'>0x3e7</Data><Data Name='PrivilegeList'>SeAssignPrimaryTokenPrivilege
			SeTcbPrivilege
			SeSecurityPrivilege
			SeTakeOwnershipPrivilege
			SeLoadDriverPrivilege
			SeBackupPrivilege
			SeRestorePrivilege
			SeDebugPrivilege
			SeAuditPrivilege
			SeSystemEnvironmentPrivilege
			SeImpersonatePrivilege
			SeDelegateSessionUserImpersonatePrivilege</Data></EventData><RenderingInfo Culture='en-GB'><Message>Special privileges assigned to new logon.&#13;&#10;&#13;&#10;Subject:&#13;&#10;&#9;Security ID:&#9;&#9;S-1-5-18&#13;&#10;&#9;Account Name:&#9;&#9;SYSTEM&#13;&#10;&#9;Account Domain:&#9;&#9;NT AUTHORITY&#13;&#10;&#9;Logon ID:&#9;&#9;0x3E7&#13;&#10;&#13;&#10;Privileges:&#9;&#9;SeAssignPrimaryTokenPrivilege&#13;&#10;&#9;&#9;&#9;SeTcbPrivilege&#13;&#10;&#9;&#9;&#9;SeSecurityPrivilege&#13;&#10;&#9;&#9;&#9;SeTakeOwnershipPrivilege&#13;&#10;&#9;&#9;&#9;SeLoadDriverPrivilege&#13;&#10;&#9;&#9;&#9;SeBackupPrivilege&#13;&#10;&#9;&#9;&#9;SeRestorePrivilege&#13;&#10;&#9;&#9;&#9;SeDebugPrivilege&#13;&#10;&#9;&#9;&#9;SeAuditPrivilege&#13;&#10;&#9;&#9;&#9;SeSystemEnvironmentPrivilege&#13;&#10;&#9;&#9;&#9;SeImpersonatePrivilege&#13;&#10;&#9;&#9;&#9;SeDelegateSessionUserImpersonatePrivilege</Message><Level>Information</Level><Task>Special Logon</Task><Opcode>Info</Opcode><Channel>Security</Channel><Provider>Microsoft Windows security auditing.</Provider><Keywords><Keyword>Audit Success</Keyword></Keywords></RenderingInfo></Event>