<Event xmlns='http://schemas.microsoft.com/win/2004/08/events/event'><System><Provider Name='Microsoft-Windows-Security-Auditing' Guid='{54849625-5478-4994-a5ba-3e3b0328c30d}'/><EventID>4672</EventID><Version>0</Version><Level>0</Level><Task>12548</Task><Opcode>0</Opcode><Keywords>0x8020000000000000</Keywords><TimeCreated SystemTime='2026-02-10T15:11:25.7086122Z'/><EventRecordID>1721442</EventRecordID><Correlation ActivityID='{1469d8d3-9929-0002-01e8-69142999dc01}'/><Execution ProcessID='1232' ThreadID='19968'/><Channel>Security</Channel><Computer>Archisa</Computer><Security/></System><EventData><Data Name='SubjectUserSid'>S-1-5-18</Data><Data Name='SubjectUserName'>SYSTEM</Data><Data Name='SubjectDomainName'>NT AUTHORITY</Data><Data Name='SubjectLogonId'>0x3e7</Data><Data Name='PrivilegeList'>SeAssignPrimaryTokenPrivilege
			SeTcbPrivilege
			SeSecurityPrivilege
			SeTakeOwnershipPrivilege
			SeLoadDriverPrivilege
			SeBackupPrivilege
			SeRestorePrivilege
			SeDebugPrivilege
			SeAuditPrivilege
			SeSystemEnvironmentPrivilege
			SeImpersonatePrivilege
			SeDelegateSessionUserImpersonatePrivilege</Data></EventData><RenderingInfo Culture='en-GB'><Message>Special privileges assigned to new logon.&#13;&#10;&#13;&#10;Subject:&#13;&#10;&#9;Security ID:&#9;&#9;S-1-5-18&#13;&#10;&#9;Account Name:&#9;&#9;SYSTEM&#13;&#10;&#9;Account Domain:&#9;&#9;NT AUTHORITY&#13;&#10;&#9;Logon ID:&#9;&#9;0x3E7&#13;&#10;&#13;&#10;Privileges:&#9;&#9;SeAssignPrimaryTokenPrivilege&#13;&#10;&#9;&#9;&#9;SeTcbPrivilege&#13;&#10;&#9;&#9;&#9;SeSecurityPrivilege&#13;&#10;&#9;&#9;&#9;SeTakeOwnershipPrivilege&#13;&#10;&#9;&#9;&#9;SeLoadDriverPrivilege&#13;&#10;&#9;&#9;&#9;SeBackupPrivilege&#13;&#10;&#9;&#9;&#9;SeRestorePrivilege&#13;&#10;&#9;&#9;&#9;SeDebugPrivilege&#13;&#10;&#9;&#9;&#9;SeAuditPrivilege&#13;&#10;&#9;&#9;&#9;SeSystemEnvironmentPrivilege&#13;&#10;&#9;&#9;&#9;SeImpersonatePrivilege&#13;&#10;&#9;&#9;&#9;SeDelegateSessionUserImpersonatePrivilege</Message><Level>Information</Level><Task>Special Logon</Task><Opcode>Info</Opcode><Channel>Security</Channel><Provider>Microsoft Windows security auditing.</Provider><Keywords><Keyword>Audit Success</Keyword></Keywords></RenderingInfo></Event><Event xmlns='http://schemas.microsoft.com/win/2004/08/events/event'><System><Provider Name='Microsoft-Windows-Security-Auditing' Guid='{54849625-5478-4994-a5ba-3e3b0328c30d}'/><EventID>4672</EventID><Version>0</Version><Level>0</Level><Task>12548</Task><Opcode>0</Opcode><Keywords>0x8020000000000000</Keywords><TimeCreated SystemTime='2026-02-10T15:11:14.0670363Z'/><EventRecordID>1721310</EventRecordID><Correlation ActivityID='{1469d8d3-9929-0002-01e8-69142999dc01}'/><Execution ProcessID='1232' ThreadID='12720'/><Channel>Security</Channel><Computer>Archisa</Computer><Security/></System><EventData><Data Name='SubjectUserSid'>S-1-5-18</Data><Data Name='SubjectUserName'>SYSTEM</Data><Data Name='SubjectDomainName'>NT AUTHORITY</Data><Data Name='SubjectLogonId'>0x3e7</Data><Data Name='PrivilegeList'>SeAssignPrimaryTokenPrivilege
			SeTcbPrivilege
			SeSecurityPrivilege
			SeTakeOwnershipPrivilege
			SeLoadDriverPrivilege
			SeBackupPrivilege
			SeRestorePrivilege
			SeDebugPrivilege
			SeAuditPrivilege
			SeSystemEnvironmentPrivilege
			SeImpersonatePrivilege
			SeDelegateSessionUserImpersonatePrivilege</Data></EventData><RenderingInfo Culture='en-GB'><Message>Special privileges assigned to new logon.&#13;&#10;&#13;&#10;Subject:&#13;&#10;&#9;Security ID:&#9;&#9;S-1-5-18&#13;&#10;&#9;Account Name:&#9;&#9;SYSTEM&#13;&#10;&#9;Account Domain:&#9;&#9;NT AUTHORITY&#13;&#10;&#9;Logon ID:&#9;&#9;0x3E7&#13;&#10;&#13;&#10;Privileges:&#9;&#9;SeAssignPrimaryTokenPrivilege&#13;&#10;&#9;&#9;&#9;SeTcbPrivilege&#13;&#10;&#9;&#9;&#9;SeSecurityPrivilege&#13;&#10;&#9;&#9;&#9;SeTakeOwnershipPrivilege&#13;&#10;&#9;&#9;&#9;SeLoadDriverPrivilege&#13;&#10;&#9;&#9;&#9;SeBackupPrivilege&#13;&#10;&#9;&#9;&#9;SeRestorePrivilege&#13;&#10;&#9;&#9;&#9;SeDebugPrivilege&#13;&#10;&#9;&#9;&#9;SeAuditPrivilege&#13;&#10;&#9;&#9;&#9;SeSystemEnvironmentPrivilege&#13;&#10;&#9;&#9;&#9;SeImpersonatePrivilege&#13;&#10;&#9;&#9;&#9;SeDelegateSessionUserImpersonatePrivilege</Message><Level>Information</Level><Task>Special Logon</Task><Opcode>Info</Opcode><Channel>Security</Channel><Provider>Microsoft Windows security auditing.</Provider><Keywords><Keyword>Audit Success</Keyword></Keywords></RenderingInfo></Event><Event xmlns='http://schemas.microsoft.com/win/2004/08/events/event'><System><Provider Name='Microsoft-Windows-Security-Auditing' Guid='{54849625-5478-4994-a5ba-3e3b0328c30d}'/><EventID>4672</EventID><Version>0</Version><Level>0</Level><Task>12548</Task><Opcode>0</Opcode><Keywords>0x8020000000000000</Keywords><TimeCreated SystemTime='2026-02-10T15:11:11.7134572Z'/><EventRecordID>1721123</EventRecordID><Correlation/><Execution ProcessID='1232' ThreadID='5644'/><Channel>Security</Channel><Computer>Archisa</Computer><Security/></System><EventData><Data Name='SubjectUserSid'>S-1-5-21-1794839122-2696800983-1176889395-1001</Data><Data Name='SubjectUserName'>archisadas20@gmail.com</Data><Data Name='SubjectDomainName'>MicrosoftAccount</Data><Data Name='SubjectLogonId'>0x239938f</Data><Data Name='PrivilegeList'>SeSecurityPrivilege
			SeTakeOwnershipPrivilege
			SeLoadDriverPrivilege
			SeBackupPrivilege
			SeRestorePrivilege
			SeDebugPrivilege
			SeSystemEnvironmentPrivilege
			SeImpersonatePrivilege
			SeDelegateSessionUserImpersonatePrivilege</Data></EventData><RenderingInfo Culture='en-GB'><Message>Special privileges assigned to new logon.&#13;&#10;&#13;&#10;Subject:&#13;&#10;&#9;Security ID:&#9;&#9;S-1-5-21-1794839122-2696800983-1176889395-1001&#13;&#10;&#9;Account Name:&#9;&#9;archisadas20@gmail.com&#13;&#10;&#9;Account Domain:&#9;&#9;MicrosoftAccount&#13;&#10;&#9;Logon ID:&#9;&#9;0x239938F&#13;&#10;&#13;&#10;Privileges:&#9;&#9;SeSecurityPrivilege&#13;&#10;&#9;&#9;&#9;SeTakeOwnershipPrivilege&#13;&#10;&#9;&#9;&#9;SeLoadDriverPrivilege&#13;&#10;&#9;&#9;&#9;SeBackupPrivilege&#13;&#10;&#9;&#9;&#9;SeRestorePrivilege&#13;&#10;&#9;&#9;&#9;SeDebugPrivilege&#13;&#10;&#9;&#9;&#9;SeSystemEnvironmentPrivilege&#13;&#10;&#9;&#9;&#9;SeImpersonatePrivilege&#13;&#10;&#9;&#9;&#9;SeDelegateSessionUserImpersonatePrivilege</Message><Level>Information</Level><Task>Special Logon</Task><Opcode>Info</Opcode><Channel>Security</Channel><Provider>Microsoft Windows security auditing.</Provider><Keywords><Keyword>Audit Success</Keyword></Keywords></RenderingInfo></Event><Event xmlns='http://schemas.microsoft.com/win/2004/08/events/event'><System><Provider Name='Microsoft-Windows-Security-Auditing' Guid='{54849625-5478-4994-a5ba-3e3b0328c30d}'/><EventID>4672</EventID><Version>0</Version><Level>0</Level><Task>12548</Task><Opcode>0</Opcode><Keywords>0x8020000000000000</Keywords><TimeCreated SystemTime='2026-02-10T15:11:11.6404511Z'/><EventRecordID>1721116</EventRecordID><Correlation ActivityID='{1469d8d3-9929-0002-01e8-69142999dc01}'/><Execution ProcessID='1232' ThreadID='13084'/><Channel>Security</Channel><Computer>Archisa</Computer><Security/></System><EventData><Data Name='SubjectUserSid'>S-1-5-21-1794839122-2696800983-1176889395-1001</Data><Data Name='SubjectUserName'>archisadas20@gmail.com</Data><Data Name='SubjectDomainName'>MicrosoftAccount</Data><Data Name='SubjectLogonId'>0x2397a58</Data><Data Name='PrivilegeList'>SeSecurityPrivilege
			SeTakeOwnershipPrivilege
			SeLoadDriverPrivilege
			SeBackupPrivilege
			SeRestorePrivilege
			SeDebugPrivilege
			SeSystemEnvironmentPrivilege
			SeImpersonatePrivilege
			SeDelegateSessionUserImpersonatePrivilege</Data></EventData><RenderingInfo Culture='en-GB'><Message>Special privileges assigned to new logon.&#13;&#10;&#13;&#10;Subject:&#13;&#10;&#9;Security ID:&#9;&#9;S-1-5-21-1794839122-2696800983-1176889395-1001&#13;&#10;&#9;Account Name:&#9;&#9;archisadas20@gmail.com&#13;&#10;&#9;Account Domain:&#9;&#9;MicrosoftAccount&#13;&#10;&#9;Logon ID:&#9;&#9;0x2397A58&#13;&#10;&#13;&#10;Privileges:&#9;&#9;SeSecurityPrivilege&#13;&#10;&#9;&#9;&#9;SeTakeOwnershipPrivilege&#13;&#10;&#9;&#9;&#9;SeLoadDriverPrivilege&#13;&#10;&#9;&#9;&#9;SeBackupPrivilege&#13;&#10;&#9;&#9;&#9;SeRestorePrivilege&#13;&#10;&#9;&#9;&#9;SeDebugPrivilege&#13;&#10;&#9;&#9;&#9;SeSystemEnvironmentPrivilege&#13;&#10;&#9;&#9;&#9;SeImpersonatePrivilege&#13;&#10;&#9;&#9;&#9;SeDelegateSessionUserImpersonatePrivilege</Message><Level>Information</Level><Task>Special Logon</Task><Opcode>Info</Opcode><Channel>Security</Channel><Provider>Microsoft Windows security auditing.</Provider><Keywords><Keyword>Audit Success</Keyword></Keywords></RenderingInfo></Event><Event xmlns='http://schemas.microsoft.com/win/2004/08/events/event'><System><Provider Name='Microsoft-Windows-Security-Auditing' Guid='{54849625-5478-4994-a5ba-3e3b0328c30d}'/><EventID>4672</EventID><Version>0</Version><Level>0</Level><Task>12548</Task><Opcode>0</Opcode><Keywords>0x8020000000000000</Keywords><TimeCreated SystemTime='2026-02-10T15:11:09.2373603Z'/><EventRecordID>1721099</EventRecordID><Correlation ActivityID='{1469d8d3-9929-0002-01e8-69142999dc01}'/><Execution ProcessID='1232' ThreadID='19968'/><Channel>Security</Channel><Computer>Archisa</Computer><Security/></System><EventData><Data Name='SubjectUserSid'>S-1-5-18</Data><Data Name='SubjectUserName'>SYSTEM</Data><Data Name='SubjectDomainName'>NT AUTHORITY</Data><Data Name='SubjectLogonId'>0x3e7</Data><Data Name='PrivilegeList'>SeAssignPrimaryTokenPrivilege
			SeTcbPrivilege
			SeSecurityPrivilege
			SeTakeOwnershipPrivilege
			SeLoadDriverPrivilege
			SeBackupPrivilege
			SeRestorePrivilege
			SeDebugPrivilege
			SeAuditPrivilege
			SeSystemEnvironmentPrivilege
			SeImpersonatePrivilege
			SeDelegateSessionUserImpersonatePrivilege</Data></EventData><RenderingInfo Culture='en-GB'><Message>Special privileges assigned to new logon.&#13;&#10;&#13;&#10;Subject:&#13;&#10;&#9;Security ID:&#9;&#9;S-1-5-18&#13;&#10;&#9;Account Name:&#9;&#9;SYSTEM&#13;&#10;&#9;Account Domain:&#9;&#9;NT AUTHORITY&#13;&#10;&#9;Logon ID:&#9;&#9;0x3E7&#13;&#10;&#13;&#10;Privileges:&#9;&#9;SeAssignPrimaryTokenPrivilege&#13;&#10;&#9;&#9;&#9;SeTcbPrivilege&#13;&#10;&#9;&#9;&#9;SeSecurityPrivilege&#13;&#10;&#9;&#9;&#9;SeTakeOwnershipPrivilege&#13;&#10;&#9;&#9;&#9;SeLoadDriverPrivilege&#13;&#10;&#9;&#9;&#9;SeBackupPrivilege&#13;&#10;&#9;&#9;&#9;SeRestorePrivilege&#13;&#10;&#9;&#9;&#9;SeDebugPrivilege&#13;&#10;&#9;&#9;&#9;SeAuditPrivilege&#13;&#10;&#9;&#9;&#9;SeSystemEnvironmentPrivilege&#13;&#10;&#9;&#9;&#9;SeImpersonatePrivilege&#13;&#10;&#9;&#9;&#9;SeDelegateSessionUserImpersonatePrivilege</Message><Level>Information</Level><Task>Special Logon</Task><Opcode>Info</Opcode><Channel>Security</Channel><Provider>Microsoft Windows security auditing.</Provider><Keywords><Keyword>Audit Success</Keyword></Keywords></RenderingInfo></Event><Event xmlns='http://schemas.microsoft.com/win/2004/08/events/event'><System><Provider Name='Microsoft-Windows-Security-Auditing' Guid='{54849625-5478-4994-a5ba-3e3b0328c30d}'/><EventID>4672</EventID><Version>0</Version><Level>0</Level><Task>12548</Task><Opcode>0</Opcode><Keywords>0x8020000000000000</Keywords><TimeCreated SystemTime='2026-02-10T15:11:07.4057344Z'/><EventRecordID>1721093</EventRecordID><Correlation ActivityID='{1469d8d3-9929-0002-01e8-69142999dc01}'/><Execution ProcessID='1232' ThreadID='19968'/><Channel>Security</Channel><Computer>Archisa</Computer><Security/></System><EventData><Data Name='SubjectUserSid'>S-1-5-18</Data><Data Name='SubjectUserName'>SYSTEM</Data><Data Name='SubjectDomainName'>NT AUTHORITY</Data><Data Name='SubjectLogonId'>0x3e7</Data><Data Name='PrivilegeList'>SeAssignPrimaryTokenPrivilege
			SeTcbPrivilege
			SeSecurityPrivilege
			SeTakeOwnershipPrivilege
			SeLoadDriverPrivilege
			SeBackupPrivilege
			SeRestorePrivilege
			SeDebugPrivilege
			SeAuditPrivilege
			SeSystemEnvironmentPrivilege
			SeImpersonatePrivilege
			SeDelegateSessionUserImpersonatePrivilege</Data></EventData><RenderingInfo Culture='en-GB'><Message>Special privileges assigned to new logon.&#13;&#10;&#13;&#10;Subject:&#13;&#10;&#9;Security ID:&#9;&#9;S-1-5-18&#13;&#10;&#9;Account Name:&#9;&#9;SYSTEM&#13;&#10;&#9;Account Domain:&#9;&#9;NT AUTHORITY&#13;&#10;&#9;Logon ID:&#9;&#9;0x3E7&#13;&#10;&#13;&#10;Privileges:&#9;&#9;SeAssignPrimaryTokenPrivilege&#13;&#10;&#9;&#9;&#9;SeTcbPrivilege&#13;&#10;&#9;&#9;&#9;SeSecurityPrivilege&#13;&#10;&#9;&#9;&#9;SeTakeOwnershipPrivilege&#13;&#10;&#9;&#9;&#9;SeLoadDriverPrivilege&#13;&#10;&#9;&#9;&#9;SeBackupPrivilege&#13;&#10;&#9;&#9;&#9;SeRestorePrivilege&#13;&#10;&#9;&#9;&#9;SeDebugPrivilege&#13;&#10;&#9;&#9;&#9;SeAuditPrivilege&#13;&#10;&#9;&#9;&#9;SeSystemEnvironmentPrivilege&#13;&#10;&#9;&#9;&#9;SeImpersonatePrivilege&#13;&#10;&#9;&#9;&#9;SeDelegateSessionUserImpersonatePrivilege</Message><Level>Information</Level><Task>Special Logon</Task><Opcode>Info</Opcode><Channel>Security</Channel><Provider>Microsoft Windows security auditing.</Provider><Keywords><Keyword>Audit Success</Keyword></Keywords></RenderingInfo></Event><Event xmlns='http://schemas.microsoft.com/win/2004/08/events/event'><System><Provider Name='Microsoft-Windows-Security-Auditing' Guid='{54849625-5478-4994-a5ba-3e3b0328c30d}'/><EventID>4672</EventID><Version>0</Version><Level>0</Level><Task>12548</Task><Opcode>0</Opcode><Keywords>0x8020000000000000</Keywords><TimeCreated SystemTime='2026-02-10T14:43:00.6127348Z'/><EventRecordID>1721083</EventRecordID><Correlation ActivityID='{1469d8d3-9929-0002-01e8-69142999dc01}'/><Execution ProcessID='1232' ThreadID='24784'/><Channel>Security</Channel><Computer>Archisa</Computer><Security/></System><EventData><Data Name='SubjectUserSid'>S-1-5-18</Data><Data Name='SubjectUserName'>SYSTEM</Data><Data Name='SubjectDomainName'>NT AUTHORITY</Data><Data Name='SubjectLogonId'>0x3e7</Data><Data Name='PrivilegeList'>SeAssignPrimaryTokenPrivilege
			SeTcbPrivilege
			SeSecurityPrivilege
			SeTakeOwnershipPrivilege
			SeLoadDriverPrivilege
			SeBackupPrivilege
			SeRestorePrivilege
			SeDebugPrivilege
			SeAuditPrivilege
			SeSystemEnvironmentPrivilege
			SeImpersonatePrivilege
			SeDelegateSessionUserImpersonatePrivilege</Data></EventData><RenderingInfo Culture='en-GB'><Message>Special privileges assigned to new logon.&#13;&#10;&#13;&#10;Subject:&#13;&#10;&#9;Security ID:&#9;&#9;S-1-5-18&#13;&#10;&#9;Account Name:&#9;&#9;SYSTEM&#13;&#10;&#9;Account Domain:&#9;&#9;NT AUTHORITY&#13;&#10;&#9;Logon ID:&#9;&#9;0x3E7&#13;&#10;&#13;&#10;Privileges:&#9;&#9;SeAssignPrimaryTokenPrivilege&#13;&#10;&#9;&#9;&#9;SeTcbPrivilege&#13;&#10;&#9;&#9;&#9;SeSecurityPrivilege&#13;&#10;&#9;&#9;&#9;SeTakeOwnershipPrivilege&#13;&#10;&#9;&#9;&#9;SeLoadDriverPrivilege&#13;&#10;&#9;&#9;&#9;SeBackupPrivilege&#13;&#10;&#9;&#9;&#9;SeRestorePrivilege&#13;&#10;&#9;&#9;&#9;SeDebugPrivilege&#13;&#10;&#9;&#9;&#9;SeAuditPrivilege&#13;&#10;&#9;&#9;&#9;SeSystemEnvironmentPrivilege&#13;&#10;&#9;&#9;&#9;SeImpersonatePrivilege&#13;&#10;&#9;&#9;&#9;SeDelegateSessionUserImpersonatePrivilege</Message><Level>Information</Level><Task>Special Logon</Task><Opcode>Info</Opcode><Channel>Security</Channel><Provider>Microsoft Windows security auditing.</Provider><Keywords><Keyword>Audit Success</Keyword></Keywords></RenderingInfo></Event><Event xmlns='http://schemas.microsoft.com/win/2004/08/events/event'><System><Provider Name='Microsoft-Windows-Security-Auditing' Guid='{54849625-5478-4994-a5ba-3e3b0328c30d}'/><EventID>4672</EventID><Version>0</Version><Level>0</Level><Task>12548</Task><Opcode>0</Opcode><Keywords>0x8020000000000000</Keywords><TimeCreated SystemTime='2026-02-10T14:42:40.9862001Z'/><EventRecordID>1721081</EventRecordID><Correlation ActivityID='{1469d8d3-9929-0002-01e8-69142999dc01}'/><Execution ProcessID='1232' ThreadID='26648'/><Channel>Security</Channel><Computer>Archisa</Computer><Security/></System><EventData><Data Name='SubjectUserSid'>S-1-5-18</Data><Data Name='SubjectUserName'>SYSTEM</Data><Data Name='SubjectDomainName'>NT AUTHORITY</Data><Data Name='SubjectLogonId'>0x3e7</Data><Data Name='PrivilegeList'>SeAssignPrimaryTokenPrivilege
			SeTcbPrivilege
			SeSecurityPrivilege
			SeTakeOwnershipPrivilege
			SeLoadDriverPrivilege
			SeBackupPrivilege
			SeRestorePrivilege
			SeDebugPrivilege
			SeAuditPrivilege
			SeSystemEnvironmentPrivilege
			SeImpersonatePrivilege
			SeDelegateSessionUserImpersonatePrivilege</Data></EventData><RenderingInfo Culture='en-GB'><Message>Special privileges assigned to new logon.&#13;&#10;&#13;&#10;Subject:&#13;&#10;&#9;Security ID:&#9;&#9;S-1-5-18&#13;&#10;&#9;Account Name:&#9;&#9;SYSTEM&#13;&#10;&#9;Account Domain:&#9;&#9;NT AUTHORITY&#13;&#10;&#9;Logon ID:&#9;&#9;0x3E7&#13;&#10;&#13;&#10;Privileges:&#9;&#9;SeAssignPrimaryTokenPrivilege&#13;&#10;&#9;&#9;&#9;SeTcbPrivilege&#13;&#10;&#9;&#9;&#9;SeSecurityPrivilege&#13;&#10;&#9;&#9;&#9;SeTakeOwnershipPrivilege&#13;&#10;&#9;&#9;&#9;SeLoadDriverPrivilege&#13;&#10;&#9;&#9;&#9;SeBackupPrivilege&#13;&#10;&#9;&#9;&#9;SeRestorePrivilege&#13;&#10;&#9;&#9;&#9;SeDebugPrivilege&#13;&#10;&#9;&#9;&#9;SeAuditPrivilege&#13;&#10;&#9;&#9;&#9;SeSystemEnvironmentPrivilege&#13;&#10;&#9;&#9;&#9;SeImpersonatePrivilege&#13;&#10;&#9;&#9;&#9;SeDelegateSessionUserImpersonatePrivilege</Message><Level>Information</Level><Task>Special Logon</Task><Opcode>Info</Opcode><Channel>Security</Channel><Provider>Microsoft Windows security auditing.</Provider><Keywords><Keyword>Audit Success</Keyword></Keywords></RenderingInfo></Event><Event xmlns='http://schemas.microsoft.com/win/2004/08/events/event'><System><Provider Name='Microsoft-Windows-Security-Auditing' Guid='{54849625-5478-4994-a5ba-3e3b0328c30d}'/><EventID>4672</EventID><Version>0</Version><Level>0</Level><Task>12548</Task><Opcode>0</Opcode><Keywords>0x8020000000000000</Keywords><TimeCreated SystemTime='2026-02-10T14:42:36.4766375Z'/><EventRecordID>1721079</EventRecordID><Correlation ActivityID='{1469d8d3-9929-0002-01e8-69142999dc01}'/><Execution ProcessID='1232' ThreadID='26648'/><Channel>Security</Channel><Computer>Archisa</Computer><Security/></System><EventData><Data Name='SubjectUserSid'>S-1-5-18</Data><Data Name='SubjectUserName'>SYSTEM</Data><Data Name='SubjectDomainName'>NT AUTHORITY</Data><Data Name='SubjectLogonId'>0x3e7</Data><Data Name='PrivilegeList'>SeAssignPrimaryTokenPrivilege
			SeTcbPrivilege
			SeSecurityPrivilege
			SeTakeOwnershipPrivilege
			SeLoadDriverPrivilege
			SeBackupPrivilege
			SeRestorePrivilege
			SeDebugPrivilege
			SeAuditPrivilege
			SeSystemEnvironmentPrivilege
			SeImpersonatePrivilege
			SeDelegateSessionUserImpersonatePrivilege</Data></EventData><RenderingInfo Culture='en-GB'><Message>Special privileges assigned to new logon.&#13;&#10;&#13;&#10;Subject:&#13;&#10;&#9;Security ID:&#9;&#9;S-1-5-18&#13;&#10;&#9;Account Name:&#9;&#9;SYSTEM&#13;&#10;&#9;Account Domain:&#9;&#9;NT AUTHORITY&#13;&#10;&#9;Logon ID:&#9;&#9;0x3E7&#13;&#10;&#13;&#10;Privileges:&#9;&#9;SeAssignPrimaryTokenPrivilege&#13;&#10;&#9;&#9;&#9;SeTcbPrivilege&#13;&#10;&#9;&#9;&#9;SeSecurityPrivilege&#13;&#10;&#9;&#9;&#9;SeTakeOwnershipPrivilege&#13;&#10;&#9;&#9;&#9;SeLoadDriverPrivilege&#13;&#10;&#9;&#9;&#9;SeBackupPrivilege&#13;&#10;&#9;&#9;&#9;SeRestorePrivilege&#13;&#10;&#9;&#9;&#9;SeDebugPrivilege&#13;&#10;&#9;&#9;&#9;SeAuditPrivilege&#13;&#10;&#9;&#9;&#9;SeSystemEnvironmentPrivilege&#13;&#10;&#9;&#9;&#9;SeImpersonatePrivilege&#13;&#10;&#9;&#9;&#9;SeDelegateSessionUserImpersonatePrivilege</Message><Level>Information</Level><Task>Special Logon</Task><Opcode>Info</Opcode><Channel>Security</Channel><Provider>Microsoft Windows security auditing.</Provider><Keywords><Keyword>Audit Success</Keyword></Keywords></RenderingInfo></Event><Event xmlns='http://schemas.microsoft.com/win/2004/08/events/event'><System><Provider Name='Microsoft-Windows-Security-Auditing' Guid='{54849625-5478-4994-a5ba-3e3b0328c30d}'/><EventID>4672</EventID><Version>0</Version><Level>0</Level><Task>12548</Task><Opcode>0</Opcode><Keywords>0x8020000000000000</Keywords><TimeCreated SystemTime='2026-02-10T14:42:32.3715789Z'/><EventRecordID>1721076</EventRecordID><Correlation ActivityID='{1469d8d3-9929-0002-01e8-69142999dc01}'/><Execution ProcessID='1232' ThreadID='19920'/><Channel>Security</Channel><Computer>Archisa</Computer><Security/></System><EventData><Data Name='SubjectUserSid'>S-1-5-18</Data><Data Name='SubjectUserName'>SYSTEM</Data><Data Name='SubjectDomainName'>NT AUTHORITY</Data><Data Name='SubjectLogonId'>0x3e7</Data><Data Name='PrivilegeList'>SeAssignPrimaryTokenPrivilege
			SeTcbPrivilege
			SeSecurityPrivilege
			SeTakeOwnershipPrivilege
			SeLoadDriverPrivilege
			SeBackupPrivilege
			SeRestorePrivilege
			SeDebugPrivilege
			SeAuditPrivilege
			SeSystemEnvironmentPrivilege
			SeImpersonatePrivilege
			SeDelegateSessionUserImpersonatePrivilege</Data></EventData><RenderingInfo Culture='en-GB'><Message>Special privileges assigned to new logon.&#13;&#10;&#13;&#10;Subject:&#13;&#10;&#9;Security ID:&#9;&#9;S-1-5-18&#13;&#10;&#9;Account Name:&#9;&#9;SYSTEM&#13;&#10;&#9;Account Domain:&#9;&#9;NT AUTHORITY&#13;&#10;&#9;Logon ID:&#9;&#9;0x3E7&#13;&#10;&#13;&#10;Privileges:&#9;&#9;SeAssignPrimaryTokenPrivilege&#13;&#10;&#9;&#9;&#9;SeTcbPrivilege&#13;&#10;&#9;&#9;&#9;SeSecurityPrivilege&#13;&#10;&#9;&#9;&#9;SeTakeOwnershipPrivilege&#13;&#10;&#9;&#9;&#9;SeLoadDriverPrivilege&#13;&#10;&#9;&#9;&#9;SeBackupPrivilege&#13;&#10;&#9;&#9;&#9;SeRestorePrivilege&#13;&#10;&#9;&#9;&#9;SeDebugPrivilege&#13;&#10;&#9;&#9;&#9;SeAuditPrivilege&#13;&#10;&#9;&#9;&#9;SeSystemEnvironmentPrivilege&#13;&#10;&#9;&#9;&#9;SeImpersonatePrivilege&#13;&#10;&#9;&#9;&#9;SeDelegateSessionUserImpersonatePrivilege</Message><Level>Information</Level><Task>Special Logon</Task><Opcode>Info</Opcode><Channel>Security</Channel><Provider>Microsoft Windows security auditing.</Provider><Keywords><Keyword>Audit Success</Keyword></Keywords></RenderingInfo></Event><Event xmlns='http://schemas.microsoft.com/win/2004/08/events/event'><System><Provider Name='Microsoft-Windows-Security-Auditing' Guid='{54849625-5478-4994-a5ba-3e3b0328c30d}'/><EventID>4672</EventID><Version>0</Version><Level>0</Level><Task>12548</Task><Opcode>0</Opcode><Keywords>0x8020000000000000</Keywords><TimeCreated SystemTime='2026-02-10T14:42:31.5685824Z'/><EventRecordID>1721073</EventRecordID><Correlation ActivityID='{1469d8d3-9929-0002-01e8-69142999dc01}'/><Execution ProcessID='1232' ThreadID='18008'/><Channel>Security</Channel><Computer>Archisa</Computer><Security/></System><EventData><Data Name='SubjectUserSid'>S-1-5-18</Data><Data Name='SubjectUserName'>SYSTEM</Data><Data Name='SubjectDomainName'>NT AUTHORITY</Data><Data Name='SubjectLogonId'>0x3e7</Data><Data Name='PrivilegeList'>SeAssignPrimaryTokenPrivilege
			SeTcbPrivilege
			SeSecurityPrivilege
			SeTakeOwnershipPrivilege
			SeLoadDriverPrivilege
			SeBackupPrivilege
			SeRestorePrivilege
			SeDebugPrivilege
			SeAuditPrivilege
			SeSystemEnvironmentPrivilege
			SeImpersonatePrivilege
			SeDelegateSessionUserImpersonatePrivilege</Data></EventData><RenderingInfo Culture='en-GB'><Message>Special privileges assigned to new logon.&#13;&#10;&#13;&#10;Subject:&#13;&#10;&#9;Security ID:&#9;&#9;S-1-5-18&#13;&#10;&#9;Account Name:&#9;&#9;SYSTEM&#13;&#10;&#9;Account Domain:&#9;&#9;NT AUTHORITY&#13;&#10;&#9;Logon ID:&#9;&#9;0x3E7&#13;&#10;&#13;&#10;Privileges:&#9;&#9;SeAssignPrimaryTokenPrivilege&#13;&#10;&#9;&#9;&#9;SeTcbPrivilege&#13;&#10;&#9;&#9;&#9;SeSecurityPrivilege&#13;&#10;&#9;&#9;&#9;SeTakeOwnershipPrivilege&#13;&#10;&#9;&#9;&#9;SeLoadDriverPrivilege&#13;&#10;&#9;&#9;&#9;SeBackupPrivilege&#13;&#10;&#9;&#9;&#9;SeRestorePrivilege&#13;&#10;&#9;&#9;&#9;SeDebugPrivilege&#13;&#10;&#9;&#9;&#9;SeAuditPrivilege&#13;&#10;&#9;&#9;&#9;SeSystemEnvironmentPrivilege&#13;&#10;&#9;&#9;&#9;SeImpersonatePrivilege&#13;&#10;&#9;&#9;&#9;SeDelegateSessionUserImpersonatePrivilege</Message><Level>Information</Level><Task>Special Logon</Task><Opcode>Info</Opcode><Channel>Security</Channel><Provider>Microsoft Windows security auditing.</Provider><Keywords><Keyword>Audit Success</Keyword></Keywords></RenderingInfo></Event><Event xmlns='http://schemas.microsoft.com/win/2004/08/events/event'><System><Provider Name='Microsoft-Windows-Security-Auditing' Guid='{54849625-5478-4994-a5ba-3e3b0328c30d}'/><EventID>4672</EventID><Version>0</Version><Level>0</Level><Task>12548</Task><Opcode>0</Opcode><Keywords>0x8020000000000000</Keywords><TimeCreated SystemTime='2026-02-10T14:42:31.4709033Z'/><EventRecordID>1721071</EventRecordID><Correlation ActivityID='{1469d8d3-9929-0002-01e8-69142999dc01}'/><Execution ProcessID='1232' ThreadID='18008'/><Channel>Security</Channel><Computer>Archisa</Computer><Security/></System><EventData><Data Name='SubjectUserSid'>S-1-5-18</Data><Data Name='SubjectUserName'>SYSTEM</Data><Data Name='SubjectDomainName'>NT AUTHORITY</Data><Data Name='SubjectLogonId'>0x3e7</Data><Data Name='PrivilegeList'>SeAssignPrimaryTokenPrivilege
			SeTcbPrivilege
			SeSecurityPrivilege
			SeTakeOwnershipPrivilege
			SeLoadDriverPrivilege
			SeBackupPrivilege
			SeRestorePrivilege
			SeDebugPrivilege
			SeAuditPrivilege
			SeSystemEnvironmentPrivilege
			SeImpersonatePrivilege
			SeDelegateSessionUserImpersonatePrivilege</Data></EventData><RenderingInfo Culture='en-GB'><Message>Special privileges assigned to new logon.&#13;&#10;&#13;&#10;Subject:&#13;&#10;&#9;Security ID:&#9;&#9;S-1-5-18&#13;&#10;&#9;Account Name:&#9;&#9;SYSTEM&#13;&#10;&#9;Account Domain:&#9;&#9;NT AUTHORITY&#13;&#10;&#9;Logon ID:&#9;&#9;0x3E7&#13;&#10;&#13;&#10;Privileges:&#9;&#9;SeAssignPrimaryTokenPrivilege&#13;&#10;&#9;&#9;&#9;SeTcbPrivilege&#13;&#10;&#9;&#9;&#9;SeSecurityPrivilege&#13;&#10;&#9;&#9;&#9;SeTakeOwnershipPrivilege&#13;&#10;&#9;&#9;&#9;SeLoadDriverPrivilege&#13;&#10;&#9;&#9;&#9;SeBackupPrivilege&#13;&#10;&#9;&#9;&#9;SeRestorePrivilege&#13;&#10;&#9;&#9;&#9;SeDebugPrivilege&#13;&#10;&#9;&#9;&#9;SeAuditPrivilege&#13;&#10;&#9;&#9;&#9;SeSystemEnvironmentPrivilege&#13;&#10;&#9;&#9;&#9;SeImpersonatePrivilege&#13;&#10;&#9;&#9;&#9;SeDelegateSessionUserImpersonatePrivilege</Message><Level>Information</Level><Task>Special Logon</Task><Opcode>Info</Opcode><Channel>Security</Channel><Provider>Microsoft Windows security auditing.</Provider><Keywords><Keyword>Audit Success</Keyword></Keywords></RenderingInfo></Event><Event xmlns='http://schemas.microsoft.com/win/2004/08/events/event'><System><Provider Name='Microsoft-Windows-Security-Auditing' Guid='{54849625-5478-4994-a5ba-3e3b0328c30d}'/><EventID>4672</EventID><Version>0</Version><Level>0</Level><Task>12548</Task><Opcode>0</Opcode><Keywords>0x8020000000000000</Keywords><TimeCreated SystemTime='2026-02-10T14:37:33.9211207Z'/><EventRecordID>1721053</EventRecordID><Correlation ActivityID='{1469d8d3-9929-0002-01e8-69142999dc01}'/><Execution ProcessID='1232' ThreadID='20564'/><Channel>Security</Channel><Computer>Archisa</Computer><Security/></System><EventData><Data Name='SubjectUserSid'>S-1-5-18</Data><Data Name='SubjectUserName'>SYSTEM</Data><Data Name='SubjectDomainName'>NT AUTHORITY</Data><Data Name='SubjectLogonId'>0x3e7</Data><Data Name='PrivilegeList'>SeAssignPrimaryTokenPrivilege
			SeTcbPrivilege
			SeSecurityPrivilege
			SeTakeOwnershipPrivilege
			SeLoadDriverPrivilege
			SeBackupPrivilege
			SeRestorePrivilege
			SeDebugPrivilege
			SeAuditPrivilege
			SeSystemEnvironmentPrivilege
			SeImpersonatePrivilege
			SeDelegateSessionUserImpersonatePrivilege</Data></EventData><RenderingInfo Culture='en-GB'><Message>Special privileges assigned to new logon.&#13;&#10;&#13;&#10;Subject:&#13;&#10;&#9;Security ID:&#9;&#9;S-1-5-18&#13;&#10;&#9;Account Name:&#9;&#9;SYSTEM&#13;&#10;&#9;Account Domain:&#9;&#9;NT AUTHORITY&#13;&#10;&#9;Logon ID:&#9;&#9;0x3E7&#13;&#10;&#13;&#10;Privileges:&#9;&#9;SeAssignPrimaryTokenPrivilege&#13;&#10;&#9;&#9;&#9;SeTcbPrivilege&#13;&#10;&#9;&#9;&#9;SeSecurityPrivilege&#13;&#10;&#9;&#9;&#9;SeTakeOwnershipPrivilege&#13;&#10;&#9;&#9;&#9;SeLoadDriverPrivilege&#13;&#10;&#9;&#9;&#9;SeBackupPrivilege&#13;&#10;&#9;&#9;&#9;SeRestorePrivilege&#13;&#10;&#9;&#9;&#9;SeDebugPrivilege&#13;&#10;&#9;&#9;&#9;SeAuditPrivilege&#13;&#10;&#9;&#9;&#9;SeSystemEnvironmentPrivilege&#13;&#10;&#9;&#9;&#9;SeImpersonatePrivilege&#13;&#10;&#9;&#9;&#9;SeDelegateSessionUserImpersonatePrivilege</Message><Level>Information</Level><Task>Special Logon</Task><Opcode>Info</Opcode><Channel>Security</Channel><Provider>Microsoft Windows security auditing.</Provider><Keywords><Keyword>Audit Success</Keyword></Keywords></RenderingInfo></Event><Event xmlns='http://schemas.microsoft.com/win/2004/08/events/event'><System><Provider Name='Microsoft-Windows-Security-Auditing' Guid='{54849625-5478-4994-a5ba-3e3b0328c30d}'/><EventID>4672</EventID><Version>0</Version><Level>0</Level><Task>12548</Task><Opcode>0</Opcode><Keywords>0x8020000000000000</Keywords><TimeCreated SystemTime='2026-02-10T14:36:58.9132352Z'/><EventRecordID>1721051</EventRecordID><Correlation ActivityID='{1469d8d3-9929-0002-01e8-69142999dc01}'/><Execution ProcessID='1232' ThreadID='20564'/><Channel>Security</Channel><Computer>Archisa</Computer><Security/></System><EventData><Data Name='SubjectUserSid'>S-1-5-18</Data><Data Name='SubjectUserName'>SYSTEM</Data><Data Name='SubjectDomainName'>NT AUTHORITY</Data><Data Name='SubjectLogonId'>0x3e7</Data><Data Name='PrivilegeList'>SeAssignPrimaryTokenPrivilege
			SeTcbPrivilege
			SeSecurityPrivilege
			SeTakeOwnershipPrivilege
			SeLoadDriverPrivilege
			SeBackupPrivilege
			SeRestorePrivilege
			SeDebugPrivilege
			SeAuditPrivilege
			SeSystemEnvironmentPrivilege
			SeImpersonatePrivilege
			SeDelegateSessionUserImpersonatePrivilege</Data></EventData><RenderingInfo Culture='en-GB'><Message>Special privileges assigned to new logon.&#13;&#10;&#13;&#10;Subject:&#13;&#10;&#9;Security ID:&#9;&#9;S-1-5-18&#13;&#10;&#9;Account Name:&#9;&#9;SYSTEM&#13;&#10;&#9;Account Domain:&#9;&#9;NT AUTHORITY&#13;&#10;&#9;Logon ID:&#9;&#9;0x3E7&#13;&#10;&#13;&#10;Privileges:&#9;&#9;SeAssignPrimaryTokenPrivilege&#13;&#10;&#9;&#9;&#9;SeTcbPrivilege&#13;&#10;&#9;&#9;&#9;SeSecurityPrivilege&#13;&#10;&#9;&#9;&#9;SeTakeOwnershipPrivilege&#13;&#10;&#9;&#9;&#9;SeLoadDriverPrivilege&#13;&#10;&#9;&#9;&#9;SeBackupPrivilege&#13;&#10;&#9;&#9;&#9;SeRestorePrivilege&#13;&#10;&#9;&#9;&#9;SeDebugPrivilege&#13;&#10;&#9;&#9;&#9;SeAuditPrivilege&#13;&#10;&#9;&#9;&#9;SeSystemEnvironmentPrivilege&#13;&#10;&#9;&#9;&#9;SeImpersonatePrivilege&#13;&#10;&#9;&#9;&#9;SeDelegateSessionUserImpersonatePrivilege</Message><Level>Information</Level><Task>Special Logon</Task><Opcode>Info</Opcode><Channel>Security</Channel><Provider>Microsoft Windows security auditing.</Provider><Keywords><Keyword>Audit Success</Keyword></Keywords></RenderingInfo></Event><Event xmlns='http://schemas.microsoft.com/win/2004/08/events/event'><System><Provider Name='Microsoft-Windows-Security-Auditing' Guid='{54849625-5478-4994-a5ba-3e3b0328c30d}'/><EventID>4672</EventID><Version>0</Version><Level>0</Level><Task>12548</Task><Opcode>0</Opcode><Keywords>0x8020000000000000</Keywords><TimeCreated SystemTime='2026-02-10T14:31:39.1405957Z'/><EventRecordID>1720983</EventRecordID><Correlation ActivityID='{1469d8d3-9929-0002-01e8-69142999dc01}'/><Execution ProcessID='1232' ThreadID='26684'/><Channel>Security</Channel><Computer>Archisa</Computer><Security/></System><EventData><Data Name='SubjectUserSid'>S-1-5-18</Data><Data Name='SubjectUserName'>SYSTEM</Data><Data Name='SubjectDomainName'>NT AUTHORITY</Data><Data Name='SubjectLogonId'>0x3e7</Data><Data Name='PrivilegeList'>SeAssignPrimaryTokenPrivilege
			SeTcbPrivilege
			SeSecurityPrivilege
			SeTakeOwnershipPrivilege
			SeLoadDriverPrivilege
			SeBackupPrivilege
			SeRestorePrivilege
			SeDebugPrivilege
			SeAuditPrivilege
			SeSystemEnvironmentPrivilege
			SeImpersonatePrivilege
			SeDelegateSessionUserImpersonatePrivilege</Data></EventData><RenderingInfo Culture='en-GB'><Message>Special privileges assigned to new logon.&#13;&#10;&#13;&#10;Subject:&#13;&#10;&#9;Security ID:&#9;&#9;S-1-5-18&#13;&#10;&#9;Account Name:&#9;&#9;SYSTEM&#13;&#10;&#9;Account Domain:&#9;&#9;NT AUTHORITY&#13;&#10;&#9;Logon ID:&#9;&#9;0x3E7&#13;&#10;&#13;&#10;Privileges:&#9;&#9;SeAssignPrimaryTokenPrivilege&#13;&#10;&#9;&#9;&#9;SeTcbPrivilege&#13;&#10;&#9;&#9;&#9;SeSecurityPrivilege&#13;&#10;&#9;&#9;&#9;SeTakeOwnershipPrivilege&#13;&#10;&#9;&#9;&#9;SeLoadDriverPrivilege&#13;&#10;&#9;&#9;&#9;SeBackupPrivilege&#13;&#10;&#9;&#9;&#9;SeRestorePrivilege&#13;&#10;&#9;&#9;&#9;SeDebugPrivilege&#13;&#10;&#9;&#9;&#9;SeAuditPrivilege&#13;&#10;&#9;&#9;&#9;SeSystemEnvironmentPrivilege&#13;&#10;&#9;&#9;&#9;SeImpersonatePrivilege&#13;&#10;&#9;&#9;&#9;SeDelegateSessionUserImpersonatePrivilege</Message><Level>Information</Level><Task>Special Logon</Task><Opcode>Info</Opcode><Channel>Security</Channel><Provider>Microsoft Windows security auditing.</Provider><Keywords><Keyword>Audit Success</Keyword></Keywords></RenderingInfo></Event><Event xmlns='http://schemas.microsoft.com/win/2004/08/events/event'><System><Provider Name='Microsoft-Windows-Security-Auditing' Guid='{54849625-5478-4994-a5ba-3e3b0328c30d}'/><EventID>4672</EventID><Version>0</Version><Level>0</Level><Task>12548</Task><Opcode>0</Opcode><Keywords>0x8020000000000000</Keywords><TimeCreated SystemTime='2026-02-10T14:28:02.9522834Z'/><EventRecordID>1720852</EventRecordID><Correlation ActivityID='{1469d8d3-9929-0002-01e8-69142999dc01}'/><Execution ProcessID='1232' ThreadID='24784'/><Channel>Security</Channel><Computer>Archisa</Computer><Security/></System><EventData><Data Name='SubjectUserSid'>S-1-5-18</Data><Data Name='SubjectUserName'>SYSTEM</Data><Data Name='SubjectDomainName'>NT AUTHORITY</Data><Data Name='SubjectLogonId'>0x3e7</Data><Data Name='PrivilegeList'>SeAssignPrimaryTokenPrivilege
			SeTcbPrivilege
			SeSecurityPrivilege
			SeTakeOwnershipPrivilege
			SeLoadDriverPrivilege
			SeBackupPrivilege
			SeRestorePrivilege
			SeDebugPrivilege
			SeAuditPrivilege
			SeSystemEnvironmentPrivilege
			SeImpersonatePrivilege
			SeDelegateSessionUserImpersonatePrivilege</Data></EventData><RenderingInfo Culture='en-GB'><Message>Special privileges assigned to new logon.&#13;&#10;&#13;&#10;Subject:&#13;&#10;&#9;Security ID:&#9;&#9;S-1-5-18&#13;&#10;&#9;Account Name:&#9;&#9;SYSTEM&#13;&#10;&#9;Account Domain:&#9;&#9;NT AUTHORITY&#13;&#10;&#9;Logon ID:&#9;&#9;0x3E7&#13;&#10;&#13;&#10;Privileges:&#9;&#9;SeAssignPrimaryTokenPrivilege&#13;&#10;&#9;&#9;&#9;SeTcbPrivilege&#13;&#10;&#9;&#9;&#9;SeSecurityPrivilege&#13;&#10;&#9;&#9;&#9;SeTakeOwnershipPrivilege&#13;&#10;&#9;&#9;&#9;SeLoadDriverPrivilege&#13;&#10;&#9;&#9;&#9;SeBackupPrivilege&#13;&#10;&#9;&#9;&#9;SeRestorePrivilege&#13;&#10;&#9;&#9;&#9;SeDebugPrivilege&#13;&#10;&#9;&#9;&#9;SeAuditPrivilege&#13;&#10;&#9;&#9;&#9;SeSystemEnvironmentPrivilege&#13;&#10;&#9;&#9;&#9;SeImpersonatePrivilege&#13;&#10;&#9;&#9;&#9;SeDelegateSessionUserImpersonatePrivilege</Message><Level>Information</Level><Task>Special Logon</Task><Opcode>Info</Opcode><Channel>Security</Channel><Provider>Microsoft Windows security auditing.</Provider><Keywords><Keyword>Audit Success</Keyword></Keywords></RenderingInfo></Event><Event xmlns='http://schemas.microsoft.com/win/2004/08/events/event'><System><Provider Name='Microsoft-Windows-Security-Auditing' Guid='{54849625-5478-4994-a5ba-3e3b0328c30d}'/><EventID>4672</EventID><Version>0</Version><Level>0</Level><Task>12548</Task><Opcode>0</Opcode><Keywords>0x8020000000000000</Keywords><TimeCreated SystemTime='2026-02-10T14:16:39.0497508Z'/><EventRecordID>1720648</EventRecordID><Correlation ActivityID='{1469d8d3-9929-0002-01e8-69142999dc01}'/><Execution ProcessID='1232' ThreadID='16256'/><Channel>Security</Channel><Computer>Archisa</Computer><Security/></System><EventData><Data Name='SubjectUserSid'>S-1-5-18</Data><Data Name='SubjectUserName'>SYSTEM</Data><Data Name='SubjectDomainName'>NT AUTHORITY</Data><Data Name='SubjectLogonId'>0x3e7</Data><Data Name='PrivilegeList'>SeAssignPrimaryTokenPrivilege
			SeTcbPrivilege
			SeSecurityPrivilege
			SeTakeOwnershipPrivilege
			SeLoadDriverPrivilege
			SeBackupPrivilege
			SeRestorePrivilege
			SeDebugPrivilege
			SeAuditPrivilege
			SeSystemEnvironmentPrivilege
			SeImpersonatePrivilege
			SeDelegateSessionUserImpersonatePrivilege</Data></EventData><RenderingInfo Culture='en-GB'><Message>Special privileges assigned to new logon.&#13;&#10;&#13;&#10;Subject:&#13;&#10;&#9;Security ID:&#9;&#9;S-1-5-18&#13;&#10;&#9;Account Name:&#9;&#9;SYSTEM&#13;&#10;&#9;Account Domain:&#9;&#9;NT AUTHORITY&#13;&#10;&#9;Logon ID:&#9;&#9;0x3E7&#13;&#10;&#13;&#10;Privileges:&#9;&#9;SeAssignPrimaryTokenPrivilege&#13;&#10;&#9;&#9;&#9;SeTcbPrivilege&#13;&#10;&#9;&#9;&#9;SeSecurityPrivilege&#13;&#10;&#9;&#9;&#9;SeTakeOwnershipPrivilege&#13;&#10;&#9;&#9;&#9;SeLoadDriverPrivilege&#13;&#10;&#9;&#9;&#9;SeBackupPrivilege&#13;&#10;&#9;&#9;&#9;SeRestorePrivilege&#13;&#10;&#9;&#9;&#9;SeDebugPrivilege&#13;&#10;&#9;&#9;&#9;SeAuditPrivilege&#13;&#10;&#9;&#9;&#9;SeSystemEnvironmentPrivilege&#13;&#10;&#9;&#9;&#9;SeImpersonatePrivilege&#13;&#10;&#9;&#9;&#9;SeDelegateSessionUserImpersonatePrivilege</Message><Level>Information</Level><Task>Special Logon</Task><Opcode>Info</Opcode><Channel>Security</Channel><Provider>Microsoft Windows security auditing.</Provider><Keywords><Keyword>Audit Success</Keyword></Keywords></RenderingInfo></Event><Event xmlns='http://schemas.microsoft.com/win/2004/08/events/event'><System><Provider Name='Microsoft-Windows-Security-Auditing' Guid='{54849625-5478-4994-a5ba-3e3b0328c30d}'/><EventID>4672</EventID><Version>0</Version><Level>0</Level><Task>12548</Task><Opcode>0</Opcode><Keywords>0x8020000000000000</Keywords><TimeCreated SystemTime='2026-02-10T14:14:42.7323091Z'/><EventRecordID>1720642</EventRecordID><Correlation ActivityID='{1469d8d3-9929-0002-01e8-69142999dc01}'/><Execution ProcessID='1232' ThreadID='16256'/><Channel>Security</Channel><Computer>Archisa</Computer><Security/></System><EventData><Data Name='SubjectUserSid'>S-1-5-18</Data><Data Name='SubjectUserName'>SYSTEM</Data><Data Name='SubjectDomainName'>NT AUTHORITY</Data><Data Name='SubjectLogonId'>0x3e7</Data><Data Name='PrivilegeList'>SeAssignPrimaryTokenPrivilege
			SeTcbPrivilege
			SeSecurityPrivilege
			SeTakeOwnershipPrivilege
			SeLoadDriverPrivilege
			SeBackupPrivilege
			SeRestorePrivilege
			SeDebugPrivilege
			SeAuditPrivilege
			SeSystemEnvironmentPrivilege
			SeImpersonatePrivilege
			SeDelegateSessionUserImpersonatePrivilege</Data></EventData><RenderingInfo Culture='en-GB'><Message>Special privileges assigned to new logon.&#13;&#10;&#13;&#10;Subject:&#13;&#10;&#9;Security ID:&#9;&#9;S-1-5-18&#13;&#10;&#9;Account Name:&#9;&#9;SYSTEM&#13;&#10;&#9;Account Domain:&#9;&#9;NT AUTHORITY&#13;&#10;&#9;Logon ID:&#9;&#9;0x3E7&#13;&#10;&#13;&#10;Privileges:&#9;&#9;SeAssignPrimaryTokenPrivilege&#13;&#10;&#9;&#9;&#9;SeTcbPrivilege&#13;&#10;&#9;&#9;&#9;SeSecurityPrivilege&#13;&#10;&#9;&#9;&#9;SeTakeOwnershipPrivilege&#13;&#10;&#9;&#9;&#9;SeLoadDriverPrivilege&#13;&#10;&#9;&#9;&#9;SeBackupPrivilege&#13;&#10;&#9;&#9;&#9;SeRestorePrivilege&#13;&#10;&#9;&#9;&#9;SeDebugPrivilege&#13;&#10;&#9;&#9;&#9;SeAuditPrivilege&#13;&#10;&#9;&#9;&#9;SeSystemEnvironmentPrivilege&#13;&#10;&#9;&#9;&#9;SeImpersonatePrivilege&#13;&#10;&#9;&#9;&#9;SeDelegateSessionUserImpersonatePrivilege</Message><Level>Information</Level><Task>Special Logon</Task><Opcode>Info</Opcode><Channel>Security</Channel><Provider>Microsoft Windows security auditing.</Provider><Keywords><Keyword>Audit Success</Keyword></Keywords></RenderingInfo></Event><Event xmlns='http://schemas.microsoft.com/win/2004/08/events/event'><System><Provider Name='Microsoft-Windows-Security-Auditing' Guid='{54849625-5478-4994-a5ba-3e3b0328c30d}'/><EventID>4672</EventID><Version>0</Version><Level>0</Level><Task>12548</Task><Opcode>0</Opcode><Keywords>0x8020000000000000</Keywords><TimeCreated SystemTime='2026-02-10T14:07:37.5809272Z'/><EventRecordID>1720550</EventRecordID><Correlation ActivityID='{1469d8d3-9929-0002-01e8-69142999dc01}'/><Execution ProcessID='1232' ThreadID='25904'/><Channel>Security</Channel><Computer>Archisa</Computer><Security/></System><EventData><Data Name='SubjectUserSid'>S-1-5-18</Data><Data Name='SubjectUserName'>SYSTEM</Data><Data Name='SubjectDomainName'>NT AUTHORITY</Data><Data Name='SubjectLogonId'>0x3e7</Data><Data Name='PrivilegeList'>SeAssignPrimaryTokenPrivilege
			SeTcbPrivilege
			SeSecurityPrivilege
			SeTakeOwnershipPrivilege
			SeLoadDriverPrivilege
			SeBackupPrivilege
			SeRestorePrivilege
			SeDebugPrivilege
			SeAuditPrivilege
			SeSystemEnvironmentPrivilege
			SeImpersonatePrivilege
			SeDelegateSessionUserImpersonatePrivilege</Data></EventData><RenderingInfo Culture='en-GB'><Message>Special privileges assigned to new logon.&#13;&#10;&#13;&#10;Subject:&#13;&#10;&#9;Security ID:&#9;&#9;S-1-5-18&#13;&#10;&#9;Account Name:&#9;&#9;SYSTEM&#13;&#10;&#9;Account Domain:&#9;&#9;NT AUTHORITY&#13;&#10;&#9;Logon ID:&#9;&#9;0x3E7&#13;&#10;&#13;&#10;Privileges:&#9;&#9;SeAssignPrimaryTokenPrivilege&#13;&#10;&#9;&#9;&#9;SeTcbPrivilege&#13;&#10;&#9;&#9;&#9;SeSecurityPrivilege&#13;&#10;&#9;&#9;&#9;SeTakeOwnershipPrivilege&#13;&#10;&#9;&#9;&#9;SeLoadDriverPrivilege&#13;&#10;&#9;&#9;&#9;SeBackupPrivilege&#13;&#10;&#9;&#9;&#9;SeRestorePrivilege&#13;&#10;&#9;&#9;&#9;SeDebugPrivilege&#13;&#10;&#9;&#9;&#9;SeAuditPrivilege&#13;&#10;&#9;&#9;&#9;SeSystemEnvironmentPrivilege&#13;&#10;&#9;&#9;&#9;SeImpersonatePrivilege&#13;&#10;&#9;&#9;&#9;SeDelegateSessionUserImpersonatePrivilege</Message><Level>Information</Level><Task>Special Logon</Task><Opcode>Info</Opcode><Channel>Security</Channel><Provider>Microsoft Windows security auditing.</Provider><Keywords><Keyword>Audit Success</Keyword></Keywords></RenderingInfo></Event><Event xmlns='http://schemas.microsoft.com/win/2004/08/events/event'><System><Provider Name='Microsoft-Windows-Security-Auditing' Guid='{54849625-5478-4994-a5ba-3e3b0328c30d}'/><EventID>4672</EventID><Version>0</Version><Level>0</Level><Task>12548</Task><Opcode>0</Opcode><Keywords>0x8020000000000000</Keywords><TimeCreated SystemTime='2026-02-10T14:03:08.7736928Z'/><EventRecordID>1720540</EventRecordID><Correlation ActivityID='{1469d8d3-9929-0002-01e8-69142999dc01}'/><Execution ProcessID='1232' ThreadID='16256'/><Channel>Security</Channel><Computer>Archisa</Computer><Security/></System><EventData><Data Name='SubjectUserSid'>S-1-5-18</Data><Data Name='SubjectUserName'>SYSTEM</Data><Data Name='SubjectDomainName'>NT AUTHORITY</Data><Data Name='SubjectLogonId'>0x3e7</Data><Data Name='PrivilegeList'>SeAssignPrimaryTokenPrivilege
			SeTcbPrivilege
			SeSecurityPrivilege
			SeTakeOwnershipPrivilege
			SeLoadDriverPrivilege
			SeBackupPrivilege
			SeRestorePrivilege
			SeDebugPrivilege
			SeAuditPrivilege
			SeSystemEnvironmentPrivilege
			SeImpersonatePrivilege
			SeDelegateSessionUserImpersonatePrivilege</Data></EventData><RenderingInfo Culture='en-GB'><Message>Special privileges assigned to new logon.&#13;&#10;&#13;&#10;Subject:&#13;&#10;&#9;Security ID:&#9;&#9;S-1-5-18&#13;&#10;&#9;Account Name:&#9;&#9;SYSTEM&#13;&#10;&#9;Account Domain:&#9;&#9;NT AUTHORITY&#13;&#10;&#9;Logon ID:&#9;&#9;0x3E7&#13;&#10;&#13;&#10;Privileges:&#9;&#9;SeAssignPrimaryTokenPrivilege&#13;&#10;&#9;&#9;&#9;SeTcbPrivilege&#13;&#10;&#9;&#9;&#9;SeSecurityPrivilege&#13;&#10;&#9;&#9;&#9;SeTakeOwnershipPrivilege&#13;&#10;&#9;&#9;&#9;SeLoadDriverPrivilege&#13;&#10;&#9;&#9;&#9;SeBackupPrivilege&#13;&#10;&#9;&#9;&#9;SeRestorePrivilege&#13;&#10;&#9;&#9;&#9;SeDebugPrivilege&#13;&#10;&#9;&#9;&#9;SeAuditPrivilege&#13;&#10;&#9;&#9;&#9;SeSystemEnvironmentPrivilege&#13;&#10;&#9;&#9;&#9;SeImpersonatePrivilege&#13;&#10;&#9;&#9;&#9;SeDelegateSessionUserImpersonatePrivilege</Message><Level>Information</Level><Task>Special Logon</Task><Opcode>Info</Opcode><Channel>Security</Channel><Provider>Microsoft Windows security auditing.</Provider><Keywords><Keyword>Audit Success</Keyword></Keywords></RenderingInfo></Event><Event xmlns='http://schemas.microsoft.com/win/2004/08/events/event'><System><Provider Name='Microsoft-Windows-Security-Auditing' Guid='{54849625-5478-4994-a5ba-3e3b0328c30d}'/><EventID>4672</EventID><Version>0</Version><Level>0</Level><Task>12548</Task><Opcode>0</Opcode><Keywords>0x8020000000000000</Keywords><TimeCreated SystemTime='2026-02-10T14:02:39.2157249Z'/><EventRecordID>1720412</EventRecordID><Correlation ActivityID='{1469d8d3-9929-0002-01e8-69142999dc01}'/><Execution ProcessID='1232' ThreadID='16256'/><Channel>Security</Channel><Computer>Archisa</Computer><Security/></System><EventData><Data Name='SubjectUserSid'>S-1-5-18</Data><Data Name='SubjectUserName'>SYSTEM</Data><Data Name='SubjectDomainName'>NT AUTHORITY</Data><Data Name='SubjectLogonId'>0x3e7</Data><Data Name='PrivilegeList'>SeAssignPrimaryTokenPrivilege
			SeTcbPrivilege
			SeSecurityPrivilege
			SeTakeOwnershipPrivilege
			SeLoadDriverPrivilege
			SeBackupPrivilege
			SeRestorePrivilege
			SeDebugPrivilege
			SeAuditPrivilege
			SeSystemEnvironmentPrivilege
			SeImpersonatePrivilege
			SeDelegateSessionUserImpersonatePrivilege</Data></EventData><RenderingInfo Culture='en-GB'><Message>Special privileges assigned to new logon.&#13;&#10;&#13;&#10;Subject:&#13;&#10;&#9;Security ID:&#9;&#9;S-1-5-18&#13;&#10;&#9;Account Name:&#9;&#9;SYSTEM&#13;&#10;&#9;Account Domain:&#9;&#9;NT AUTHORITY&#13;&#10;&#9;Logon ID:&#9;&#9;0x3E7&#13;&#10;&#13;&#10;Privileges:&#9;&#9;SeAssignPrimaryTokenPrivilege&#13;&#10;&#9;&#9;&#9;SeTcbPrivilege&#13;&#10;&#9;&#9;&#9;SeSecurityPrivilege&#13;&#10;&#9;&#9;&#9;SeTakeOwnershipPrivilege&#13;&#10;&#9;&#9;&#9;SeLoadDriverPrivilege&#13;&#10;&#9;&#9;&#9;SeBackupPrivilege&#13;&#10;&#9;&#9;&#9;SeRestorePrivilege&#13;&#10;&#9;&#9;&#9;SeDebugPrivilege&#13;&#10;&#9;&#9;&#9;SeAuditPrivilege&#13;&#10;&#9;&#9;&#9;SeSystemEnvironmentPrivilege&#13;&#10;&#9;&#9;&#9;SeImpersonatePrivilege&#13;&#10;&#9;&#9;&#9;SeDelegateSessionUserImpersonatePrivilege</Message><Level>Information</Level><Task>Special Logon</Task><Opcode>Info</Opcode><Channel>Security</Channel><Provider>Microsoft Windows security auditing.</Provider><Keywords><Keyword>Audit Success</Keyword></Keywords></RenderingInfo></Event><Event xmlns='http://schemas.microsoft.com/win/2004/08/events/event'><System><Provider Name='Microsoft-Windows-Security-Auditing' Guid='{54849625-5478-4994-a5ba-3e3b0328c30d}'/><EventID>4672</EventID><Version>0</Version><Level>0</Level><Task>12548</Task><Opcode>0</Opcode><Keywords>0x8020000000000000</Keywords><TimeCreated SystemTime='2026-02-10T14:01:40.9576577Z'/><EventRecordID>1720179</EventRecordID><Correlation/><Execution ProcessID='1232' ThreadID='2468'/><Channel>Security</Channel><Computer>Archisa</Computer><Security/></System><EventData><Data Name='SubjectUserSid'>S-1-5-21-1794839122-2696800983-1176889395-1001</Data><Data Name='SubjectUserName'>archisadas20@gmail.com</Data><Data Name='SubjectDomainName'>MicrosoftAccount</Data><Data Name='SubjectLogonId'>0x1f13b12</Data><Data Name='PrivilegeList'>SeSecurityPrivilege
			SeTakeOwnershipPrivilege
			SeLoadDriverPrivilege
			SeBackupPrivilege
			SeRestorePrivilege
			SeDebugPrivilege
			SeSystemEnvironmentPrivilege
			SeImpersonatePrivilege
			SeDelegateSessionUserImpersonatePrivilege</Data></EventData><RenderingInfo Culture='en-GB'><Message>Special privileges assigned to new logon.&#13;&#10;&#13;&#10;Subject:&#13;&#10;&#9;Security ID:&#9;&#9;S-1-5-21-1794839122-2696800983-1176889395-1001&#13;&#10;&#9;Account Name:&#9;&#9;archisadas20@gmail.com&#13;&#10;&#9;Account Domain:&#9;&#9;MicrosoftAccount&#13;&#10;&#9;Logon ID:&#9;&#9;0x1F13B12&#13;&#10;&#13;&#10;Privileges:&#9;&#9;SeSecurityPrivilege&#13;&#10;&#9;&#9;&#9;SeTakeOwnershipPrivilege&#13;&#10;&#9;&#9;&#9;SeLoadDriverPrivilege&#13;&#10;&#9;&#9;&#9;SeBackupPrivilege&#13;&#10;&#9;&#9;&#9;SeRestorePrivilege&#13;&#10;&#9;&#9;&#9;SeDebugPrivilege&#13;&#10;&#9;&#9;&#9;SeSystemEnvironmentPrivilege&#13;&#10;&#9;&#9;&#9;SeImpersonatePrivilege&#13;&#10;&#9;&#9;&#9;SeDelegateSessionUserImpersonatePrivilege</Message><Level>Information</Level><Task>Special Logon</Task><Opcode>Info</Opcode><Channel>Security</Channel><Provider>Microsoft Windows security auditing.</Provider><Keywords><Keyword>Audit Success</Keyword></Keywords></RenderingInfo></Event>