<Event xmlns='http://schemas.microsoft.com/win/2004/08/events/event'><System><Provider Name='Microsoft-Windows-Security-Auditing' Guid='{54849625-5478-4994-a5ba-3e3b0328c30d}'/><EventID>4672</EventID><Version>0</Version><Level>0</Level><Task>12548</Task><Opcode>0</Opcode><Keywords>0x8020000000000000</Keywords><TimeCreated SystemTime='2026-02-10T20:13:02.0776565Z'/><EventRecordID>1724007</EventRecordID><Correlation ActivityID='{1469d8d3-9929-0002-01e8-69142999dc01}'/><Execution ProcessID='1232' ThreadID='17948'/><Channel>Security</Channel><Computer>Archisa</Computer><Security/></System><EventData><Data Name='SubjectUserSid'>S-1-5-18</Data><Data Name='SubjectUserName'>SYSTEM</Data><Data Name='SubjectDomainName'>NT AUTHORITY</Data><Data Name='SubjectLogonId'>0x3e7</Data><Data Name='PrivilegeList'>SeAssignPrimaryTokenPrivilege
			SeTcbPrivilege
			SeSecurityPrivilege
			SeTakeOwnershipPrivilege
			SeLoadDriverPrivilege
			SeBackupPrivilege
			SeRestorePrivilege
			SeDebugPrivilege
			SeAuditPrivilege
			SeSystemEnvironmentPrivilege
			SeImpersonatePrivilege
			SeDelegateSessionUserImpersonatePrivilege</Data></EventData><RenderingInfo Culture='en-GB'><Message>Special privileges assigned to new logon.&#13;&#10;&#13;&#10;Subject:&#13;&#10;&#9;Security ID:&#9;&#9;S-1-5-18&#13;&#10;&#9;Account Name:&#9;&#9;SYSTEM&#13;&#10;&#9;Account Domain:&#9;&#9;NT AUTHORITY&#13;&#10;&#9;Logon ID:&#9;&#9;0x3E7&#13;&#10;&#13;&#10;Privileges:&#9;&#9;SeAssignPrimaryTokenPrivilege&#13;&#10;&#9;&#9;&#9;SeTcbPrivilege&#13;&#10;&#9;&#9;&#9;SeSecurityPrivilege&#13;&#10;&#9;&#9;&#9;SeTakeOwnershipPrivilege&#13;&#10;&#9;&#9;&#9;SeLoadDriverPrivilege&#13;&#10;&#9;&#9;&#9;SeBackupPrivilege&#13;&#10;&#9;&#9;&#9;SeRestorePrivilege&#13;&#10;&#9;&#9;&#9;SeDebugPrivilege&#13;&#10;&#9;&#9;&#9;SeAuditPrivilege&#13;&#10;&#9;&#9;&#9;SeSystemEnvironmentPrivilege&#13;&#10;&#9;&#9;&#9;SeImpersonatePrivilege&#13;&#10;&#9;&#9;&#9;SeDelegateSessionUserImpersonatePrivilege</Message><Level>Information</Level><Task>Special Logon</Task><Opcode>Info</Opcode><Channel>Security</Channel><Provider>Microsoft Windows security auditing.</Provider><Keywords><Keyword>Audit Success</Keyword></Keywords></RenderingInfo></Event><Event xmlns='http://schemas.microsoft.com/win/2004/08/events/event'><System><Provider Name='Microsoft-Windows-Security-Auditing' Guid='{54849625-5478-4994-a5ba-3e3b0328c30d}'/><EventID>4672</EventID><Version>0</Version><Level>0</Level><Task>12548</Task><Opcode>0</Opcode><Keywords>0x8020000000000000</Keywords><TimeCreated SystemTime='2026-02-10T20:12:56.5043230Z'/><EventRecordID>1724005</EventRecordID><Correlation ActivityID='{1469d8d3-9929-0002-01e8-69142999dc01}'/><Execution ProcessID='1232' ThreadID='6388'/><Channel>Security</Channel><Computer>Archisa</Computer><Security/></System><EventData><Data Name='SubjectUserSid'>S-1-5-18</Data><Data Name='SubjectUserName'>SYSTEM</Data><Data Name='SubjectDomainName'>NT AUTHORITY</Data><Data Name='SubjectLogonId'>0x3e7</Data><Data Name='PrivilegeList'>SeAssignPrimaryTokenPrivilege
			SeTcbPrivilege
			SeSecurityPrivilege
			SeTakeOwnershipPrivilege
			SeLoadDriverPrivilege
			SeBackupPrivilege
			SeRestorePrivilege
			SeDebugPrivilege
			SeAuditPrivilege
			SeSystemEnvironmentPrivilege
			SeImpersonatePrivilege
			SeDelegateSessionUserImpersonatePrivilege</Data></EventData><RenderingInfo Culture='en-GB'><Message>Special privileges assigned to new logon.&#13;&#10;&#13;&#10;Subject:&#13;&#10;&#9;Security ID:&#9;&#9;S-1-5-18&#13;&#10;&#9;Account Name:&#9;&#9;SYSTEM&#13;&#10;&#9;Account Domain:&#9;&#9;NT AUTHORITY&#13;&#10;&#9;Logon ID:&#9;&#9;0x3E7&#13;&#10;&#13;&#10;Privileges:&#9;&#9;SeAssignPrimaryTokenPrivilege&#13;&#10;&#9;&#9;&#9;SeTcbPrivilege&#13;&#10;&#9;&#9;&#9;SeSecurityPrivilege&#13;&#10;&#9;&#9;&#9;SeTakeOwnershipPrivilege&#13;&#10;&#9;&#9;&#9;SeLoadDriverPrivilege&#13;&#10;&#9;&#9;&#9;SeBackupPrivilege&#13;&#10;&#9;&#9;&#9;SeRestorePrivilege&#13;&#10;&#9;&#9;&#9;SeDebugPrivilege&#13;&#10;&#9;&#9;&#9;SeAuditPrivilege&#13;&#10;&#9;&#9;&#9;SeSystemEnvironmentPrivilege&#13;&#10;&#9;&#9;&#9;SeImpersonatePrivilege&#13;&#10;&#9;&#9;&#9;SeDelegateSessionUserImpersonatePrivilege</Message><Level>Information</Level><Task>Special Logon</Task><Opcode>Info</Opcode><Channel>Security</Channel><Provider>Microsoft Windows security auditing.</Provider><Keywords><Keyword>Audit Success</Keyword></Keywords></RenderingInfo></Event><Event xmlns='http://schemas.microsoft.com/win/2004/08/events/event'><System><Provider Name='Microsoft-Windows-Security-Auditing' Guid='{54849625-5478-4994-a5ba-3e3b0328c30d}'/><EventID>4672</EventID><Version>0</Version><Level>0</Level><Task>12548</Task><Opcode>0</Opcode><Keywords>0x8020000000000000</Keywords><TimeCreated SystemTime='2026-02-10T20:00:22.5540878Z'/><EventRecordID>1723983</EventRecordID><Correlation ActivityID='{1469d8d3-9929-0002-01e8-69142999dc01}'/><Execution ProcessID='1232' ThreadID='17948'/><Channel>Security</Channel><Computer>Archisa</Computer><Security/></System><EventData><Data Name='SubjectUserSid'>S-1-5-18</Data><Data Name='SubjectUserName'>SYSTEM</Data><Data Name='SubjectDomainName'>NT AUTHORITY</Data><Data Name='SubjectLogonId'>0x3e7</Data><Data Name='PrivilegeList'>SeAssignPrimaryTokenPrivilege
			SeTcbPrivilege
			SeSecurityPrivilege
			SeTakeOwnershipPrivilege
			SeLoadDriverPrivilege
			SeBackupPrivilege
			SeRestorePrivilege
			SeDebugPrivilege
			SeAuditPrivilege
			SeSystemEnvironmentPrivilege
			SeImpersonatePrivilege
			SeDelegateSessionUserImpersonatePrivilege</Data></EventData><RenderingInfo Culture='en-GB'><Message>Special privileges assigned to new logon.&#13;&#10;&#13;&#10;Subject:&#13;&#10;&#9;Security ID:&#9;&#9;S-1-5-18&#13;&#10;&#9;Account Name:&#9;&#9;SYSTEM&#13;&#10;&#9;Account Domain:&#9;&#9;NT AUTHORITY&#13;&#10;&#9;Logon ID:&#9;&#9;0x3E7&#13;&#10;&#13;&#10;Privileges:&#9;&#9;SeAssignPrimaryTokenPrivilege&#13;&#10;&#9;&#9;&#9;SeTcbPrivilege&#13;&#10;&#9;&#9;&#9;SeSecurityPrivilege&#13;&#10;&#9;&#9;&#9;SeTakeOwnershipPrivilege&#13;&#10;&#9;&#9;&#9;SeLoadDriverPrivilege&#13;&#10;&#9;&#9;&#9;SeBackupPrivilege&#13;&#10;&#9;&#9;&#9;SeRestorePrivilege&#13;&#10;&#9;&#9;&#9;SeDebugPrivilege&#13;&#10;&#9;&#9;&#9;SeAuditPrivilege&#13;&#10;&#9;&#9;&#9;SeSystemEnvironmentPrivilege&#13;&#10;&#9;&#9;&#9;SeImpersonatePrivilege&#13;&#10;&#9;&#9;&#9;SeDelegateSessionUserImpersonatePrivilege</Message><Level>Information</Level><Task>Special Logon</Task><Opcode>Info</Opcode><Channel>Security</Channel><Provider>Microsoft Windows security auditing.</Provider><Keywords><Keyword>Audit Success</Keyword></Keywords></RenderingInfo></Event><Event xmlns='http://schemas.microsoft.com/win/2004/08/events/event'><System><Provider Name='Microsoft-Windows-Security-Auditing' Guid='{54849625-5478-4994-a5ba-3e3b0328c30d}'/><EventID>4672</EventID><Version>0</Version><Level>0</Level><Task>12548</Task><Opcode>0</Opcode><Keywords>0x8020000000000000</Keywords><TimeCreated SystemTime='2026-02-10T20:00:09.0860476Z'/><EventRecordID>1723968</EventRecordID><Correlation ActivityID='{1469d8d3-9929-0002-01e8-69142999dc01}'/><Execution ProcessID='1232' ThreadID='6388'/><Channel>Security</Channel><Computer>Archisa</Computer><Security/></System><EventData><Data Name='SubjectUserSid'>S-1-5-18</Data><Data Name='SubjectUserName'>SYSTEM</Data><Data Name='SubjectDomainName'>NT AUTHORITY</Data><Data Name='SubjectLogonId'>0x3e7</Data><Data Name='PrivilegeList'>SeAssignPrimaryTokenPrivilege
			SeTcbPrivilege
			SeSecurityPrivilege
			SeTakeOwnershipPrivilege
			SeLoadDriverPrivilege
			SeBackupPrivilege
			SeRestorePrivilege
			SeDebugPrivilege
			SeAuditPrivilege
			SeSystemEnvironmentPrivilege
			SeImpersonatePrivilege
			SeDelegateSessionUserImpersonatePrivilege</Data></EventData><RenderingInfo Culture='en-GB'><Message>Special privileges assigned to new logon.&#13;&#10;&#13;&#10;Subject:&#13;&#10;&#9;Security ID:&#9;&#9;S-1-5-18&#13;&#10;&#9;Account Name:&#9;&#9;SYSTEM&#13;&#10;&#9;Account Domain:&#9;&#9;NT AUTHORITY&#13;&#10;&#9;Logon ID:&#9;&#9;0x3E7&#13;&#10;&#13;&#10;Privileges:&#9;&#9;SeAssignPrimaryTokenPrivilege&#13;&#10;&#9;&#9;&#9;SeTcbPrivilege&#13;&#10;&#9;&#9;&#9;SeSecurityPrivilege&#13;&#10;&#9;&#9;&#9;SeTakeOwnershipPrivilege&#13;&#10;&#9;&#9;&#9;SeLoadDriverPrivilege&#13;&#10;&#9;&#9;&#9;SeBackupPrivilege&#13;&#10;&#9;&#9;&#9;SeRestorePrivilege&#13;&#10;&#9;&#9;&#9;SeDebugPrivilege&#13;&#10;&#9;&#9;&#9;SeAuditPrivilege&#13;&#10;&#9;&#9;&#9;SeSystemEnvironmentPrivilege&#13;&#10;&#9;&#9;&#9;SeImpersonatePrivilege&#13;&#10;&#9;&#9;&#9;SeDelegateSessionUserImpersonatePrivilege</Message><Level>Information</Level><Task>Special Logon</Task><Opcode>Info</Opcode><Channel>Security</Channel><Provider>Microsoft Windows security auditing.</Provider><Keywords><Keyword>Audit Success</Keyword></Keywords></RenderingInfo></Event><Event xmlns='http://schemas.microsoft.com/win/2004/08/events/event'><System><Provider Name='Microsoft-Windows-Security-Auditing' Guid='{54849625-5478-4994-a5ba-3e3b0328c30d}'/><EventID>4672</EventID><Version>0</Version><Level>0</Level><Task>12548</Task><Opcode>0</Opcode><Keywords>0x8020000000000000</Keywords><TimeCreated SystemTime='2026-02-10T19:57:28.3970577Z'/><EventRecordID>1723966</EventRecordID><Correlation ActivityID='{1469d8d3-9929-0002-01e8-69142999dc01}'/><Execution ProcessID='1232' ThreadID='27616'/><Channel>Security</Channel><Computer>Archisa</Computer><Security/></System><EventData><Data Name='SubjectUserSid'>S-1-5-18</Data><Data Name='SubjectUserName'>SYSTEM</Data><Data Name='SubjectDomainName'>NT AUTHORITY</Data><Data Name='SubjectLogonId'>0x3e7</Data><Data Name='PrivilegeList'>SeAssignPrimaryTokenPrivilege
			SeTcbPrivilege
			SeSecurityPrivilege
			SeTakeOwnershipPrivilege
			SeLoadDriverPrivilege
			SeBackupPrivilege
			SeRestorePrivilege
			SeDebugPrivilege
			SeAuditPrivilege
			SeSystemEnvironmentPrivilege
			SeImpersonatePrivilege
			SeDelegateSessionUserImpersonatePrivilege</Data></EventData><RenderingInfo Culture='en-GB'><Message>Special privileges assigned to new logon.&#13;&#10;&#13;&#10;Subject:&#13;&#10;&#9;Security ID:&#9;&#9;S-1-5-18&#13;&#10;&#9;Account Name:&#9;&#9;SYSTEM&#13;&#10;&#9;Account Domain:&#9;&#9;NT AUTHORITY&#13;&#10;&#9;Logon ID:&#9;&#9;0x3E7&#13;&#10;&#13;&#10;Privileges:&#9;&#9;SeAssignPrimaryTokenPrivilege&#13;&#10;&#9;&#9;&#9;SeTcbPrivilege&#13;&#10;&#9;&#9;&#9;SeSecurityPrivilege&#13;&#10;&#9;&#9;&#9;SeTakeOwnershipPrivilege&#13;&#10;&#9;&#9;&#9;SeLoadDriverPrivilege&#13;&#10;&#9;&#9;&#9;SeBackupPrivilege&#13;&#10;&#9;&#9;&#9;SeRestorePrivilege&#13;&#10;&#9;&#9;&#9;SeDebugPrivilege&#13;&#10;&#9;&#9;&#9;SeAuditPrivilege&#13;&#10;&#9;&#9;&#9;SeSystemEnvironmentPrivilege&#13;&#10;&#9;&#9;&#9;SeImpersonatePrivilege&#13;&#10;&#9;&#9;&#9;SeDelegateSessionUserImpersonatePrivilege</Message><Level>Information</Level><Task>Special Logon</Task><Opcode>Info</Opcode><Channel>Security</Channel><Provider>Microsoft Windows security auditing.</Provider><Keywords><Keyword>Audit Success</Keyword></Keywords></RenderingInfo></Event><Event xmlns='http://schemas.microsoft.com/win/2004/08/events/event'><System><Provider Name='Microsoft-Windows-Security-Auditing' Guid='{54849625-5478-4994-a5ba-3e3b0328c30d}'/><EventID>4672</EventID><Version>0</Version><Level>0</Level><Task>12548</Task><Opcode>0</Opcode><Keywords>0x8020000000000000</Keywords><TimeCreated SystemTime='2026-02-10T19:48:22.5969620Z'/><EventRecordID>1723889</EventRecordID><Correlation ActivityID='{1469d8d3-9929-0002-01e8-69142999dc01}'/><Execution ProcessID='1232' ThreadID='17948'/><Channel>Security</Channel><Computer>Archisa</Computer><Security/></System><EventData><Data Name='SubjectUserSid'>S-1-5-18</Data><Data Name='SubjectUserName'>SYSTEM</Data><Data Name='SubjectDomainName'>NT AUTHORITY</Data><Data Name='SubjectLogonId'>0x3e7</Data><Data Name='PrivilegeList'>SeAssignPrimaryTokenPrivilege
			SeTcbPrivilege
			SeSecurityPrivilege
			SeTakeOwnershipPrivilege
			SeLoadDriverPrivilege
			SeBackupPrivilege
			SeRestorePrivilege
			SeDebugPrivilege
			SeAuditPrivilege
			SeSystemEnvironmentPrivilege
			SeImpersonatePrivilege
			SeDelegateSessionUserImpersonatePrivilege</Data></EventData><RenderingInfo Culture='en-GB'><Message>Special privileges assigned to new logon.&#13;&#10;&#13;&#10;Subject:&#13;&#10;&#9;Security ID:&#9;&#9;S-1-5-18&#13;&#10;&#9;Account Name:&#9;&#9;SYSTEM&#13;&#10;&#9;Account Domain:&#9;&#9;NT AUTHORITY&#13;&#10;&#9;Logon ID:&#9;&#9;0x3E7&#13;&#10;&#13;&#10;Privileges:&#9;&#9;SeAssignPrimaryTokenPrivilege&#13;&#10;&#9;&#9;&#9;SeTcbPrivilege&#13;&#10;&#9;&#9;&#9;SeSecurityPrivilege&#13;&#10;&#9;&#9;&#9;SeTakeOwnershipPrivilege&#13;&#10;&#9;&#9;&#9;SeLoadDriverPrivilege&#13;&#10;&#9;&#9;&#9;SeBackupPrivilege&#13;&#10;&#9;&#9;&#9;SeRestorePrivilege&#13;&#10;&#9;&#9;&#9;SeDebugPrivilege&#13;&#10;&#9;&#9;&#9;SeAuditPrivilege&#13;&#10;&#9;&#9;&#9;SeSystemEnvironmentPrivilege&#13;&#10;&#9;&#9;&#9;SeImpersonatePrivilege&#13;&#10;&#9;&#9;&#9;SeDelegateSessionUserImpersonatePrivilege</Message><Level>Information</Level><Task>Special Logon</Task><Opcode>Info</Opcode><Channel>Security</Channel><Provider>Microsoft Windows security auditing.</Provider><Keywords><Keyword>Audit Success</Keyword></Keywords></RenderingInfo></Event><Event xmlns='http://schemas.microsoft.com/win/2004/08/events/event'><System><Provider Name='Microsoft-Windows-Security-Auditing' Guid='{54849625-5478-4994-a5ba-3e3b0328c30d}'/><EventID>4672</EventID><Version>0</Version><Level>0</Level><Task>12548</Task><Opcode>0</Opcode><Keywords>0x8020000000000000</Keywords><TimeCreated SystemTime='2026-02-10T19:48:22.3597044Z'/><EventRecordID>1723887</EventRecordID><Correlation ActivityID='{1469d8d3-9929-0002-01e8-69142999dc01}'/><Execution ProcessID='1232' ThreadID='2652'/><Channel>Security</Channel><Computer>Archisa</Computer><Security/></System><EventData><Data Name='SubjectUserSid'>S-1-5-18</Data><Data Name='SubjectUserName'>SYSTEM</Data><Data Name='SubjectDomainName'>NT AUTHORITY</Data><Data Name='SubjectLogonId'>0x3e7</Data><Data Name='PrivilegeList'>SeAssignPrimaryTokenPrivilege
			SeTcbPrivilege
			SeSecurityPrivilege
			SeTakeOwnershipPrivilege
			SeLoadDriverPrivilege
			SeBackupPrivilege
			SeRestorePrivilege
			SeDebugPrivilege
			SeAuditPrivilege
			SeSystemEnvironmentPrivilege
			SeImpersonatePrivilege
			SeDelegateSessionUserImpersonatePrivilege</Data></EventData><RenderingInfo Culture='en-GB'><Message>Special privileges assigned to new logon.&#13;&#10;&#13;&#10;Subject:&#13;&#10;&#9;Security ID:&#9;&#9;S-1-5-18&#13;&#10;&#9;Account Name:&#9;&#9;SYSTEM&#13;&#10;&#9;Account Domain:&#9;&#9;NT AUTHORITY&#13;&#10;&#9;Logon ID:&#9;&#9;0x3E7&#13;&#10;&#13;&#10;Privileges:&#9;&#9;SeAssignPrimaryTokenPrivilege&#13;&#10;&#9;&#9;&#9;SeTcbPrivilege&#13;&#10;&#9;&#9;&#9;SeSecurityPrivilege&#13;&#10;&#9;&#9;&#9;SeTakeOwnershipPrivilege&#13;&#10;&#9;&#9;&#9;SeLoadDriverPrivilege&#13;&#10;&#9;&#9;&#9;SeBackupPrivilege&#13;&#10;&#9;&#9;&#9;SeRestorePrivilege&#13;&#10;&#9;&#9;&#9;SeDebugPrivilege&#13;&#10;&#9;&#9;&#9;SeAuditPrivilege&#13;&#10;&#9;&#9;&#9;SeSystemEnvironmentPrivilege&#13;&#10;&#9;&#9;&#9;SeImpersonatePrivilege&#13;&#10;&#9;&#9;&#9;SeDelegateSessionUserImpersonatePrivilege</Message><Level>Information</Level><Task>Special Logon</Task><Opcode>Info</Opcode><Channel>Security</Channel><Provider>Microsoft Windows security auditing.</Provider><Keywords><Keyword>Audit Success</Keyword></Keywords></RenderingInfo></Event><Event xmlns='http://schemas.microsoft.com/win/2004/08/events/event'><System><Provider Name='Microsoft-Windows-Security-Auditing' Guid='{54849625-5478-4994-a5ba-3e3b0328c30d}'/><EventID>4672</EventID><Version>0</Version><Level>0</Level><Task>12548</Task><Opcode>0</Opcode><Keywords>0x8020000000000000</Keywords><TimeCreated SystemTime='2026-02-10T19:47:14.0633111Z'/><EventRecordID>1723885</EventRecordID><Correlation ActivityID='{1469d8d3-9929-0002-01e8-69142999dc01}'/><Execution ProcessID='1232' ThreadID='23268'/><Channel>Security</Channel><Computer>Archisa</Computer><Security/></System><EventData><Data Name='SubjectUserSid'>S-1-5-18</Data><Data Name='SubjectUserName'>SYSTEM</Data><Data Name='SubjectDomainName'>NT AUTHORITY</Data><Data Name='SubjectLogonId'>0x3e7</Data><Data Name='PrivilegeList'>SeAssignPrimaryTokenPrivilege
			SeTcbPrivilege
			SeSecurityPrivilege
			SeTakeOwnershipPrivilege
			SeLoadDriverPrivilege
			SeBackupPrivilege
			SeRestorePrivilege
			SeDebugPrivilege
			SeAuditPrivilege
			SeSystemEnvironmentPrivilege
			SeImpersonatePrivilege
			SeDelegateSessionUserImpersonatePrivilege</Data></EventData><RenderingInfo Culture='en-GB'><Message>Special privileges assigned to new logon.&#13;&#10;&#13;&#10;Subject:&#13;&#10;&#9;Security ID:&#9;&#9;S-1-5-18&#13;&#10;&#9;Account Name:&#9;&#9;SYSTEM&#13;&#10;&#9;Account Domain:&#9;&#9;NT AUTHORITY&#13;&#10;&#9;Logon ID:&#9;&#9;0x3E7&#13;&#10;&#13;&#10;Privileges:&#9;&#9;SeAssignPrimaryTokenPrivilege&#13;&#10;&#9;&#9;&#9;SeTcbPrivilege&#13;&#10;&#9;&#9;&#9;SeSecurityPrivilege&#13;&#10;&#9;&#9;&#9;SeTakeOwnershipPrivilege&#13;&#10;&#9;&#9;&#9;SeLoadDriverPrivilege&#13;&#10;&#9;&#9;&#9;SeBackupPrivilege&#13;&#10;&#9;&#9;&#9;SeRestorePrivilege&#13;&#10;&#9;&#9;&#9;SeDebugPrivilege&#13;&#10;&#9;&#9;&#9;SeAuditPrivilege&#13;&#10;&#9;&#9;&#9;SeSystemEnvironmentPrivilege&#13;&#10;&#9;&#9;&#9;SeImpersonatePrivilege&#13;&#10;&#9;&#9;&#9;SeDelegateSessionUserImpersonatePrivilege</Message><Level>Information</Level><Task>Special Logon</Task><Opcode>Info</Opcode><Channel>Security</Channel><Provider>Microsoft Windows security auditing.</Provider><Keywords><Keyword>Audit Success</Keyword></Keywords></RenderingInfo></Event><Event xmlns='http://schemas.microsoft.com/win/2004/08/events/event'><System><Provider Name='Microsoft-Windows-Security-Auditing' Guid='{54849625-5478-4994-a5ba-3e3b0328c30d}'/><EventID>4672</EventID><Version>0</Version><Level>0</Level><Task>12548</Task><Opcode>0</Opcode><Keywords>0x8020000000000000</Keywords><TimeCreated SystemTime='2026-02-10T19:45:07.7598128Z'/><EventRecordID>1723810</EventRecordID><Correlation ActivityID='{1469d8d3-9929-0002-01e8-69142999dc01}'/><Execution ProcessID='1232' ThreadID='23268'/><Channel>Security</Channel><Computer>Archisa</Computer><Security/></System><EventData><Data Name='SubjectUserSid'>S-1-5-18</Data><Data Name='SubjectUserName'>SYSTEM</Data><Data Name='SubjectDomainName'>NT AUTHORITY</Data><Data Name='SubjectLogonId'>0x3e7</Data><Data Name='PrivilegeList'>SeAssignPrimaryTokenPrivilege
			SeTcbPrivilege
			SeSecurityPrivilege
			SeTakeOwnershipPrivilege
			SeLoadDriverPrivilege
			SeBackupPrivilege
			SeRestorePrivilege
			SeDebugPrivilege
			SeAuditPrivilege
			SeSystemEnvironmentPrivilege
			SeImpersonatePrivilege
			SeDelegateSessionUserImpersonatePrivilege</Data></EventData><RenderingInfo Culture='en-GB'><Message>Special privileges assigned to new logon.&#13;&#10;&#13;&#10;Subject:&#13;&#10;&#9;Security ID:&#9;&#9;S-1-5-18&#13;&#10;&#9;Account Name:&#9;&#9;SYSTEM&#13;&#10;&#9;Account Domain:&#9;&#9;NT AUTHORITY&#13;&#10;&#9;Logon ID:&#9;&#9;0x3E7&#13;&#10;&#13;&#10;Privileges:&#9;&#9;SeAssignPrimaryTokenPrivilege&#13;&#10;&#9;&#9;&#9;SeTcbPrivilege&#13;&#10;&#9;&#9;&#9;SeSecurityPrivilege&#13;&#10;&#9;&#9;&#9;SeTakeOwnershipPrivilege&#13;&#10;&#9;&#9;&#9;SeLoadDriverPrivilege&#13;&#10;&#9;&#9;&#9;SeBackupPrivilege&#13;&#10;&#9;&#9;&#9;SeRestorePrivilege&#13;&#10;&#9;&#9;&#9;SeDebugPrivilege&#13;&#10;&#9;&#9;&#9;SeAuditPrivilege&#13;&#10;&#9;&#9;&#9;SeSystemEnvironmentPrivilege&#13;&#10;&#9;&#9;&#9;SeImpersonatePrivilege&#13;&#10;&#9;&#9;&#9;SeDelegateSessionUserImpersonatePrivilege</Message><Level>Information</Level><Task>Special Logon</Task><Opcode>Info</Opcode><Channel>Security</Channel><Provider>Microsoft Windows security auditing.</Provider><Keywords><Keyword>Audit Success</Keyword></Keywords></RenderingInfo></Event><Event xmlns='http://schemas.microsoft.com/win/2004/08/events/event'><System><Provider Name='Microsoft-Windows-Security-Auditing' Guid='{54849625-5478-4994-a5ba-3e3b0328c30d}'/><EventID>4672</EventID><Version>0</Version><Level>0</Level><Task>12548</Task><Opcode>0</Opcode><Keywords>0x8020000000000000</Keywords><TimeCreated SystemTime='2026-02-10T19:40:01.3174993Z'/><EventRecordID>1723726</EventRecordID><Correlation/><Execution ProcessID='1232' ThreadID='25244'/><Channel>Security</Channel><Computer>Archisa</Computer><Security/></System><EventData><Data Name='SubjectUserSid'>S-1-5-21-1794839122-2696800983-1176889395-1001</Data><Data Name='SubjectUserName'>archisadas20@gmail.com</Data><Data Name='SubjectDomainName'>MicrosoftAccount</Data><Data Name='SubjectLogonId'>0x3d6916a</Data><Data Name='PrivilegeList'>SeSecurityPrivilege
			SeTakeOwnershipPrivilege
			SeLoadDriverPrivilege
			SeBackupPrivilege
			SeRestorePrivilege
			SeDebugPrivilege
			SeSystemEnvironmentPrivilege
			SeImpersonatePrivilege
			SeDelegateSessionUserImpersonatePrivilege</Data></EventData><RenderingInfo Culture='en-GB'><Message>Special privileges assigned to new logon.&#13;&#10;&#13;&#10;Subject:&#13;&#10;&#9;Security ID:&#9;&#9;S-1-5-21-1794839122-2696800983-1176889395-1001&#13;&#10;&#9;Account Name:&#9;&#9;archisadas20@gmail.com&#13;&#10;&#9;Account Domain:&#9;&#9;MicrosoftAccount&#13;&#10;&#9;Logon ID:&#9;&#9;0x3D6916A&#13;&#10;&#13;&#10;Privileges:&#9;&#9;SeSecurityPrivilege&#13;&#10;&#9;&#9;&#9;SeTakeOwnershipPrivilege&#13;&#10;&#9;&#9;&#9;SeLoadDriverPrivilege&#13;&#10;&#9;&#9;&#9;SeBackupPrivilege&#13;&#10;&#9;&#9;&#9;SeRestorePrivilege&#13;&#10;&#9;&#9;&#9;SeDebugPrivilege&#13;&#10;&#9;&#9;&#9;SeSystemEnvironmentPrivilege&#13;&#10;&#9;&#9;&#9;SeImpersonatePrivilege&#13;&#10;&#9;&#9;&#9;SeDelegateSessionUserImpersonatePrivilege</Message><Level>Information</Level><Task>Special Logon</Task><Opcode>Info</Opcode><Channel>Security</Channel><Provider>Microsoft Windows security auditing.</Provider><Keywords><Keyword>Audit Success</Keyword></Keywords></RenderingInfo></Event><Event xmlns='http://schemas.microsoft.com/win/2004/08/events/event'><System><Provider Name='Microsoft-Windows-Security-Auditing' Guid='{54849625-5478-4994-a5ba-3e3b0328c30d}'/><EventID>4672</EventID><Version>0</Version><Level>0</Level><Task>12548</Task><Opcode>0</Opcode><Keywords>0x8020000000000000</Keywords><TimeCreated SystemTime='2026-02-10T19:40:01.2766315Z'/><EventRecordID>1723719</EventRecordID><Correlation ActivityID='{1469d8d3-9929-0002-01e8-69142999dc01}'/><Execution ProcessID='1232' ThreadID='17948'/><Channel>Security</Channel><Computer>Archisa</Computer><Security/></System><EventData><Data Name='SubjectUserSid'>S-1-5-21-1794839122-2696800983-1176889395-1001</Data><Data Name='SubjectUserName'>archisadas20@gmail.com</Data><Data Name='SubjectDomainName'>MicrosoftAccount</Data><Data Name='SubjectLogonId'>0x3d68586</Data><Data Name='PrivilegeList'>SeSecurityPrivilege
			SeTakeOwnershipPrivilege
			SeLoadDriverPrivilege
			SeBackupPrivilege
			SeRestorePrivilege
			SeDebugPrivilege
			SeSystemEnvironmentPrivilege
			SeImpersonatePrivilege
			SeDelegateSessionUserImpersonatePrivilege</Data></EventData><RenderingInfo Culture='en-GB'><Message>Special privileges assigned to new logon.&#13;&#10;&#13;&#10;Subject:&#13;&#10;&#9;Security ID:&#9;&#9;S-1-5-21-1794839122-2696800983-1176889395-1001&#13;&#10;&#9;Account Name:&#9;&#9;archisadas20@gmail.com&#13;&#10;&#9;Account Domain:&#9;&#9;MicrosoftAccount&#13;&#10;&#9;Logon ID:&#9;&#9;0x3D68586&#13;&#10;&#13;&#10;Privileges:&#9;&#9;SeSecurityPrivilege&#13;&#10;&#9;&#9;&#9;SeTakeOwnershipPrivilege&#13;&#10;&#9;&#9;&#9;SeLoadDriverPrivilege&#13;&#10;&#9;&#9;&#9;SeBackupPrivilege&#13;&#10;&#9;&#9;&#9;SeRestorePrivilege&#13;&#10;&#9;&#9;&#9;SeDebugPrivilege&#13;&#10;&#9;&#9;&#9;SeSystemEnvironmentPrivilege&#13;&#10;&#9;&#9;&#9;SeImpersonatePrivilege&#13;&#10;&#9;&#9;&#9;SeDelegateSessionUserImpersonatePrivilege</Message><Level>Information</Level><Task>Special Logon</Task><Opcode>Info</Opcode><Channel>Security</Channel><Provider>Microsoft Windows security auditing.</Provider><Keywords><Keyword>Audit Success</Keyword></Keywords></RenderingInfo></Event><Event xmlns='http://schemas.microsoft.com/win/2004/08/events/event'><System><Provider Name='Microsoft-Windows-Security-Auditing' Guid='{54849625-5478-4994-a5ba-3e3b0328c30d}'/><EventID>4672</EventID><Version>0</Version><Level>0</Level><Task>12548</Task><Opcode>0</Opcode><Keywords>0x8020000000000000</Keywords><TimeCreated SystemTime='2026-02-10T19:36:17.0430180Z'/><EventRecordID>1723702</EventRecordID><Correlation ActivityID='{1469d8d3-9929-0002-01e8-69142999dc01}'/><Execution ProcessID='1232' ThreadID='11940'/><Channel>Security</Channel><Computer>Archisa</Computer><Security/></System><EventData><Data Name='SubjectUserSid'>S-1-5-18</Data><Data Name='SubjectUserName'>SYSTEM</Data><Data Name='SubjectDomainName'>NT AUTHORITY</Data><Data Name='SubjectLogonId'>0x3e7</Data><Data Name='PrivilegeList'>SeAssignPrimaryTokenPrivilege
			SeTcbPrivilege
			SeSecurityPrivilege
			SeTakeOwnershipPrivilege
			SeLoadDriverPrivilege
			SeBackupPrivilege
			SeRestorePrivilege
			SeDebugPrivilege
			SeAuditPrivilege
			SeSystemEnvironmentPrivilege
			SeImpersonatePrivilege
			SeDelegateSessionUserImpersonatePrivilege</Data></EventData><RenderingInfo Culture='en-GB'><Message>Special privileges assigned to new logon.&#13;&#10;&#13;&#10;Subject:&#13;&#10;&#9;Security ID:&#9;&#9;S-1-5-18&#13;&#10;&#9;Account Name:&#9;&#9;SYSTEM&#13;&#10;&#9;Account Domain:&#9;&#9;NT AUTHORITY&#13;&#10;&#9;Logon ID:&#9;&#9;0x3E7&#13;&#10;&#13;&#10;Privileges:&#9;&#9;SeAssignPrimaryTokenPrivilege&#13;&#10;&#9;&#9;&#9;SeTcbPrivilege&#13;&#10;&#9;&#9;&#9;SeSecurityPrivilege&#13;&#10;&#9;&#9;&#9;SeTakeOwnershipPrivilege&#13;&#10;&#9;&#9;&#9;SeLoadDriverPrivilege&#13;&#10;&#9;&#9;&#9;SeBackupPrivilege&#13;&#10;&#9;&#9;&#9;SeRestorePrivilege&#13;&#10;&#9;&#9;&#9;SeDebugPrivilege&#13;&#10;&#9;&#9;&#9;SeAuditPrivilege&#13;&#10;&#9;&#9;&#9;SeSystemEnvironmentPrivilege&#13;&#10;&#9;&#9;&#9;SeImpersonatePrivilege&#13;&#10;&#9;&#9;&#9;SeDelegateSessionUserImpersonatePrivilege</Message><Level>Information</Level><Task>Special Logon</Task><Opcode>Info</Opcode><Channel>Security</Channel><Provider>Microsoft Windows security auditing.</Provider><Keywords><Keyword>Audit Success</Keyword></Keywords></RenderingInfo></Event><Event xmlns='http://schemas.microsoft.com/win/2004/08/events/event'><System><Provider Name='Microsoft-Windows-Security-Auditing' Guid='{54849625-5478-4994-a5ba-3e3b0328c30d}'/><EventID>4672</EventID><Version>0</Version><Level>0</Level><Task>12548</Task><Opcode>0</Opcode><Keywords>0x8020000000000000</Keywords><TimeCreated SystemTime='2026-02-10T19:36:16.5274478Z'/><EventRecordID>1723699</EventRecordID><Correlation ActivityID='{1469d8d3-9929-0002-01e8-69142999dc01}'/><Execution ProcessID='1232' ThreadID='2652'/><Channel>Security</Channel><Computer>Archisa</Computer><Security/></System><EventData><Data Name='SubjectUserSid'>S-1-5-18</Data><Data Name='SubjectUserName'>SYSTEM</Data><Data Name='SubjectDomainName'>NT AUTHORITY</Data><Data Name='SubjectLogonId'>0x3e7</Data><Data Name='PrivilegeList'>SeAssignPrimaryTokenPrivilege
			SeTcbPrivilege
			SeSecurityPrivilege
			SeTakeOwnershipPrivilege
			SeLoadDriverPrivilege
			SeBackupPrivilege
			SeRestorePrivilege
			SeDebugPrivilege
			SeAuditPrivilege
			SeSystemEnvironmentPrivilege
			SeImpersonatePrivilege
			SeDelegateSessionUserImpersonatePrivilege</Data></EventData><RenderingInfo Culture='en-GB'><Message>Special privileges assigned to new logon.&#13;&#10;&#13;&#10;Subject:&#13;&#10;&#9;Security ID:&#9;&#9;S-1-5-18&#13;&#10;&#9;Account Name:&#9;&#9;SYSTEM&#13;&#10;&#9;Account Domain:&#9;&#9;NT AUTHORITY&#13;&#10;&#9;Logon ID:&#9;&#9;0x3E7&#13;&#10;&#13;&#10;Privileges:&#9;&#9;SeAssignPrimaryTokenPrivilege&#13;&#10;&#9;&#9;&#9;SeTcbPrivilege&#13;&#10;&#9;&#9;&#9;SeSecurityPrivilege&#13;&#10;&#9;&#9;&#9;SeTakeOwnershipPrivilege&#13;&#10;&#9;&#9;&#9;SeLoadDriverPrivilege&#13;&#10;&#9;&#9;&#9;SeBackupPrivilege&#13;&#10;&#9;&#9;&#9;SeRestorePrivilege&#13;&#10;&#9;&#9;&#9;SeDebugPrivilege&#13;&#10;&#9;&#9;&#9;SeAuditPrivilege&#13;&#10;&#9;&#9;&#9;SeSystemEnvironmentPrivilege&#13;&#10;&#9;&#9;&#9;SeImpersonatePrivilege&#13;&#10;&#9;&#9;&#9;SeDelegateSessionUserImpersonatePrivilege</Message><Level>Information</Level><Task>Special Logon</Task><Opcode>Info</Opcode><Channel>Security</Channel><Provider>Microsoft Windows security auditing.</Provider><Keywords><Keyword>Audit Success</Keyword></Keywords></RenderingInfo></Event><Event xmlns='http://schemas.microsoft.com/win/2004/08/events/event'><System><Provider Name='Microsoft-Windows-Security-Auditing' Guid='{54849625-5478-4994-a5ba-3e3b0328c30d}'/><EventID>4672</EventID><Version>0</Version><Level>0</Level><Task>12548</Task><Opcode>0</Opcode><Keywords>0x8020000000000000</Keywords><TimeCreated SystemTime='2026-02-10T19:36:12.4974196Z'/><EventRecordID>1723697</EventRecordID><Correlation ActivityID='{1469d8d3-9929-0002-01e8-69142999dc01}'/><Execution ProcessID='1232' ThreadID='17948'/><Channel>Security</Channel><Computer>Archisa</Computer><Security/></System><EventData><Data Name='SubjectUserSid'>S-1-5-18</Data><Data Name='SubjectUserName'>SYSTEM</Data><Data Name='SubjectDomainName'>NT AUTHORITY</Data><Data Name='SubjectLogonId'>0x3e7</Data><Data Name='PrivilegeList'>SeAssignPrimaryTokenPrivilege
			SeTcbPrivilege
			SeSecurityPrivilege
			SeTakeOwnershipPrivilege
			SeLoadDriverPrivilege
			SeBackupPrivilege
			SeRestorePrivilege
			SeDebugPrivilege
			SeAuditPrivilege
			SeSystemEnvironmentPrivilege
			SeImpersonatePrivilege
			SeDelegateSessionUserImpersonatePrivilege</Data></EventData><RenderingInfo Culture='en-GB'><Message>Special privileges assigned to new logon.&#13;&#10;&#13;&#10;Subject:&#13;&#10;&#9;Security ID:&#9;&#9;S-1-5-18&#13;&#10;&#9;Account Name:&#9;&#9;SYSTEM&#13;&#10;&#9;Account Domain:&#9;&#9;NT AUTHORITY&#13;&#10;&#9;Logon ID:&#9;&#9;0x3E7&#13;&#10;&#13;&#10;Privileges:&#9;&#9;SeAssignPrimaryTokenPrivilege&#13;&#10;&#9;&#9;&#9;SeTcbPrivilege&#13;&#10;&#9;&#9;&#9;SeSecurityPrivilege&#13;&#10;&#9;&#9;&#9;SeTakeOwnershipPrivilege&#13;&#10;&#9;&#9;&#9;SeLoadDriverPrivilege&#13;&#10;&#9;&#9;&#9;SeBackupPrivilege&#13;&#10;&#9;&#9;&#9;SeRestorePrivilege&#13;&#10;&#9;&#9;&#9;SeDebugPrivilege&#13;&#10;&#9;&#9;&#9;SeAuditPrivilege&#13;&#10;&#9;&#9;&#9;SeSystemEnvironmentPrivilege&#13;&#10;&#9;&#9;&#9;SeImpersonatePrivilege&#13;&#10;&#9;&#9;&#9;SeDelegateSessionUserImpersonatePrivilege</Message><Level>Information</Level><Task>Special Logon</Task><Opcode>Info</Opcode><Channel>Security</Channel><Provider>Microsoft Windows security auditing.</Provider><Keywords><Keyword>Audit Success</Keyword></Keywords></RenderingInfo></Event><Event xmlns='http://schemas.microsoft.com/win/2004/08/events/event'><System><Provider Name='Microsoft-Windows-Security-Auditing' Guid='{54849625-5478-4994-a5ba-3e3b0328c30d}'/><EventID>4672</EventID><Version>0</Version><Level>0</Level><Task>12548</Task><Opcode>0</Opcode><Keywords>0x8020000000000000</Keywords><TimeCreated SystemTime='2026-02-10T19:34:03.7887335Z'/><EventRecordID>1723691</EventRecordID><Correlation ActivityID='{1469d8d3-9929-0002-01e8-69142999dc01}'/><Execution ProcessID='1232' ThreadID='2652'/><Channel>Security</Channel><Computer>Archisa</Computer><Security/></System><EventData><Data Name='SubjectUserSid'>S-1-5-18</Data><Data Name='SubjectUserName'>SYSTEM</Data><Data Name='SubjectDomainName'>NT AUTHORITY</Data><Data Name='SubjectLogonId'>0x3e7</Data><Data Name='PrivilegeList'>SeAssignPrimaryTokenPrivilege
			SeTcbPrivilege
			SeSecurityPrivilege
			SeTakeOwnershipPrivilege
			SeLoadDriverPrivilege
			SeBackupPrivilege
			SeRestorePrivilege
			SeDebugPrivilege
			SeAuditPrivilege
			SeSystemEnvironmentPrivilege
			SeImpersonatePrivilege
			SeDelegateSessionUserImpersonatePrivilege</Data></EventData><RenderingInfo Culture='en-GB'><Message>Special privileges assigned to new logon.&#13;&#10;&#13;&#10;Subject:&#13;&#10;&#9;Security ID:&#9;&#9;S-1-5-18&#13;&#10;&#9;Account Name:&#9;&#9;SYSTEM&#13;&#10;&#9;Account Domain:&#9;&#9;NT AUTHORITY&#13;&#10;&#9;Logon ID:&#9;&#9;0x3E7&#13;&#10;&#13;&#10;Privileges:&#9;&#9;SeAssignPrimaryTokenPrivilege&#13;&#10;&#9;&#9;&#9;SeTcbPrivilege&#13;&#10;&#9;&#9;&#9;SeSecurityPrivilege&#13;&#10;&#9;&#9;&#9;SeTakeOwnershipPrivilege&#13;&#10;&#9;&#9;&#9;SeLoadDriverPrivilege&#13;&#10;&#9;&#9;&#9;SeBackupPrivilege&#13;&#10;&#9;&#9;&#9;SeRestorePrivilege&#13;&#10;&#9;&#9;&#9;SeDebugPrivilege&#13;&#10;&#9;&#9;&#9;SeAuditPrivilege&#13;&#10;&#9;&#9;&#9;SeSystemEnvironmentPrivilege&#13;&#10;&#9;&#9;&#9;SeImpersonatePrivilege&#13;&#10;&#9;&#9;&#9;SeDelegateSessionUserImpersonatePrivilege</Message><Level>Information</Level><Task>Special Logon</Task><Opcode>Info</Opcode><Channel>Security</Channel><Provider>Microsoft Windows security auditing.</Provider><Keywords><Keyword>Audit Success</Keyword></Keywords></RenderingInfo></Event><Event xmlns='http://schemas.microsoft.com/win/2004/08/events/event'><System><Provider Name='Microsoft-Windows-Security-Auditing' Guid='{54849625-5478-4994-a5ba-3e3b0328c30d}'/><EventID>4672</EventID><Version>0</Version><Level>0</Level><Task>12548</Task><Opcode>0</Opcode><Keywords>0x8020000000000000</Keywords><TimeCreated SystemTime='2026-02-10T19:32:12.1208445Z'/><EventRecordID>1723681</EventRecordID><Correlation/><Execution ProcessID='1232' ThreadID='27492'/><Channel>Security</Channel><Computer>Archisa</Computer><Security/></System><EventData><Data Name='SubjectUserSid'>S-1-5-21-1794839122-2696800983-1176889395-1001</Data><Data Name='SubjectUserName'>archisadas20@gmail.com</Data><Data Name='SubjectDomainName'>MicrosoftAccount</Data><Data Name='SubjectLogonId'>0x3cb73c5</Data><Data Name='PrivilegeList'>SeSecurityPrivilege
			SeTakeOwnershipPrivilege
			SeLoadDriverPrivilege
			SeBackupPrivilege
			SeRestorePrivilege
			SeDebugPrivilege
			SeSystemEnvironmentPrivilege
			SeImpersonatePrivilege
			SeDelegateSessionUserImpersonatePrivilege</Data></EventData><RenderingInfo Culture='en-GB'><Message>Special privileges assigned to new logon.&#13;&#10;&#13;&#10;Subject:&#13;&#10;&#9;Security ID:&#9;&#9;S-1-5-21-1794839122-2696800983-1176889395-1001&#13;&#10;&#9;Account Name:&#9;&#9;archisadas20@gmail.com&#13;&#10;&#9;Account Domain:&#9;&#9;MicrosoftAccount&#13;&#10;&#9;Logon ID:&#9;&#9;0x3CB73C5&#13;&#10;&#13;&#10;Privileges:&#9;&#9;SeSecurityPrivilege&#13;&#10;&#9;&#9;&#9;SeTakeOwnershipPrivilege&#13;&#10;&#9;&#9;&#9;SeLoadDriverPrivilege&#13;&#10;&#9;&#9;&#9;SeBackupPrivilege&#13;&#10;&#9;&#9;&#9;SeRestorePrivilege&#13;&#10;&#9;&#9;&#9;SeDebugPrivilege&#13;&#10;&#9;&#9;&#9;SeSystemEnvironmentPrivilege&#13;&#10;&#9;&#9;&#9;SeImpersonatePrivilege&#13;&#10;&#9;&#9;&#9;SeDelegateSessionUserImpersonatePrivilege</Message><Level>Information</Level><Task>Special Logon</Task><Opcode>Info</Opcode><Channel>Security</Channel><Provider>Microsoft Windows security auditing.</Provider><Keywords><Keyword>Audit Success</Keyword></Keywords></RenderingInfo></Event><Event xmlns='http://schemas.microsoft.com/win/2004/08/events/event'><System><Provider Name='Microsoft-Windows-Security-Auditing' Guid='{54849625-5478-4994-a5ba-3e3b0328c30d}'/><EventID>4672</EventID><Version>0</Version><Level>0</Level><Task>12548</Task><Opcode>0</Opcode><Keywords>0x8020000000000000</Keywords><TimeCreated SystemTime='2026-02-10T19:32:12.0829012Z'/><EventRecordID>1723674</EventRecordID><Correlation ActivityID='{1469d8d3-9929-0002-01e8-69142999dc01}'/><Execution ProcessID='1232' ThreadID='11940'/><Channel>Security</Channel><Computer>Archisa</Computer><Security/></System><EventData><Data Name='SubjectUserSid'>S-1-5-21-1794839122-2696800983-1176889395-1001</Data><Data Name='SubjectUserName'>archisadas20@gmail.com</Data><Data Name='SubjectDomainName'>MicrosoftAccount</Data><Data Name='SubjectLogonId'>0x3cb68b6</Data><Data Name='PrivilegeList'>SeSecurityPrivilege
			SeTakeOwnershipPrivilege
			SeLoadDriverPrivilege
			SeBackupPrivilege
			SeRestorePrivilege
			SeDebugPrivilege
			SeSystemEnvironmentPrivilege
			SeImpersonatePrivilege
			SeDelegateSessionUserImpersonatePrivilege</Data></EventData><RenderingInfo Culture='en-GB'><Message>Special privileges assigned to new logon.&#13;&#10;&#13;&#10;Subject:&#13;&#10;&#9;Security ID:&#9;&#9;S-1-5-21-1794839122-2696800983-1176889395-1001&#13;&#10;&#9;Account Name:&#9;&#9;archisadas20@gmail.com&#13;&#10;&#9;Account Domain:&#9;&#9;MicrosoftAccount&#13;&#10;&#9;Logon ID:&#9;&#9;0x3CB68B6&#13;&#10;&#13;&#10;Privileges:&#9;&#9;SeSecurityPrivilege&#13;&#10;&#9;&#9;&#9;SeTakeOwnershipPrivilege&#13;&#10;&#9;&#9;&#9;SeLoadDriverPrivilege&#13;&#10;&#9;&#9;&#9;SeBackupPrivilege&#13;&#10;&#9;&#9;&#9;SeRestorePrivilege&#13;&#10;&#9;&#9;&#9;SeDebugPrivilege&#13;&#10;&#9;&#9;&#9;SeSystemEnvironmentPrivilege&#13;&#10;&#9;&#9;&#9;SeImpersonatePrivilege&#13;&#10;&#9;&#9;&#9;SeDelegateSessionUserImpersonatePrivilege</Message><Level>Information</Level><Task>Special Logon</Task><Opcode>Info</Opcode><Channel>Security</Channel><Provider>Microsoft Windows security auditing.</Provider><Keywords><Keyword>Audit Success</Keyword></Keywords></RenderingInfo></Event><Event xmlns='http://schemas.microsoft.com/win/2004/08/events/event'><System><Provider Name='Microsoft-Windows-Security-Auditing' Guid='{54849625-5478-4994-a5ba-3e3b0328c30d}'/><EventID>4672</EventID><Version>0</Version><Level>0</Level><Task>12548</Task><Opcode>0</Opcode><Keywords>0x8020000000000000</Keywords><TimeCreated SystemTime='2026-02-10T19:32:09.6892201Z'/><EventRecordID>1723662</EventRecordID><Correlation ActivityID='{1469d8d3-9929-0002-01e8-69142999dc01}'/><Execution ProcessID='1232' ThreadID='2652'/><Channel>Security</Channel><Computer>Archisa</Computer><Security/></System><EventData><Data Name='SubjectUserSid'>S-1-5-18</Data><Data Name='SubjectUserName'>SYSTEM</Data><Data Name='SubjectDomainName'>NT AUTHORITY</Data><Data Name='SubjectLogonId'>0x3e7</Data><Data Name='PrivilegeList'>SeAssignPrimaryTokenPrivilege
			SeTcbPrivilege
			SeSecurityPrivilege
			SeTakeOwnershipPrivilege
			SeLoadDriverPrivilege
			SeBackupPrivilege
			SeRestorePrivilege
			SeDebugPrivilege
			SeAuditPrivilege
			SeSystemEnvironmentPrivilege
			SeImpersonatePrivilege
			SeDelegateSessionUserImpersonatePrivilege</Data></EventData><RenderingInfo Culture='en-GB'><Message>Special privileges assigned to new logon.&#13;&#10;&#13;&#10;Subject:&#13;&#10;&#9;Security ID:&#9;&#9;S-1-5-18&#13;&#10;&#9;Account Name:&#9;&#9;SYSTEM&#13;&#10;&#9;Account Domain:&#9;&#9;NT AUTHORITY&#13;&#10;&#9;Logon ID:&#9;&#9;0x3E7&#13;&#10;&#13;&#10;Privileges:&#9;&#9;SeAssignPrimaryTokenPrivilege&#13;&#10;&#9;&#9;&#9;SeTcbPrivilege&#13;&#10;&#9;&#9;&#9;SeSecurityPrivilege&#13;&#10;&#9;&#9;&#9;SeTakeOwnershipPrivilege&#13;&#10;&#9;&#9;&#9;SeLoadDriverPrivilege&#13;&#10;&#9;&#9;&#9;SeBackupPrivilege&#13;&#10;&#9;&#9;&#9;SeRestorePrivilege&#13;&#10;&#9;&#9;&#9;SeDebugPrivilege&#13;&#10;&#9;&#9;&#9;SeAuditPrivilege&#13;&#10;&#9;&#9;&#9;SeSystemEnvironmentPrivilege&#13;&#10;&#9;&#9;&#9;SeImpersonatePrivilege&#13;&#10;&#9;&#9;&#9;SeDelegateSessionUserImpersonatePrivilege</Message><Level>Information</Level><Task>Special Logon</Task><Opcode>Info</Opcode><Channel>Security</Channel><Provider>Microsoft Windows security auditing.</Provider><Keywords><Keyword>Audit Success</Keyword></Keywords></RenderingInfo></Event><Event xmlns='http://schemas.microsoft.com/win/2004/08/events/event'><System><Provider Name='Microsoft-Windows-Security-Auditing' Guid='{54849625-5478-4994-a5ba-3e3b0328c30d}'/><EventID>4672</EventID><Version>0</Version><Level>0</Level><Task>12548</Task><Opcode>0</Opcode><Keywords>0x8020000000000000</Keywords><TimeCreated SystemTime='2026-02-10T19:31:24.0028697Z'/><EventRecordID>1723659</EventRecordID><Correlation ActivityID='{1469d8d3-9929-0002-01e8-69142999dc01}'/><Execution ProcessID='1232' ThreadID='21336'/><Channel>Security</Channel><Computer>Archisa</Computer><Security/></System><EventData><Data Name='SubjectUserSid'>S-1-5-18</Data><Data Name='SubjectUserName'>SYSTEM</Data><Data Name='SubjectDomainName'>NT AUTHORITY</Data><Data Name='SubjectLogonId'>0x3e7</Data><Data Name='PrivilegeList'>SeAssignPrimaryTokenPrivilege
			SeTcbPrivilege
			SeSecurityPrivilege
			SeTakeOwnershipPrivilege
			SeLoadDriverPrivilege
			SeBackupPrivilege
			SeRestorePrivilege
			SeDebugPrivilege
			SeAuditPrivilege
			SeSystemEnvironmentPrivilege
			SeImpersonatePrivilege
			SeDelegateSessionUserImpersonatePrivilege</Data></EventData><RenderingInfo Culture='en-GB'><Message>Special privileges assigned to new logon.&#13;&#10;&#13;&#10;Subject:&#13;&#10;&#9;Security ID:&#9;&#9;S-1-5-18&#13;&#10;&#9;Account Name:&#9;&#9;SYSTEM&#13;&#10;&#9;Account Domain:&#9;&#9;NT AUTHORITY&#13;&#10;&#9;Logon ID:&#9;&#9;0x3E7&#13;&#10;&#13;&#10;Privileges:&#9;&#9;SeAssignPrimaryTokenPrivilege&#13;&#10;&#9;&#9;&#9;SeTcbPrivilege&#13;&#10;&#9;&#9;&#9;SeSecurityPrivilege&#13;&#10;&#9;&#9;&#9;SeTakeOwnershipPrivilege&#13;&#10;&#9;&#9;&#9;SeLoadDriverPrivilege&#13;&#10;&#9;&#9;&#9;SeBackupPrivilege&#13;&#10;&#9;&#9;&#9;SeRestorePrivilege&#13;&#10;&#9;&#9;&#9;SeDebugPrivilege&#13;&#10;&#9;&#9;&#9;SeAuditPrivilege&#13;&#10;&#9;&#9;&#9;SeSystemEnvironmentPrivilege&#13;&#10;&#9;&#9;&#9;SeImpersonatePrivilege&#13;&#10;&#9;&#9;&#9;SeDelegateSessionUserImpersonatePrivilege</Message><Level>Information</Level><Task>Special Logon</Task><Opcode>Info</Opcode><Channel>Security</Channel><Provider>Microsoft Windows security auditing.</Provider><Keywords><Keyword>Audit Success</Keyword></Keywords></RenderingInfo></Event><Event xmlns='http://schemas.microsoft.com/win/2004/08/events/event'><System><Provider Name='Microsoft-Windows-Security-Auditing' Guid='{54849625-5478-4994-a5ba-3e3b0328c30d}'/><EventID>4672</EventID><Version>0</Version><Level>0</Level><Task>12548</Task><Opcode>0</Opcode><Keywords>0x8020000000000000</Keywords><TimeCreated SystemTime='2026-02-10T19:31:23.6134578Z'/><EventRecordID>1723656</EventRecordID><Correlation ActivityID='{1469d8d3-9929-0002-01e8-69142999dc01}'/><Execution ProcessID='1232' ThreadID='2652'/><Channel>Security</Channel><Computer>Archisa</Computer><Security/></System><EventData><Data Name='SubjectUserSid'>S-1-5-18</Data><Data Name='SubjectUserName'>SYSTEM</Data><Data Name='SubjectDomainName'>NT AUTHORITY</Data><Data Name='SubjectLogonId'>0x3e7</Data><Data Name='PrivilegeList'>SeAssignPrimaryTokenPrivilege
			SeTcbPrivilege
			SeSecurityPrivilege
			SeTakeOwnershipPrivilege
			SeLoadDriverPrivilege
			SeBackupPrivilege
			SeRestorePrivilege
			SeDebugPrivilege
			SeAuditPrivilege
			SeSystemEnvironmentPrivilege
			SeImpersonatePrivilege
			SeDelegateSessionUserImpersonatePrivilege</Data></EventData><RenderingInfo Culture='en-GB'><Message>Special privileges assigned to new logon.&#13;&#10;&#13;&#10;Subject:&#13;&#10;&#9;Security ID:&#9;&#9;S-1-5-18&#13;&#10;&#9;Account Name:&#9;&#9;SYSTEM&#13;&#10;&#9;Account Domain:&#9;&#9;NT AUTHORITY&#13;&#10;&#9;Logon ID:&#9;&#9;0x3E7&#13;&#10;&#13;&#10;Privileges:&#9;&#9;SeAssignPrimaryTokenPrivilege&#13;&#10;&#9;&#9;&#9;SeTcbPrivilege&#13;&#10;&#9;&#9;&#9;SeSecurityPrivilege&#13;&#10;&#9;&#9;&#9;SeTakeOwnershipPrivilege&#13;&#10;&#9;&#9;&#9;SeLoadDriverPrivilege&#13;&#10;&#9;&#9;&#9;SeBackupPrivilege&#13;&#10;&#9;&#9;&#9;SeRestorePrivilege&#13;&#10;&#9;&#9;&#9;SeDebugPrivilege&#13;&#10;&#9;&#9;&#9;SeAuditPrivilege&#13;&#10;&#9;&#9;&#9;SeSystemEnvironmentPrivilege&#13;&#10;&#9;&#9;&#9;SeImpersonatePrivilege&#13;&#10;&#9;&#9;&#9;SeDelegateSessionUserImpersonatePrivilege</Message><Level>Information</Level><Task>Special Logon</Task><Opcode>Info</Opcode><Channel>Security</Channel><Provider>Microsoft Windows security auditing.</Provider><Keywords><Keyword>Audit Success</Keyword></Keywords></RenderingInfo></Event><Event xmlns='http://schemas.microsoft.com/win/2004/08/events/event'><System><Provider Name='Microsoft-Windows-Security-Auditing' Guid='{54849625-5478-4994-a5ba-3e3b0328c30d}'/><EventID>4672</EventID><Version>0</Version><Level>0</Level><Task>12548</Task><Opcode>0</Opcode><Keywords>0x8020000000000000</Keywords><TimeCreated SystemTime='2026-02-10T19:31:19.1938078Z'/><EventRecordID>1723654</EventRecordID><Correlation ActivityID='{1469d8d3-9929-0002-01e8-69142999dc01}'/><Execution ProcessID='1232' ThreadID='2652'/><Channel>Security</Channel><Computer>Archisa</Computer><Security/></System><EventData><Data Name='SubjectUserSid'>S-1-5-18</Data><Data Name='SubjectUserName'>SYSTEM</Data><Data Name='SubjectDomainName'>NT AUTHORITY</Data><Data Name='SubjectLogonId'>0x3e7</Data><Data Name='PrivilegeList'>SeAssignPrimaryTokenPrivilege
			SeTcbPrivilege
			SeSecurityPrivilege
			SeTakeOwnershipPrivilege
			SeLoadDriverPrivilege
			SeBackupPrivilege
			SeRestorePrivilege
			SeDebugPrivilege
			SeAuditPrivilege
			SeSystemEnvironmentPrivilege
			SeImpersonatePrivilege
			SeDelegateSessionUserImpersonatePrivilege</Data></EventData><RenderingInfo Culture='en-GB'><Message>Special privileges assigned to new logon.&#13;&#10;&#13;&#10;Subject:&#13;&#10;&#9;Security ID:&#9;&#9;S-1-5-18&#13;&#10;&#9;Account Name:&#9;&#9;SYSTEM&#13;&#10;&#9;Account Domain:&#9;&#9;NT AUTHORITY&#13;&#10;&#9;Logon ID:&#9;&#9;0x3E7&#13;&#10;&#13;&#10;Privileges:&#9;&#9;SeAssignPrimaryTokenPrivilege&#13;&#10;&#9;&#9;&#9;SeTcbPrivilege&#13;&#10;&#9;&#9;&#9;SeSecurityPrivilege&#13;&#10;&#9;&#9;&#9;SeTakeOwnershipPrivilege&#13;&#10;&#9;&#9;&#9;SeLoadDriverPrivilege&#13;&#10;&#9;&#9;&#9;SeBackupPrivilege&#13;&#10;&#9;&#9;&#9;SeRestorePrivilege&#13;&#10;&#9;&#9;&#9;SeDebugPrivilege&#13;&#10;&#9;&#9;&#9;SeAuditPrivilege&#13;&#10;&#9;&#9;&#9;SeSystemEnvironmentPrivilege&#13;&#10;&#9;&#9;&#9;SeImpersonatePrivilege&#13;&#10;&#9;&#9;&#9;SeDelegateSessionUserImpersonatePrivilege</Message><Level>Information</Level><Task>Special Logon</Task><Opcode>Info</Opcode><Channel>Security</Channel><Provider>Microsoft Windows security auditing.</Provider><Keywords><Keyword>Audit Success</Keyword></Keywords></RenderingInfo></Event><Event xmlns='http://schemas.microsoft.com/win/2004/08/events/event'><System><Provider Name='Microsoft-Windows-Security-Auditing' Guid='{54849625-5478-4994-a5ba-3e3b0328c30d}'/><EventID>4672</EventID><Version>0</Version><Level>0</Level><Task>12548</Task><Opcode>0</Opcode><Keywords>0x8020000000000000</Keywords><TimeCreated SystemTime='2026-02-10T19:27:59.2743705Z'/><EventRecordID>1723644</EventRecordID><Correlation ActivityID='{1469d8d3-9929-0002-01e8-69142999dc01}'/><Execution ProcessID='1232' ThreadID='21364'/><Channel>Security</Channel><Computer>Archisa</Computer><Security/></System><EventData><Data Name='SubjectUserSid'>S-1-5-18</Data><Data Name='SubjectUserName'>SYSTEM</Data><Data Name='SubjectDomainName'>NT AUTHORITY</Data><Data Name='SubjectLogonId'>0x3e7</Data><Data Name='PrivilegeList'>SeAssignPrimaryTokenPrivilege
			SeTcbPrivilege
			SeSecurityPrivilege
			SeTakeOwnershipPrivilege
			SeLoadDriverPrivilege
			SeBackupPrivilege
			SeRestorePrivilege
			SeDebugPrivilege
			SeAuditPrivilege
			SeSystemEnvironmentPrivilege
			SeImpersonatePrivilege
			SeDelegateSessionUserImpersonatePrivilege</Data></EventData><RenderingInfo Culture='en-GB'><Message>Special privileges assigned to new logon.&#13;&#10;&#13;&#10;Subject:&#13;&#10;&#9;Security ID:&#9;&#9;S-1-5-18&#13;&#10;&#9;Account Name:&#9;&#9;SYSTEM&#13;&#10;&#9;Account Domain:&#9;&#9;NT AUTHORITY&#13;&#10;&#9;Logon ID:&#9;&#9;0x3E7&#13;&#10;&#13;&#10;Privileges:&#9;&#9;SeAssignPrimaryTokenPrivilege&#13;&#10;&#9;&#9;&#9;SeTcbPrivilege&#13;&#10;&#9;&#9;&#9;SeSecurityPrivilege&#13;&#10;&#9;&#9;&#9;SeTakeOwnershipPrivilege&#13;&#10;&#9;&#9;&#9;SeLoadDriverPrivilege&#13;&#10;&#9;&#9;&#9;SeBackupPrivilege&#13;&#10;&#9;&#9;&#9;SeRestorePrivilege&#13;&#10;&#9;&#9;&#9;SeDebugPrivilege&#13;&#10;&#9;&#9;&#9;SeAuditPrivilege&#13;&#10;&#9;&#9;&#9;SeSystemEnvironmentPrivilege&#13;&#10;&#9;&#9;&#9;SeImpersonatePrivilege&#13;&#10;&#9;&#9;&#9;SeDelegateSessionUserImpersonatePrivilege</Message><Level>Information</Level><Task>Special Logon</Task><Opcode>Info</Opcode><Channel>Security</Channel><Provider>Microsoft Windows security auditing.</Provider><Keywords><Keyword>Audit Success</Keyword></Keywords></RenderingInfo></Event>